10942
22698
59711
60957
60975
62811
77335
83519
84595
109280
131711
133675
138536
152124
156238
158974
159367
160215
167221
176809
197217
202047
225442
246326
255759
264610
264899
269902
272718
288835
297607
301504
308024
317185
321099
339010
353039
377670
384544
386397
390371
407412
409798
409898
433224
453121
454841
465762
469214
472702
473937
478240
499447
508479
528032
534774
541142
555729
569328
585939
595340
595485
596472
604224
605604
606727
612845
623820
624337
637050
646817
651373
652596
693236
716419
716669
722991
727115
728657
729848
731921
735269
744461
782256
790368
791676
792505
848516
874117
878970
881017
884962
891210
894889
902970
903252
906160
915932
927166
943089
948278
952647
963013
967891
968388
1004192
1025900
1036954
1057056
1075690
1083424
1087796
1090357
1094793
1104368
1105292
1146327
1146814
1149012
1181523
1182773
1191509
1201515
1202137
1205916
1213589
1218113
1288499
1288815
1289455
1299193
1319656
1325011
1337014
1339387
1353536
1354954
1381930
1383549
1386111
1401624
1401807
1448166
1466647
1470491
1471538
1498604
1516097
1539348
1542455
1547373
1556233
1558905
1569373
1587245
1599644
1614122
1615030
1624514
1682845
1707438
1723464
1763811
1830601
1832742
1843680
1881903
1889072
1902386
1905641
1911946
1913048
1915245
1916509
1924329
1928634
1930380
1972038
1987532
1987965
2001463
2005222
2040242
2045824
2076033
2089461
2112275
2116176
2133917
2140158
2170933
2175530
2177252
2179723
2201987
2216427
2219735
2223620
2229147
2231273
2231725
2254659
2254985
2289829
2300255
2316947
2371824
2378435
2395697
2396961
2406320
2422481
2424171
2441490
2450233
2466795
2491712
2493980
2537820
2540092
2541013
2555030
2589217
2599131
2601305
2601596
2605404
2613836
2616184
2629700
2631616
2632313
2636858
2684883
2686413
2693208
2704255
2749330
2754315
2766324
2777454
2795090
2817410
2848665
2857277
2877131
2883879
2886507
2898028
2906205
2912915
2915203
2944012
2952260
2975669
3008523
3037310
3100711
3124536
3133647
3139845
3160448
3169363
3173913
3193191
3193403
3216477
3226707
3249799
3251683
3256235
3268729
3286644
3308550
3321332
3345923
3349792
3350558
3358562
3386750
3395778
3397786
3408864
3422542
3423471
3441288
3441501
3457574
3467405
3472582
3487569
3489246
3520576
3521373
3556292
3587370
3591372
3598285
3617340
3625728
3634381
3636711
3637245
3667402
3687710
3699227
3703147
3703754
3719345
3721764
3725878
3732969
3756770
3761432
3764391
3798893
3801084
3804509
3823004
3824551
3836711
3840267
3849875
3853718
3867747
3897469
3913141
3933494
3960548
3979485
3983989
4004125
4004985
4006907
4011128
4030430
4033128
4042757
4045513
4045562
4047707
4064775
4065132
4067983
4068208
4083323
4097882
4100033
4112714
4116926
4119747
4128026
4128634
4140884
4161856
4173553
4196509
4199106
4225088
4240126
4247006
4251478
4261413
4283472
4286620
4307775
4310608
4312357
4320083
4322599
4345361
4357008
4376751
4389632
4424506
4426812
4440058
4442563
4450327
4452741
4456908
4478935
4479608
4499137
4525318
4531143
4537273
4565188
4585975
4595877
4597093
4605281
4611608
4622720
4631611
4668602
4670340
4673541
4674314
4674459
4684101
4694694
4749281
4751731
4756856
4761620
4772100
4779564
4785848
4787238
4790013
4795640
4801500
4807690
4811971
4817627
4836079
4869042
4879976
4881321
4892953
4899162
4901632
4925840
4941526
4951192
4955089
4957553
4962626
5012061
5076185
5087623
5111651
5117495
5124922
5133010
5136552
5151713
5152219
5166322
5167843
5168708
5180979
5202269
5221309
5223784
5227319
5232172
5250098
5254023
5265233
5268397
5274631
5291956
5299648
5315074
5335078
5362923
5364909
5371598
5376347
5378718
5391405
5394004
5416234
5424424
5435906
5449191
5456189
5461723
5465157
5469111
5482181
5533277
5545896
5583217
5594356
5636342
5659871
5665415
5677482
5680744
5682004
5707886
5718412
5736601
5750883
5751710
5755145
5760337
5762424
5766664
5771294
5798016
5799781
5824427
5857185
5870850
5872114
5881077
5911668
5911782
5914289
5931978
5933091
5935964
5959841
5965382
5976593
5986066
6042268
6048614
6060405
6073935
6086822
6101666
6123882
6130094
6146019
6151610
6173289
6208922
6211184
6211986
6223722
6228466
6231527
6245390
6251800
6263122
6266195
6272656
6275733
6276534
6289051
6315778
6334219
6357785
6360497
6387169
6400240
6419225
6420191
6443169
6447837
6453988
6459643
6470326
6471045
6474393
6483704
6508135
6510095
6514667
6559307
6593309
6646461
6659855
6670788
6677151
6684984
6699440
6708564
6708886
6709483
6719817
6722818
6724701
6725357
6725729
6728703
6732485
6754604
6759502
6763897
6768959
6771451
6786232
6812845
6819699
6824948
6862826
6904205
6933149
6945618
6965522
6973522
7033075
7033651
7035411
7040797
7047300
7056241
7056265
7056341
7065755
7083280
7096969
7118799
7123220
7130700
7165028
7176814
7203783
7222032
7233416
7247930
7251570
7253275
7268373
7275217
7276651
7307986
7337020
7349690
7366687
7376299
7390812
7393138
7400086
7404010
7418277
7429543
7451448
7452688
7458976
7459875
7463914
7469707
7476566
7476748
7482479
7486922
7505474
7512153
7535178
7551551
7580695
7585029
7609815
7625542
7637648
7638499
7656030
7660963
7661358
7665200
7668975
7670269
7681163
7690367
7694027
7703590
7716535
7720943
7721340
7725119
7733709
7737815
7738458
7749394
7751125
7770960
7783152
7788345
7791154
7792561
7797186
7799491
7804656
7810721
7819890
7829703
7844124
7854084
7858544
7861399
7865482
7868979
7873179
7875227
7877509
7894991
7899386
7900390
7906327
7930699
7947037
7952438
7966580
7971921
7986684
8039259
8076704
8079510
8094265
8094537
8098186
8102632
8120703
8123241
8131077
8132902
8134383
8140054
8146697
8149077
8174292
8183504
8194253
8220280
8242496
8244856
8253579
8284324
8298903
8300304
8306408
8317061
8323249
8329584
8342162
8386489
8389579
8393769
8401518
8408366
8409775
8423705
8453359
8460352
8464526
8473666
8476795
8489163
8497205
8522882
8525795
8535426
8535901
8538297
8559724
8573475
8575233
8588387
8642035
8646766
8664278
8667342
8692516
8706488
8710423
8744760
8760133
8773295
8774579
8776915
8782844
8816200
8827121
8832140
8836850
8837681
8873025
8886543
8900180
8919156
8919885
8920977
8924532
8929530
8930579
8943188
8952206
8958106
8964309
8974382
9002215
9052020
9055204
9057311
9064521
9074868
9074912
9083314
9105776
9106562
9108196
9108222
9113999
9140977
9149069
9150806
9166022
9167892
9172959
9176025
9202652
9210627
9235069
9247452
9292736
9295827
9315149
9344449
9353095
9365561
9367982
9371559
9374313
9394034
9411613
9420386
9422393
9427587
9429895
9434393
9438595
9452664
9458635
9496214
9518717
9536876
9546792
9564595
9605289
9610808
9636117
9640065
9644427
9655471
9657475
9661690
9667856
9703678
9714789
9721543
9760719
9799249
9807845
9814382
9822298
9852473
9853985
9862884
9867254
9874462
9887209
9888471
9889513
9896051
9908336
9941376
9948050
9954075
9980774
9993422
10015519
10025109
10039985
10087225
10101389
10109106
10121711
10141991
10143072
10151597
10154798
10155624
10163818
10168163
10181346
10197218
10207127
10208950
10222337
10224164
10226583
10227955
10247051
10250402
10251793
10258016
10264946
10266109
10267742
10268334
10287387
10290180
10325794
10342995
10370453
10376143
10395067
10402028
10402130
10409764
10410202
10421810
10423080
10425032
10444248
10468674
10469477
10489853
10501222
10522815
10534101
10542316
10547510
10553957
10557629
10558943
10559141
10567499
10589757
10641423
10644920
10654778
10659369
10674588
10674661
10681331
10685043
10686385
10700637
10713803
10716100
10726929
10761362
10768392
10772208
10787749
10805834
10833778
10834649
10851133
10851948
10867498
10880775
10913725
10920514
10932675
10950629
10965589
10969107
10991409
10994375
11004251
11038464
11044010
11053756
11054388
11075363
11079352
11087391
11101450
11102654
11104454
11108195
11111214
11123042
11215780
11217764
11223376
11235085
11241854
11310850
11316909
11318843
11320465
11349452
11379705
11381844
11382002
11392385
11397675
11409968
11419219
11424915
11460050
11485348
11492505
11501155
11512709
11524380
11532285
11533951
11537274
11538314
11542828
11572122
11575261
11593802
11601328
11611162
11613394
11613790
11620320
11643758
11659505
11666302
11669778
11675551
11676873
11682521
11694696
11710718
11743938
11745656
11749630
11762984
11763740
11765264
11768019
11807495
11811848
11827505
11828252
11851447
11892413
11905730
11907847
11909084
11916038
11935783
11952629
11960777
11961283
11989682
12002577
12004692
12005768
12011998
12024671
12031877
12040052
12041194
12046451
12067774
12086677
12100677
12193548
12204284
12214649
12224649
12246492
12249757
12290682
12301553
12349464
12363755
12364927
12365536
12366825
12385272
12434081
12445619
12446111
12462029
12490462
12492349
12494037
12495815
12497273
12535616
12537190
12539747
12559246
12568048
12581108
12634560
12645750
12650529
12652316
12653384
12658716
12666437
12667454
12695291
12718567
12726685
12773824
12798895
12802899
12809498
12839590
12866280
12868327
12882728
12898514
12907339
12908717
12910039
12916648
12945698
12970741
12976853
12980320
13003134
13023315
13061559
13068143
13078823
13089098
13091229
13092576
13120993
13123449
13129139
13142342
13145494
13178673
13189105
13195222
13208392
13210769
13215877
13239323
13241701
13244054
13255202
13260320
13291472
13300552
13300842
13352035
13360844
13364935
13379108
13382799
13387312
13387743
13404993
13407196
13412646
13418608
13422833
13440738
13455398
13460451
13464962
13482421
13483115
13498885
13500867
13510126
13532540
13542945
13589456
13593738
13605098
13619734
13629150
13632072
13683857
13693417
13694252
13712071
13729294
13731519
13746700
13749836
13756278
13760513
13767031
13768561
13773900
13782864
13802026
13809894
13811862
13819731
13824541
13830231
13839571
13840141
13844913
13845172
13898380
13907106
13913665
13917425
13949514
13954913
13966053
13967096
13972391
13975133
13991108
14016873
14029245
14032125
14071811
14074293
14089212
14089526
14098882
14109095
14131556
14142207
14156298
14160282
14195094
14214510
14219585
14224356
14238334
14239754
14244863
14274629
14296014
14298434
14301302
14324532
14331552
14351866
14370052
14409544
14424292
14429327
14433399
14442096
14481378
14488856
14496408
14522500
14524350
14530038
14540358
14541211
14556961
14566521
14568287
14571482
14571532
14580039
14583301
14599487
14600262
14614988
14638617
14641645
14645267
14649595
14675459
14682617
14686423
14696533
14716861
14730620
14767148
14779381
14781022
14797032
14800295
14801003
14801388
14812561
14821200
14832492
14839683
14840500
14859982
14865381
14875179
14876302
14879348
14880092
14883882
14885852
14896662
14901224
14902283
14911040
14924653
14924977
14930115
14934977
14935665
14943564
14945927
14948691
14963079
14967209
14969613
14986100
14986185
14988236
15006367
15014600
15040644
15042367
15045870
15050884
15067226
15081163
15093105
15098375
15112796
15137282
15137878
15143848
15145808
15147225
15148065
15148857
15149956
15164364
15183582
15201167
15214904
15222389
15222462
15263007
15263043
15263494
15277020
15278718
15282914
15289559
15315070
15319164
15320444
15323804
15338013
15339994
15346590
15350537
15353756
15357725
15363420
15366194
15367870
15369375
15414531
15418668
15418705
15425977
15447195
15463227
15466798
15470963
15490251
15495577
15503797
15547794
15549218
15561399
15562290
15568135
15581711
15607813
15609986
15617148
15639098
15639254
15653097
15674599
15694005
15703127
15703690
15712904
15714408
15732826
15756021
15769373
15843369
15881906
15887838
15929817
15936058
15936554
15938006
15959941
15963698
15965073
15965719
15967074
15967578
15977215
15980115
15981893
15983010
15996386
16015722
16019182
16040495
16045354
16052941
16081822
16086661
16087814
16097775
16100653
16120477
16122793
16128050
16151490
16163076
16170240
16176861
16190471
16195773
16223561
16223899
16239388
16245893
16252521
16279495
16293449
16293573
16293955
16319913
16377446
16390060
16395277
16402535
16421261
16511352
16537526
16580988
16591915
16603946
16613857
16625344
16637003
16647246
16671987
16682370
16695265
16695970
16718315
16734535
16740889
16766334
16787576
16795987
16796275
16796413
16799230
16803346
16813764
16813801
16814029
16816637
16857376
16874219
16879707
16882446
16914626
16927100
16930391
16931272
16932410
16952249
16974686
16990002
17020293
17028901
17031353
17031617
17035267
17076605
17082863
17083523
17084938
17090933
17096258
17100851
17110209
17119639
17120311
17129988
17134631
17150371
17168934
17188098
17195729
17214614
17218276
17226109
17239086
17250265
17269954
17275501
17275874
17287584
17300705
17325906
17327556
17338364
17349781
17355866
17366819
17372155
17394799
17397035
17410599
17426537
17427845
17428308
17429404
17434013
17455844
17460057
17481364
17499933
17501695
17507164
17516876
17517173
17525485
17542885
17550957
17557554
17569455
17571905
17576876
17580140
17591176
17602113
17631240
17647953
17649637
17688442
17699718
17706598
17707205
17715939
17718662
17727383
17728253
17745418
17751439
17757872
17786457
17811517
17832152
17834593
17835886
17841002
17843359
17848183
17853718
17862251
17872772
17876307
17886342
17891382
17893771
17914648
17924819
17925876
17933026
17959156
17980143
17982785
17989594
17991732
17994438
18000304
18000493
18014796
18030239
18057931
18058942
18062688
18063373
18074227
18113633
18114682
18120894
18139488
18144390
18146043
18152036
18208094
18225842
18250161
18258742
18269971
18273467
18279572
18291403
18301699
18306538
18308249
18319328
18331335
18331506
18356501
18357863
18360665
18400943
18419657
18428323
18429149
18438270
18441616
18457782
18468548
18478203
18490368
18504118
18517739
18518010
18526392
18535852
18557271
18562363
18566928
18590855
18601657
18612224
18614395
18643981
18649145
18656394
18668664
18669634
18682451
18703214
18725883
18728362
18743567
18746266
18748928
18752823
18756694
18774853
18775036
18794634
18797390
18802375
18810958
18823154
18841025
18841792
18862267
18868730
18905973
18911027
18925805
18929613
18940789
18952912
18960025
18964638
18966802
18969815
18987338
18989226
19000101
19003575
19018700
19025926
19038848
19068626
19070441
19091435
19109538
19121615
19126224
19132787
19134650
19146743
19155005
19172487
19186015
19186615
19214897
19221602
19233551
19276504
19295564
19299645
19301741
19333784
19349823
19351204
19356331
19372821
19404998
19407118
19409002
19411561
19411701
19436916
19442773
19451362
19453768
19460737
19473488
19503139
19511484
19519725
19566177
19585799
19588114
19588830
19591828
19594629
19609243
19628474
19723675
19728360
19729312
19730986
19739434
19743167
19750513
19759663
19760576
19763732
19766730
19830644
19839609
19854726
19857122
19863869
19865510
19880406
19883501
19887258
19889425
19889878
19916649
19926643
19933868
19981318
19992414
20016151
20022337
20029138
20033246
20038162
20049863
20059599
20074098
20093702
20102765
20112014
20157737
20178848
20192935
20196532
20198016
20210038
20212283
20236789
20242254
20246309
20283621
20299077
20301657
20307907
20309059
20318300
20326638
20333942
20336935
20358372
20399581
20404782
20417502
20419190
20437704
20465389
20503747
20516054
20520050
20523422
20529643
20536087
20550476
20559155
20568123
20568737
20571256
20572829
20577914
20592617
20598629
20601826
20610703
20628726
20635617
20638956
20657546
20667974
20683828
20686245
20689310
20701521
20703509
20705606
20705609
20717035
20724815
20731607
20736598
20739070
20739715
20745328
20745897
20750813
20757828
20765178
20772047
20806453
20808147
20815174
20821301
20832099
20832214
20852613
20874842
20883099
20903526
20919226
20938150
20942745
20977676
20979573
20985260
21010371
21026259
21028303
21033597
21045244
21054199
21059907
21064120
21072749
21075521
21090168
21091253
21098167
21122106
21139921
21144731
21161251
21174873
21186083
21194339
21230974
21237632
21251436
21252317
21273482
21274724
21275676
21278809
21288099
21302668
21320887
21337600
21357964
21374297
21374916
21376938
21382555
21403483
21407271
21413692
21434551
21463174
21488785
21496444
21507543
21547375
21571889
21573860
21583471
21584354
21597744
21626181
21627301
21627373
21632032
21640382
21648146
21649676
21651357
21662366
21678680
21683638
21689779
21700976
21700983
21702154
21715281
21718701
21732629
21739381
21748485
21767894
21770066
21772836
21775804
21778109
21803590
21818751
21827081
21854048
21855076
21863976
21874568
21880585
21891147
21927563
21935877
21978723
21978869
21980479
22009927
22028888
22047998
22068923
22084630
22094526
22096990
22140093
22153702
22164210
22171385
22199260
22230854
22233882
22248695
22255058
22259981
22260744
22268427
22268617
22290327
22295225
22330251
22338446
22353247
22375847
22393683
22397981
22414213
22434951
22442003
22462588
22494437
22502778
22532490
22534733
22550179
22565667
22570679
22577685
22591333
22596365
22597906
22603192
22605891
22629264
22635932
22636827
22663224
22673872
22687803
22691576
22702630
22707352
22712965
22732770
22738118
22741128
22755034
22771587
22787106
22795184
22803448
22816349
22838456
22844621
22850055
22850855
22855960
22867548
22868098
22878025
22887520
22928453
22942446
22988204
22995286
23007661
23015973
23024412
23044055
23059741
23059897
23076737
23104494
23105320
23107350
23114984
23121857
23172887
23173400
23178783
23184066
23200429
23218264
23221685
23228826
23236292
23243371
23281648
23285573
23299240
23299869
23312839
23330424
23339750
23339766
23350869
23360137
23363989
23384914
23385660
23389088
23399057
23400889
23402724
23406232
23407953
23410891
23411419
23416679
23417605
23438688
23502772
23512480
23536939
23543397
23549907
23561327
23570772
23570997
23588335
23588913
23593265
23594652
23607716
23607859
23647347
23664732
23673581
23680879
23693709
23705670
23728963
23730360
23739082
23741513
23743105
23745519
23777747
23784913
23791731
23799103
23807165
23819287
23827995
23828041
23829485
23831194
23835598
23836455
23847824
23859977
23860228
23873435
23878874
23892724
23904815
23911812
23933104
23933286
23937078
23941014
23961401
23963397
24006535
24070885
24075890
24098520
24099883
24101705
24102415
24114232
24125727
24143538
24145824
24149639
24159585
24187113
24188950
24222341
24227353
24246650
24253509
24255662
24281711
24282577
24283753
24309615
24314148
24324446
24335660
24354207
24358555
24360864
24364367
24368056
24371572
24377042
24381303
24381750
24383939
24409776
24414994
24427556
24429480
24482844
24508217
24515046
24542786
24552256
24565186
24572358
24574963
24582089
24598002
24605373
24644693
24668948
24675840
24679783
24686833
24687935
24695669
24698759
24705718
24710665
24734074
24743365
24743841
24745965
24747498
24752426
24766055
24767640
24775614
24778413
24798608
24804447
24819628
24829342
24834689
24838915
24839747
24853981
24855385
24868506
24877014
24887038
24889607
24896611
24916450
24922016
24926814
24935029
24964263
24970455
24986867
24999848
25004906
25005937
25023414
25025006
25026984
25036747
25047088
25059123
25075709
25107124
25115719
25131001
25137623
25151630
25162750
25167172
25178820
25188800
25193538
25201077
25214434
25229544
25242598
25247800
25257122
25260839
25260868
25265703
25278832
25290159
25303427
25306044
25308495
25314769
25320899
25343964
25351298
25359439
25387575
25387889
25401699
25407963
25428716
25458795
25471879
25484932
25488617
25492988
25494970
25501181
25518552
25524180
25596050
25602275
25620721
25621296
25621452
25652568
25680730
25680899
25682698
25691490
25699211
25704996
25706299
25728348
25734026
25749191
25769310
25771662
25771840
25808685
25820153
25839176
25847113
25848033
25862582
25864358
25873744
25894320
25906001
25914071
25922840
25961307
25966351
25985993
25996518
26016709
26018199
26021916
26036447
26041373
26045252
26053311
26054981
26055901
26056775
26067705
26073510
26087050
26093190
26095948
26096331
26103158
26139813
26148054
26151752
26167355
26167717
26168722
26187485
26201129
26218010
26230674
26237581
26242475
26245462
26255021
26265645
26272127
26280461
26283804
26318928
26325521
26330100
26332216
26341437
26377398
26387340
26409231
26414466
26441151
26448082
26460218
26476151
26488198
26498696
26501496
26520549
26527065
26537532
26544953
26583840
26586068
26640149
26648929
26652135
26676682
26695156
26707105
26716602
26727827
26785793
26793106
26794892
26825649
26827900
26832938
26845815
26848056
26898848
26899468
26899860
26900355
26900710
26908827
26912636
26923718
26929451
26972286
26997004
27013600
27023118
27024379
27037249
27038922
27041805
27044006
27049064
27069874
27072274
27086169
27090103
27091695
27092292
27098231
27109443
27110325
27110861
27135607
27137783
27148910
27161678
27164688
27187135
27192166
27200386
27205185
27209842
27211868
27212598
27267216
27269120
27270597
27282171
27307523
27315862
27323232
27332855
27333993
27342573
27342819
27348490
27357990
27367928
27369046
27383723
27391720
27393426
27415419
27439822
27464403
27479068
27486718
27489411
27514118
27561705
27574134
27578501
27591399
27595213
27600038
27617006
27622204
27626411
27643913
27668011
27673196
27687927
27704981
27725886
27752153
27788394
27792329
27802084
27803514
27831577
27832214
27835781
27847669
27854858
27862475
27868728
27885833
27907782
27909805
27938567
27955559
27959761
27983221
28001419
28008275
28023735
28042634
28044324
28097774
28115830
28134005
28160623
28166364
28173279
28183032
28184166
28191503
28195030
28195528
28198525
28203582
28203990
28213905
28222054
28231661
28236777
28276981
28300455
28305307
28326182
28329401
28352114
28359631
28368206
28375896
28387726
28389401
28415605
28421697
28459336
28488456
28491533
28493188
28501828
28507732
28515735
28517883
28523396
28548552
28556015
28560806
28561208
28605357
28611711
28615212
28618005
28643409
28647270
28657037
28675399
28689781
28695062
28704981
28722580
28725816
28746225
28750365
28758543
28768332
28768781
28776862
28785779
28792013
28815877
28827460
28832124
28833449
28833714
28842443
28853530
28881819
28891522
28897251
28908730
28971561
28977624
28996408
28997199
29024043
29052416
29060638
29080124
29084547
29091411
29099995
29104393
29104796
29115669
29121567
29151562
29165369
29169615
29179212
29179674
29204639
29217484
29246957
29251337
29255999
29260220
29262391
29285811
29301183
29301318
29313699
29315744
29322647
29323233
29329319
29349103
29354809
29355256
29373949
29376548
29381201
29389943
29424363
29430229
29436291
29438954
29440296
29452908
29455877
29459031
29462360
29469575
29469598
29470757
29476004
29480337
29490554
29492151
29497342
29519157
29527489
29546323
29550384
29560755
29565713
29565896
29584890
29595201
29599637
29605665
29608599
29617634
29623852
29659754
29664164
29673521
29684672
29694075
29715046
29723572
29749530
29756608
29759672
29769800
29774161
29792920
29797848
29800283
29803471
29805959
29808017
29808187
29808968
29812608
29819076
29827073
29829522
29835655
29838422
29840571
29843175
29859586
29859603
29869436
29871026
29886246
29891656
29892323
29930929
29941622
29953981
29986861
29991443
29995812
30011441
30026853
30038316
30042559
30047974
30066718
30077403
30088444
30118781
30122792
30134712
30135638
30137411
30148490
30153790
30168991
30178936
30180693
30206134
30215458
30242170
30253376
30256417
30257178
30268954
30280480
30282583
30292725
30313530
30321884
30323957
30342668
30349790
30355546
30364529
30387760
30398446
30415308
30422469
30425131
30430082
30435736
30455726
30457144
30467774
30473058
30482366
30489354
30497612
30497662
30522937
30525913
30529920
30535905
30539919
30541979
30543497
30550644
30566015
30569387
30594055
30596560
30617984
30629958
30630353
30631600
30643079
30647088
30663079
30679167
30685448
30727916
30736988
30762737
30766664
30781526
30785227
30789103
30795929
30814289
30819375
30822779
30846320
30848992
30849110
30863956
30870681
30884495
30903697
30910548
30917439
30951041
30961265
30963136
30963927
30964478
30967765
30988639
31004621
31009735
31010413
31010821
31017377
31019653
31022724
31028185
31046045
31057187
31061426
31077386
31083519
31096532
31101520
31140124
31144425
31159186
31170833
31185771
31196961
31198759
31228573
31239148
31243720
31252053
31256829
31258111
31262372
31305007
31315804
31343159
31345401
31347868
31362218
31366475
31367119
31369171
31381678
31399569
31428343
31432881
31438890
31441020
31441498
31441566
31459173
31462784
31467427
31475019
31498181
31503169
31507161
31539308
31547142
31549185
31573099
31576911
31578421
31603623
31627281
31639970
31654435
31696047
31702266
31709427
31731737
31741292
31744710
31764658
31775843
31783245
31808504
31808559
31810390
31812530
31816453
31829026
31831367
31832077
31842509
31850782
31852000
31853713
31884777
31901149
31912331
31916693
31919166
31938863
31961480
31980567
31982624
31998920
32021672
32022480
32050648
32059006
32065401
32070202
32075848
32109863
32116457
32138097
32144069
32147867
32151177
32174310
32182435
32192634
32231416
32232327
32241684
32250793
32252030
32257906
32276326
32278409
32290792
32301347
32327827
32337242
32348484
32363542
32393956
32398317
32406282
32408703
32426037
32426826
32436919
32446571
32455540
32458941
32470496
32491407
32501848
32503106
32529412
32534356
32544145
32580604
32582955
32604512
32607600
32619579
32630863
32650284
32662432
32670056
32695679
32705973
32710089
32714216
32715213
32715353
32724780
32733945
32751253
32767560
32774491
32782969
32789215
32791115
32838816
32850306
32870873
32887562
32892905
32924719
32956585
32956724
32958867
32970542
32975037
32980845
33010452
33019747
33021099
33023987
33024315
33030178
33039421
33043521
33047390
33054734
33055552
33055583
33089127
33092579
33123167
33124105
33153024
33190784
33223974
33235902
33239745
33259697
33264377
33277076
33298790
33312265
33314328
33317416
33317441
33318270
33380839
33383536
33385795
33392453
33401898
33422470
33427943
33441839
33442845
33448700
33453120
33466612
33484189
33487924
33491852
33506643
33509261
33511489
33523882
33531549
33561685
33573306
33589132
33597454
33644017
33677065
33681166
33688771
33697563
33699238
33699916
33707537
33717922
33730406
33740344
33753907
33759770
33781706
33807968
33817190
33819533
33821798
33825411
33825712
33826863
33828156
33849516
33856231
33864770
33867633
33877567
33885740
33895311
33896758
33911354
33926286
33942278
33961738
33979940
33999846
34001043
34001609
34009501
34011086
34022102
34040494
34042435
34042488
34043768
34054361
34087549
34095297
34101204
34112996
34113892
34127924
34131295
34134087
34137269
34145112
34147232
34168551
34176398
34188295
34189357
34209485
34209659
34218802
34225247
34261930
34287515
34289106
34298817
34329362
34375433
34376417
34386049
34387853
34393006
34397720
34401372
34405357
34405851
34409672
34415670
34437597
34439278
34461685
34462074
34500328
34511474
34546737
34557802
34584879
34605083
34606547
34608827
34618093
34627989
34628090
34633185
34643104
34657302
34669797
34678819
34682083
34682879
34688135
34702875
34707543
34709437
34716875
34718260
34721696
34723996
34728909
34728960
34739205
34768441
34813992
34815088
34816269
34819168
34834956
34854195
34855941
34865880
34904982
34907098
34915009
34951057
34987251
35012825
35028013
35043983
35048518
35062893
35071142
35084502
35092000
35098641
35107675
35123868
35127861
35144490
35160419
35166378
35169144
35170547
35171461
35224268
35250872
35281584
35309292
35325801
35343298
35373513
35378144
35389010
35389253
35412498
35418748
35471298
35471994
35473320
35477059
35479282
35483082
35499972
35506945
35509613
35515053
35523123
35536798
35539140
35556896
35574595
35608492
35611724
35628394
35644621
35648783
35650215
35650715
35667059
35681063
35693170
35742824
35754634
35755003
35757919
35762495
35769897
35770166
35771813
35785484
35790563
35791020
35792135
35801300
35807784
35838949
35841130
35872699
35904287
35933005
35962641
35964173
35983173
36007539
36014448
36079366
36081807
36082376
36097834
36101377
36120372
36129303
36133494
36135340
36196689
36200272
36201304
36209368
36217243
36223881
36236844
36242217
36253149
36265696
36276289
36300703
36325816
36330955
36360466
36367791
36372107
36392409
36401416
36407661
36407915
36435170
36437290
36465349
36494226
36498332
36507829
36509375
36544506
36550917
36554672
36556538
36569441
36574458
36586927
36638544
36641267
36644748
36646166
36648211
36659765
36663280
36675236
36679068
36684010
36693525
36705444
36705847
36732478
36738464
36761248
36767626
36784145
36795305
36798936
36824901
36846714
36872555
36880718
36902889
36921123
36924254
36935508
36937275
36946724
36966421
36969580
36986334
37051907
37058517
37063117
37064010
37074819
37077719
37085631
37097679
37141266
37159778
37173516
37182358
37184541
37188324
37205434
37220614
37251010
37263476
37271776
37274271
37292825
37296995
37307508
37311229
37322892
37337574
37354398
37369037
37418476
37422139
37429308
37463515
37492465
37495428
37497096
37503396
37514645
37521597
37523086
37546817
37567134
37569222
37586355
37618767
37635262
37648709
37677292
37693779
37727136
37752787
37759965
37765364
37767667
37792501
37795145
37797525
37812539
37815248
37815439
37817185
37822364
37831861
37837883
37844020
37850019
37865127
37868485
37883943
37886349
37903510
37921833
37939578
37942518
37944584
37951439
37956121
37965874
37967001
37979116
37997096
38021730
38022455
38027883
38031247
38032355
38052781
38063406
38069448
38071346
38074163
38074654
38105632
38116085
38117181
38120285
38152897
38155650
38180370
38181496
38239347
38246137
38261222
38270193
38273054
38284851
38298282
38305295
38325068
38330576
38337199
38387114
38389655
38392122
38393068
38394006
38395955
38401280
38408713
38411618
38434355
38465186
38465848
38466817
38496014
38507078
38515329
38533004
38536786
38536940
38539498
38556179
38562820
38573261
38588637
38594808
38598397
38609752
38625446
38648694
38650359
38669392
38671617
38707761
38708106
38720343
38728683
38735591
38737683
38750485
38764329
38764706
38769058
38782838
38784577
38808803
38815729
38830167
38830298
38837599
38842419
38863268
38875573
38876445
38877903
38904417
38948008
38955545
38969675
38976318
39025971
39028967
39031283
39057617
39083242
39107571
39121405
39139836
39157952
39158380
39159025
39164335
39165465
39168892
39184590
39193873
39205800
39211273
39212159
39213499
39223349
39248352
39309901
39320425
39320819
39326867
39328599
39330006
39343860
39346338
39354876
39364260
39372846
39379151
39387628
39392271
39394742
39417242
39431051
39441585
39458554
39462116
39462680
39463295
39471707
39505084
39517473
39525800
39526540
39537966
39543580
39560099
39592261
39616112
39621297
39630662
39646410
39647593
39651810
39672962
39693200
39694559
39714956
39738517
39746295
39753718
39762375
39768617
39801502
39802792
39803633
39847891
39850818
39854811
39857904
39887698
39895714
39918385
39919820
39921067
39936352
39951302
39961543
39963287
39976401
39989832
40001245
40002945
40011539
40012350
40025914
40050644
40066184
40074257
40079830
40081498
40095147
40099080
40129457
40130252
40131051
40137045
40159726
40177617
40197494
40198480
40199917
40258435
40260699
40261729
40263635
40275799
40281117
40289683
40304859
40315176
40334814
40335172
40375976
40378916
40388836
40393029
40410433
40442013
40448108
40455377
40472774
40487612
40506696
40510811
40517245
40531580
40570179
40570891
40578118
40580023
40585901
40608329
40632060
40635531
40641179
40643974
40644877
40655130
40667001
40670956
40674757
40678419
40706772
40711243
40712381
40712510
40722781
40723281
40743218
40744997
40759116
40768762
40782613
40787269
40800564
40808806
40809135
40819892
40824764
40860698
40870242
40895535
40905547
40906137
40909505
40915629
40919717
40923114
40948350
40979272
40981597
40983845
41003968
41005842
41012410
41018051
41025021
41045340
41049708
41052893
41062729
41076078
41083189
41084300
41093993
41097628
41098492
41111048
41112879
41118394
41119801
41122050
41145456
41146401
41154958
41162556
41163620
41177328
41177454
41180505
41204326
41217797
41225564
41269731
41271158
41298860
41308429
41326547
41388355
41395181
41402263
41409243
41424191
41426217
41463815
41491049
41496454
41503777
41532096
41542823
41559616
41562018
41570591
41591796
41596717
41600823
41607945
41612967
41621030
41629734
41631018
41641711
41641721
41645210
41663115
41687991
41704887
41706840
41723359
41732856
41743413
41743900
41755373
41770614
41819797
41851888
41860695
41881733
41926563
41927592
41931165
41933617
41954131
41969715
41981322
41994047
42006162
42016649
42026496
42027796
42035012
42052918
42112444
42115271
42143781
42153033
42159667
42175784
42196933
42210568
42214561
42215800
42215934
42217515
42219430
42261610
42304781
42307026
42308114
42312035
42314076
42324358
42326371
42331061
42343986
42346688
42355537
42368750
42377603
42383308
42397993
42402496
42405543
42410421
42420363
42420787
42428716
42441184
42442628
42453450
42453452
42472972
42473394
42473869
42482136
42490966
42493736
42512065
42519371
42524406
42531842
42532015
42556873
42564343
42596352
42604111
42618525
42627335
42635527
42642590
42648062
42648334
42655941
42666129
42676281
42676994
42688879
42711196
42737283
42744920
42751340
42761299
42761640
42766099
42775516
42784953
42787244
42795309
42838213
42851810
42852089
42858608
42859254
42862569
42875106
42875207
42882563
42890166
42925144
42950912
42952055
42964909
42972197
42981277
43004208
43004706
43017944
43023949
43062409
43064036
43074744
43084425
43090624
43114317
43115535
43134235
43139998
43149205
43155012
43159401
43162963
43168894
43185154
43194034
43195080
43222200
43231024
43251936
43273073
43277501
43311904
43347509
43354049
43354997
43359568
43363404
43366316
43367160
43380544
43404022
43413413
43468833
43474119
43481713
43484120
43498689
43499914
43521747
43521982
43528485
43536598
43537080
43550742
43582896
43640884
43670334
43676298
43684183
43703769
43715484
43746527
43748956
43775950
43778175
43782718
43801685
43815427
43829229
43838591
43842542
43845685
43856250
43858817
43863190
43863588
43875882
43892309
43897514
43905768
43938253
43953255
43953500
43956041
43957674
43978821
44011177
44044351
44059353
44064441
44080553
44082054
44112430
44113127
44141528
44150396
44153236
44155868
44163546
44165568
44192504
44200010
44223287
44230294
44231675
44245436
44249129
44256105
44264706
44273391
44278672
44282880
44292570
44296178
44312934
44328759
44331958
44332928
44350265
44357789
44360931
44378653
44387854
44396781
44405832
44421175
44423859
44438436
44442360
44444411
44459458
44460816
44466151
44475434
44482978
44534419
44545822
44596082
44598262
44612387
44614566
44619582
44633095
44636385
44637683
44642805
44653634
44657198
44658156
44659325
44660463
44667770
44668031
44677839
44715752
44716654
44730972
44765462
44770647
44774563
44776221
44782268
44789162
44797400
44802998
44808220
44816599
44824692
44842067
44862571
44887129
44889495
44911768
44912680
44913501
44928563
44933740
44935980
44968555
44985404
44988617
44994748
45007264
45042610
45055137
45071352
45071897
45079372
45080742
45090999
45091717
45112080
45112092
45113755
45114527
45124380
45166895
45193748
45198910
45203659
45223043
45224932
45229692
45231730
45233754
45249190
45249370
45250045
45254120
45257256
45260661
45263912
45283674
45308439
45310397
45319639
45320036
45328696
45330372
45356942
45406130
45436894
45443343
45470359
45479591
45480819
45482443
45501113
45529760
45540296
45541473
45551509
45552788
45587650
45588973
45589943
45596671
45601544
45611257
45631502
45632105
45644199
45661258
45663057
45664393
45670292
45671660
45673199
45684992
45702192
45706398
45706904
45729168
45734511
45737863
45747591
45770329
45782362
45783558
45784614
45791433
45791741
45804038
45812935
45817958
45818876
45822281
45828932
45832990
45848907
45859728
45865723
45888643
45902119
45922029
45923402
45923938
45957247
46004953
46111899
46124274
46124682
46134718
46148086
46161753
46167837
46170661
46183241
46185629
46194675
46198797
46202897
46209328
46211463
46212390
46252896
46254322
46274389
46282844
46294752
46295086
46308212
46310860
46310996
46323654
46337921
46353203
46386368
46393600
46399407
46405400
46409210
46412037
46416436
46417482
46429827
46432230
46445478
46449629
46452068
46456828
46466403
46477171
46479628
46480870
46483455
46484174
46485115
46495797
46499210
46513609
46514139
46551110
46575726
46577456
46582561
46615411
46640988
46673687
46682760
46686666
46694519
46694616
46697395
46700533
46712025
46713908
46715196
46717790
46721539
46738334
46752248
46760849
46771016
46771724
46774118
46778331
46783839
46787101
46796691
46802954
46805659
46810817
46844133
46850565
46869900
46869968
46889154
46894546
46902035
46908764
46924369
46929595
46985007
46988887
47003752
47004369
47013831
47015639
47020179
47035673
47062402
47069679
47080300
47123616
47142565
47147209
47154532
47154550
47163058
47234925
47243708
47256277
47258360
47265243
47268129
47273940
47276574
47295141
47307807
47308973
47356345
47363445
47392901
47407102
47419234
47422579
47442771
47449806
47456580
47467779
47470983
47474320
47480400
47501158
47512786
47543345
47549148
47557916
47561184
47563255
47568707
47587560
47595064
47597837
47639182
47639749
47654398
47667343
47673464
47680502
47703768
47729521
47764513
47796717
47798663
47808974
47821663
47848529
47856836
47857262
47857398
47885838
47897625
47907109
47917984
47921706
47969381
48004118
48041500
48057995
48079416
48085576
48092257
48100445
48102821
48136689
48141985
48142281
48143284
48163893
48164852
48186127
48189760
48207939
48221462
48245978
48269531
48272830
48275237
48280228
48314156
48318129
48320222
48324041
48349176
48349766
48368528
48372983
48407712
48473963
48506032
48520419
48552418
48583497
48595217
48610835
48615656
48634314
48645014
48649715
48671194
48678661
48679337
48688336
48729278
48734784
48741971
48770012
48778711
48795254
48804912
48808051
48809919
48828113
48831488
48838211
48847252
48855840
48864859
48879597
48880530
48902746
48916967
48933101
48944350
48955406
48960193
48988628
49011317
49013436
49025762
49030110
49034915
49041303
49043195
49061266
49119733
49149623
49169630
49178759
49180337
49187978
49195371
49208785
49219709
49257809
49258131
49276249
49277422
49285074
49321994
49341204
49358729
49367342
49375156
49380387
49385481
49387954
49397025
49404735
49407948
49409673
49414039
49415251
49428046
49430214
49430700
49456774
49480461
49488596
49494409
49506718
49511317
49536664
49545407
49564192
49568782
49575571
49583362
49617991
49621827
49622301
49644376
49644976
49651328
49673313
49676243
49679578
49687818
49696807
49698426
49721916
49725398
49733800
49743482
49764523
49764658
49777245
49796681
49797924
49808400
49850599
49877072
49882726
49890892
49901697
49903084
49910178
49927418
49972624
49982961
49987071
50004343
50023277
50025494
50026844
50042057
50046848
50066672
50072475
50077656
50089352
50091124
50110063
50128578
50140172
50140266
50169594
50174465
50215307
50216222
50225935
50232350
50255341
50258965
50300852
50302294
50303323
50309225
50312258
50332926
50349754
50363306
50364517
50365782
50373403
50390426
50434838
50448831
50455714
50472400
50479493
50490216
50498423
50503104
50513612
50517105
50520947
50525038
50545082
50547500
50548522
50567155
50582897
50591454
50592731
50603918
50605993
50607223
50614531
50631608
50636044
50662161
50662403
50667267
50671088
50683549
50695435
50701304
50710399
50728306
50740379
50747530
50749508
50758423
50758888
50762304
50773666
50778745
50784088
50786172
50786194
50790460
50809240
50815640
50819258
50821631
50827862
50839619
50840219
50842010
50845783
50862772
50865214
50873315
50874025
50885684
50896460
50907103
50939827
50943071
50971843
50973202
50979494
50981934
50985158
51032499
51034499
51047113
51049835
51050232
51070762
51080447
51100167
51139013
51165854
51208547
51212707
51216932
51233282
51242882
51247212
51247253
51261893
51278309
51279450
51319010
51337782
51338903
51357958
51378423
51395610
51397022
51405523
51411989
51423057
51429477
51442198
51458647
51473027
51499863
51507343
51520516
51520983
51523341
51526894
51529586
51533453
51571392
51587895
51595170
51597903
51609407
51641264
51649590
51650271
51658268
51658772
51660294
51663286
51672998
51687537
51691917
51696438
51698107
51717948
51718961
51748085
51752856
51758182
51758710
51761515
51772104
51776452
51801325
51803767
51808637
51811720
51817360
51821126
51826224
51831487
51831705
51837533
51844137
51853107
51856508
51857970
51869404
51872682
51873539
51883398
51891074
51908011
51911020
51924180
51933832
51943261
51946408
51953368
51998263
52016040
52044833
52059287
52061271
52069003
52070053
52076816
52082469
52126926
52150070
52153662
52171085
52175200
52177739
52183557
52205194
52220145
52237917
52239646
52240527
52258784
52263559
52264037
52275747
52301860
52337374
52357946
52361700
52365011
52365142
52367281
52369437
52388307
52434640
52449781
52461148
52471188
52486828
52488520
52503200
52503221
52513153
52563850
52569481
52581093
52585414
52598116
52602997
52603668
52612682
52619173
52630742
52650885
52656496
52658985
52659032
52665437
52666574
52683810
52684133
52692344
52699113
52712923
52714805
52719645
52733310
52751751
52761357
52767722
52777149
52778986
52782046
52805157
52816431
52832005
52840874
52847343
52849155
52853921
52888410
52944600
52945436
52961681
52968692
53035567
53060086
53066700
53079660
53081622
53089178
53091029
53105800
53113473
53122307
53182209
53189141
53203244
53205542
53251786
53278594
53331058
53331164
53347522
53350280
53370341
53386688
53387284
53401818
53402534
53405013
53411630
53435926
53445038
53446105
53458360
53458686
53463067
53479098
53493681
53494829
53497252
53499937
53506905
53508068
53520442
53531666
53533658
53535810
53539022
53544988
53563476
53565452
53566323
53567754
53572059
53578049
53580842
53624639
53626070
53628346
53644511
53658217
53660741
53704083
53716689
53727516
53765048
53783523
53786504
53791223
53807673
53809215
53819085
53819490
53827312
53842689
53847220
53854429
53867151
53899176
53904151
53941006
53947969
53956669
53969458
54025693
54040080
54062894
54080330
54095529
54115908
54117916
54152183
54157937
54173708
54195469
54207998
54218857
54224170
54244506
54263463
54290221
54291024
54311618
54316562
54316984
54337609
54351875
54354143
54364541
54400584
54423336
54450958
54454220
54454922
54508363
54508856
54515392
54522485
54532848
54539969
54550154
54564439
54586523
54593596
54602227
54602565
54611880
54644259
54649019
54660767
54668155
54678709
54685987
54691715
54694912
54718871
54733747
54747303
54765708
54774264
54796783
54803024
54813252
54818936
54819034
54869059
54889971
54891220
54914297
54927809
54928655
54933564
54947798
55006234
55020124
55022124
55023678
55033729
55035713
55039477
55040610
55041280
55051689
55055852
55072516
55084911
55101862
55159987
55163509
55172100
55178599
55180320
55181116
55196868
55203511
55209265
55210079
55226847
55245300
55246752
55264242
55292839
55294220
55296407
55301284
55314353
55321683
55324842
55334091
55374822
55395367
55406846
55412503
55414920
55443757
55461934
55477087
55520965
55532192
55533189
55569716
55580540
55583801
55584534
55591227
55593804
55596799
55610691
55614794
55657213
55672077
55678891
55699854
55712488
55715820
55737927
55742484
55743621
55755809
55757465
55780086
55802451
55806782
55815352
55821319
55824063
55843724
55866739
55872053
55873507
55882623
55898967
55902946
55904980
55933730
55949437
55981100
55990129
55995088
56005203
56030893
56076420
56119304
56122594
56145246
56193323
56194315
56199556
56211231
56216983
56220245
56235793
56253058
56256811
56258451
56259990
56269351
56280721
56280859
56284293
56299428
56303573
56305986
56350760
56352945
56362797
56372412
56384641
56391444
56395884
56402785
56406981
56410601
56414201
56437536
56446480
56456194
56464270
56465926
56470259
56502810
56514654
56516472
56519734
56522005
56529120
56553170
56573928
56580500
56581228
56597579
56598476
56619766
56621381
56628862
56630363
56643242
56648732
56657680
56687180
56690621
56691629
56731246
56738060
56741626
56749911
56750072
56765046
56781103
56801469
56811013
56842841
56878136
56878517
56882331
56883821
56893358
56895069
56904743
56907619
56918060
56918947
56923584
56930708
56932896
56933627
56958882
56980673
56986908
57034508
57082644
57086941
57110319
57114111
57128919
57143590
57145685
57154586
57168103
57179489
57180900
57195106
57207888
57235198
57236521
57237074
57245033
57255726
57268837
57269859
57295162
57329713
57374937
57381997
57418433
57427586
57456351
57457168
57469983
57486764
57497738
57521198
57538331
57543806
57549567
57549791
57553791
57562027
57580689
57630983
57632608
57640817
57664582
57677264
57710562
57718709
57721966
57733319
57742004
57742214
57750160
57758359
57833574
57833721
57838344
57840576
57880173
57882345
57888229
57905717
57911197
57913809
57918715
57918724
57971836
57997999
58000610
58025207
58049410
58060211
58082167
58115684
58135200
58145859
58162192
58183101
58207037
58209969
58211993
58212737
58229180
58231841
58244565
58249317
58255250
58266937
58270889
58273997
58276180
58280281
58282721
58288659
58299331
58302693
58309470
58316159
58331521
58337658
58338839
58350569
58358530
58369588
58376103
58388598
58395652
58400733
58402834
58418511
58432884
58440393
58450358
58485361
58485874
58486876
58487046
58495466
58503188
58508740
58519286
58535570
58540557
58552640
58590061
58595017
58631511
58632801
58644084
58647093
58649037
58652967
58670457
58679195
58706238
58722571
58723269
58726756
58728379
58744690
58747412
58752325
58769441
58769637
58801007
58818239
58827143
58828134
58838764
58839029
58842988
58870538
58872379
58873850
58875557
58879071
58884739
58886746
58890487
58895737
58907866
58917258
58934019
58934249
58944243
58958176
58967265
58970875
58977031
58991080
59003928
59006792
59007818
59026553
59029078
59050062
59057097
59073395
59091720
59106635
59113165
59127333
59141395
59150358
59159901
59178843
59183010
59186907
59193238
59202684
59204171
59206994
59209056
59211646
59216842
59224772
59225524
59253020
59276345
59285629
59356579
59370950
59373753
59400432
59433838
59434482
59436683
59441067
59466692
59486055
59501084
59502143
59504527
59514621
59533601
59536904
59548767
59552724
59558222
59561509
59569837
59575875
59580885
59584389
59610853
59612424
59618666
59625306
59643195
59651614
59652128
59671981
59679060
59685135
59709066
59726281
59744846
59762450
59766691
59776652
59793805
59794602
59804665
59806169
59811752
59836147
59844881
59859528
59874763
59905776
59917287
59926781
59948237
59955725
59966263
59977866
59983250
60009783
60019584
60028844
60044657
60073497
60107255
60107920
60113768
60132994
60147455
60147793
60159761
60163878
60164936
60175205
60179372
60182480
60187570
60187724
60191258
60192203
60209027
60209074
60214971
60216918
60220361
60240723
60245495
60276727
60287890
60296835
60302514
60315304
60330209
60347112
60354191
60355901
60369810
60388799
60405194
60423535
60424648
60437619
60447849
60459719
60467789
60478408
60482676
60486723
60491159
60506638
60512308
60521489
60541202
60548850
60588105
60593562
60596025
60596687
60598559
60623713
60659563
60671442
60690743
60697810
60703686
60718701
60718896
60719955
60722081
60722522
60729291
60730898
60744435
60748109
60766321
60790405
60813156
60824346
60828960
60836913
60858879
60860780
60863871
60871077
60901708
60942714
60958272
60959189
60959345
60968135
60983370
60994557
60997324
61033109
61038488
61039277
61041874
61062425
61067237
61067625
61078539
61095894
61121673
61123290
61127784
61181733
61181934
61190519
61202524
61218600
61221169
61253225
61269702
61276467
61302333
61313996
61346089
61348821
61353177
61362367
61390191
61401810
61411022
61425188
61427940
61433183
61458091
61477554
61484896
61490145
61492672
61492683
61500193
61506108
61542602
61546848
61556513
61571240
61574553
61628509
61630885
61647590
61651220
61669310
61671611
61683568
61684546
61692895
61692968
61702839
61707855
61709994
61712644
61713338
61717719
61724192
61729901
61731504
61752025
61752817
61800415
61804834
61808500
61815374
61816063
61816483
61825671
61837227
61840500
61853362
61864938
61868913
61875128
61882460
61886531
61900248
61931747
61931780
61934370
61934430
61938590
61967036
61968317
61989844
61991663
62016474
62037009
62042635
62044888
62052540
62077030
62121271
62132915
62145897
62156823
62168271
62171181
62180401
62187885
62200183
62200215
62200302
62207331
62225203
62227159
62231245
62242680
62253746
62255788
62256449
62264847
62332191
62343992
62348305
62363637
62372511
62379828
62381304
62385997
62390094
62418049
62421957
62422776
62455127
62467470
62473481
62478830
62522219
62549355
62549891
62565304
62576983
62602293
62611261
62615420
62618556
62645941
62673129
62675772
62679399
62700095
62708997
62715054
62735192
62745153
62746943
62759241
62760098
62763561
62766663
62788989
62802951
62804285
62813321
62814403
62827990
62849478
62850694
62871770
62880236
62883341
62908416
62915379
62933520
62952121
62958872
62981870
62985169
62988314
62996155
63000936
63010784
63011282
63011309
63019720
63046380
63047586
63092051
63093958
63119646
63140540
63140950
63148014
63156684
63163398
63193002
63197290
63215892
63227822
63232142
63238072
63238525
63256840
63265295
63280660
63281421
63296331
63307934
63365095
63366142
63368781
63384943
63398597
63404421
63430586
63455832
63463933
63466105
63477215
63489919
63503397
63547689
63559883
63568832
63579751
63582715
63585074
63616527
63622537
63632437
63640800
63643818
63651213
63683588
63720105
63722874
63746238
63761706
63762374
63771339
63772961
63777949
63796202
63802369
63804214
63826526
63840881
63849294
63859862
63925021
63933156
63933242
63940438
63951666
63954476
63959626
63978012
63981580
63990328
64045135
64046625
64052035
64060390
64063879
64065785
64079558
64093615
64094033
64104904
64110593
64112910
64114719
64116043
64126419
64129652
64144892
64152740
64156753
64157955
64173509
64182921
64200841
64204789
64213552
64216468
64223521
64252727
64289993
64290412
64302193
64349889
64350043
64356702
64367849
64375793
64383668
64390836
64407445
64411500
64417798
64421721
64433787
64451912
64453881
64492330
64534821
64540191
64550305
64572731
64601976
64605257
64617302
64620991
64621633
64668945
64684809
64713045
64715523
64716917
64718272
64726448
64727307
64735064
64753593
64763040
64768067
64780480
64780620
64793424
64807831
64828686
64851770
64875283
64882422
64912130
64919182
64929458
64951328
64960014
64974500
64981315
64987360
64988325
64989589
65000233
65029090
65044240
65060925
65094176
65109252
65128213
65138457
65141379
65153636
65157188
65174639
65180705
65181379
65200532
65201573
65211591
65245244
65253118
65267354
65270778
65303243
65307015
65315183
65326046
65341685
65348381
65349180
65349993
65353970
65388285
65388348
65407329
65414069
65425808
65442941
65454721
65467359
65477502
65492412
65502340
65508977
65509834
65538114
65596384
65598740
65647240
65655888
65656240
65716984
65742083
65743385
65753048
65765725
65774550
65784804
65799139
65800076
65826936
65863341
65871856
65872352
65877040
65931460
65955702
65958327
65981194
65986544
66014562
66021881
66025840
66036443
66048838
66084571
66085626
66098690
66104057
66104115
66119513
66130119
66141532
66157008
66161007
66177113
66179148
66195736
66229845
66235712
66242798
66246358
66248626
66255290
66262472
66270025
66270992
66283735
66286885
66307498
66312348
66331571
66340560
66350401
66356858
66359864
66365812
66372011
66377825
66385172
66398440
66405009
66418628
66426894
66458653
66466475
66474125
66481484
66483304
66500864
66512071
66522145
66524536
66534151
66549747
66563251
66578802
66582600
66594862
66643833
66657401
66662991
66696178
66711262
66754744
66759346
66797660
66809566
66811945
66815060
66818274
66833444
66870359
66918170
66926292
66926782
66928666
66942290
66975606
66979978
66985350
66986257
66988110
67011064
67013092
67014566
67031901
67038527
67047534
67067757
67113737
67141078
67147795
67148828
67155096
67155156
67180412
67227446
67237498
67238255
67244375
67260422
67268000
67273902
67284711
67288020
67300781
67327704
67373603
67377731
67401450
67407777
67426015
67429281
67430294
67445655
67459056
67469872
67483958
67509069
67516124
67521173
67524445
67554757
67556355
67604774
67643299
67656949
67661691
67667283
67671770
67675692
67694666
67700231
67701551
67706290
67710618
67732938
67744757
67786653
67792375
67815909
67824496
67829170
67844888
67877135
67885625
67890764
67890917
67894368
67907099
67915345
67927001
67939961
67950317
67961503
67991640
68004031
68006767
68007490
68030515
68055964
68057811
68068541
68070445
68089140
68101661
68106202
68118805
68120399
68123404
68130475
68132653
68133961
68169854
68179843
68193408
68197145
68201821
68209100
68216204
68233772
68243158
68248485
68253317
68272658
68282722
68325999
68342689
68355546
68361566
68367483
68386884
68426029
68426159
68427897
68432160
68469638
68478035
68498110
68563388
68585102
68597472
68614983
68620355
68637663
68640624
68652709
68661093
68682165
68715948
68729215
68732456
68765204
68776032
68786603
68790038
68804765
68817167
68840298
68856795
68863889
68898396
68899822
68916800
68917417
68920815
68930307
68943511
68957789
68970278
68971745
68980831
68983319
68988718
68995238
69003984
69025868
69047996
69056160
69068596
69099864
69108981
69111830
69117955
69129618
69134053
69135370
69147830
69195650
69202975
69218320
69228266
69233680
69237509
69238225
69240021
69242209
69258796
69264396
69269182
69272329
69273780
69276838
69290223
69308474
69318807
69327584
69404847
69410612
69424377
69426150
69463523
69501483
69506913
69510563
69540548
69552945
69558516
69583721
69635637
69644141
69656860
69659238
69705513
69709643
69720597
69728868
69743239
69753595
69767650
69779925
69798353
69805296
69808088
69816336
69832194
69846256
69865421
69867676
69901320
69907577
69910783
69923304
69934228
69953216
69977217
70015987
70032463
70046550
70068394
70104092
70105484
70156183
70163936
70177056
70181029
70184566
70186847
70195414
70196934
70217304
70231668
70275098
70302881
70305696
70320872
70324918
70339749
70356092
70377374
70395284
70395437
70408486
70418465
70423106
70428647
70430071
70447548
70449727
70465442
70466372
70473521
70485685
70514271
70515948
70531538
70552949
70569545
70587722
70594405
70603265
70604078
70608069
70622262
70623729
70628912
70632456
70637072
70638290
70648265
70662929
70693820
70695286
70718688
70729374
70736724
70750398
70772192
70830762
70845400
70878264
70931625
70937985
70944851
70979720
71019255
71048452
71060409
71074857
71079755
71081951
71087346
71105525
71108898
71110168
71138716
71139702
71140059
71149561
71178380
71208302
71218813
71221778
71231821
71233894
71249971
71254232
71255623
71260363
71265774
71295518
71363245
71376006
71376920
71379552
71387820
71411843
71430185
71438385
71443056
71443387
71443453
71473285
71480986
71498711
71502476
71513497
71513974
71530809
71550319
71551039
71557764
71563289
71563966
71565439
71574084
71628240
71633625
71634700
71656053
71692549
71701257
71721227
71723217
71771237
71782511
71789648
71791705
71815901
71863477
71867028
71867334
71872626
71917807
71943996
71956667
71957569
71959333
71976565
71998350
72005139
72012804
72020872
72028766
72029687
72030449
72031105
72038967
72049625
72052856
72063249
72069173
72095924
72101693
72120498
72125990
72127952
72129335
72139799
72148541
72166854
72167736
72168888
72171484
72173254
72178076
72198265
72209988
72225500
72262775
72267427
72267883
72303810
72330218
72334611
72337163
72341149
72342325
72347196
72347242
72363529
72397871
72427054
72427206
72479807
72493696
72500879
72514580
72527832
72561442
72631268
72649439
72656696
72661341
72663417
72679526
72692667
72692860
72711541
72712281
72715906
72723820
72731884
72736439
72743298
72750545
72751300
72756486
72779153
72783223
72784631
72802992
72817577
72821251
72826687
72844153
72854659
72866457
72874378
72897777
72898585
72909361
72919186
72934280
72955544
72968810
72969455
72978115
72983588
73013334
73042338
73046067
73051519
73060074
73066948
73070226
73085533
73115709
73151285
73151568
73157732
73170700
73181964
73185866
73191485
73210292
73212985
73218605
73243006
73256812
73270842
73276801
73290480
73294760
73298206
73299471
73309666
73315472
73324209
73340132
73346213
73350608
73356968
73365450
73372105
73378180
73384780
73387473
73402479
73406300
73427581
73447713
73448875
73458771
73489662
73528025
73533939
73546646
73549472
73587138
73589496
73602919
73619551
73619933
73622758
73642661
73652379
73665936
73668210
73689924
73736783
73739818
73741213
73744078
73783187
73798518
73809998
73810748
73819466
73821589
73828138
73833587
73840021
73841660
73854277
73855525
73857462
73865595
73873407
73876846
73889730
73894803
73903387
73904857
73908215
73925607
73932387
73942672
73943160
73947986
73951632
73986030
73986638
73988653
73995857
73996012
74007906
74008010
74057686
74067821
74075516
74094456
74106154
74123055
74131216
74143827
74153094
74163042
74174376
74204701
74237010
74241075
74249686
74271469
74281556
74289294
74293846
74296039
74300969
74316101
74324428
74329369
74337223
74347663
74353709
74369680
74376882
74378330
74378953
74385988
74386647
74397437
74420686
74436638
74442371
74443004
74449366
74472557
74485264
74486750
74501229
74526553
74538756
74546879
74550250
74562928
74597001
74629486
74644938
74645087
74666951
74667446
74680548
74720808
74727627
74730867
74749962
74758447
74775746
74778998
74784942
74790381
74819816
74824759
74828447
74835341
74835368
74843607
74901387
74940177
74943430
74965938
75000039
75029771
75035640
75046125
75055834
75060325
75082819
75089548
75096945
75145292
75170994
75172482
75178829
75180951
75203184
75227051
75230021
75233109
75246272
75256641
75273779
75277486
75288427
75300481
75301802
75302358
75327176
75331276
75336901
75342208
75359731
75360299
75377378
75382668
75400770
75416895
75432320
75448574
75451801
75456766
75470553
75515430
75529240
75536428
75552507
75577677
75598170
75626646
75644901
75657509
75657677
75663626
75667589
75687880
75703199
75705957
75744974
75747564
75754404
75788219
75801940
75808841
75819395
75833990
75847476
75856016
75864805
75908541
75912590
75915056
75929857
75939151
75961757
75977885
75983665
75994499
76036626
76042177
76056172
76067713
76068167
76083323
76100941
76109517
76109801
76114520
76122990
76124010
76128209
76139442
76146102
76152735
76163417
76176682
76232383
76241863
76277415
76337071
76353421
76364294
76372215
76396465
76397994
76407538
76409950
76424171
76486869
76491777
76494212
76496594
76501892
76513107
76520276
76536607
76541597
76554472
76585662
76603517
76635517
76661108
76671453
76682797
76699111
76710292
76715896
76726512
76747537
76749120
76753101
76775168
76828042
76832430
76837853
76857428
76869915
76876304
76884280
76891415
76951892
76953892
76955769
76978489
77017922
77031311
77048899
77055607
77057484
77078339
77086052
77089945
77098262
77116543
77136569
77159133
77209147
77266295
77289667
77294503
77296632
77307177
77318450
77320422
77326832
77333107
77334140
77348797
77350438
77353670
77355909
77359251
77360320
77391495
77396079
77398909
77399871
77414745
77454763
77472897
77490044
77498946
77513689
77538897
77543480
77569160
77572685
77604931
77613734
77622960
77625181
77625258
77625706
77627801
77629968
77645644
77648505
77672035
77681679
77687214
77687751
77708498
77715624
77717597
77735377
77759470
77765221
77779560
77794642
77797490
77824533
77843506
77852083
77854186
77854661
77856199
77874105
77884439
77891861
77927415
77929990
77930809
77956447
77957741
78028807
78035384
78043676
78062412
78068059
78091449
78092258
78095712
78102544
78120570
78122891
78128959
78146416
78163110
78167533
78176955
78223272
78254034
78307102
78337423
78338962
78339926
78354444
78357871
78361942
78369534
78373101
78378401
78383836
78411512
78436606
78465925
78476111
78481331
78483993
78484762
78492020
78495931
78504613
78510877
78517800
78520871
78570300
78594887
78595266
78597758
78605427
78608404
78630996
78648448
78663277
78668193
78673969
78677020
78678913
78681702
78682661
78686241
78688325
78691281
78710743
78716122
78717795
78718680
78746044
78752495
78767312
78777349
78796059
78814481
78823808
78851786
78863960
78869391
78871778
78878921
78881923
78894335
78929119
78954015
78954436
78957121
78964243
79051905
79056868
79070790
79086665
79114479
79134038
79148351
79161066
79174377
79191850
79195843
79203528
79204974
79210532
79217795
79218241
79233064
79253381
79257288
79258211
79280220
79305204
79310050
79316758
79318321
79349997
79383632
79392864
79402366
79404388
79414310
79445821
79455834
79460462
79466107
79467903
79480751
79503320
79533629
79534559
79557823
79559342
79563393
79567565
79575890
79583201
79583709
79586119
79619893
79640225
79721842
79727913
79755461
79759435
79779005
79791865
79792632
79812434
79824993
79831619
79844996
79848708
79866469
79871653
79882949
79891264
79901701
79904162
79918984
79953928
79965643
79965988
80007793
80016915
80017057
80034830
80039191
80054559
80063764
80077370
80078599
80105334
80110171
80118828
80122165
80139673
80206721
80227362
80250092
80252759
80253276
80266462
80273938
80310940
80331405
80335098
80362650
80362982
80372750
80378598
80378915
80388945
80403758
80405720
80409674
80411324
80420887
80421460
80429027
80431385
80438031
80440758
80446377
80453565
80456031
80468368
80474342
80475155
80489736
80495894
80508284
80526300
80531207
80534293
80544857
80560181
80587192
80592106
80604331
80628350
80638650
80669033
80669886
80673021
80673625
80687195
80689848
80690965
80692974
80701206
80730244
80735015
80736547
80739524
80749026
80750615
80757132
80777466
80789807
80804990
80824251
80829272
80844912
80858244
80861398
80882972
80891565
80901742
80902632
80911334
80991062
81039852
81048688
81058748
81079219
81091997
81094758
81114031
81117661
81129149
81133037
81133656
81161869
81169142
81200453
81253620
81279358
81280572
81288073
81297215
81325655
81329017
81333867
81343680
81346669
81351335
81355089
81365171
81385560
81386658
81390160
81421646
81422113
81422444
81422652
81423755
81430433
81430971
81436272
81446974
81448698
81468232
81472946
81503386
81505585
81517535
81542557
81564933
81592558
81609485
81621853
81623198
81636282
81643408
81648249
81654121
81665567
81685504
81686222
81696563
81712120
81771406
81775938
81780797
81783591
81802065
81806258
81810638
81834979
81839569
81841667
81860012
81867500
81867982
81873606
81919407
81921233
81926608
81933032
81936584
81943968
81944911
81956572
81967447
81978906
81983283
81991733
81993948
81996936
81999600
82029536
82061442
82065810
82071153
82071504
82082370
82092793
82132838
82138685
82161252
82163891
82165132
82177031
82181248
82184170
82198989
82199686
82213537
82242431
82249342
82249356
82273220
82273690
82282625
82285600
82318785
82355131
82374358
82381705
82383184
82407685
82415150
82426426
82433082
82438142
82444134
82444647
82451304
82452194
82485584
82489586
82490769
82499564
82503301
82516061
82527853
82529955
82540847
82552112
82554339
82554777
82564512
82564586
82568073
82578300
82587046
82606413
82625269
82656570
82658850
82667328
82676231
82707749
82719906
82720477
82730425
82763065
82787076
82796042
82798614
82798657
82814387
82854523
82875705
82884213
82884469
82905250
82926098
82933920
82941954
82944377
82948043
82957722
82961000
82967802
83038803
83049268
83049445
83050787
83060980
83079063
83087245
83118630
83122842
83153720
83174594
83189422
83197393
83201446
83208187
83214457
83215145
83220990
83229489
83246323
83263855
83265322
83284446
83295149
83322335
83345228
83356965
83399589
83407079
83416742
83422795
83433153
83443805
83443851
83471154
83476706
83496293
83529565
83543895
83555158
83577433
83611433
83612216
83615557
83628647
83629708
83642504
83653709
83667051
83668978
83680377
83695849
83709353
83711703
83716156
83725769
83733294
83733695
83752183
83760622
83795545
83798724
83806552
83816881
83823298
83828118
83840940
83848703
83851358
83925606
83929500
83930584
83932895
83940065
83974573
83977271
83978256
83981829
83994249
84008238
84017834
84074978
84077063
84087897
84088509
84112214
84116049
84116250
84118704
84127984
84142266
84144894
84148255
84150549
84150917
84151930
84185425
84192658
84209719
84210989
84213109
84222968
84235268
84255229
84266729
84290532
84295825
84296157
84329540
84341238
84391349
84407908
84428409
84437594
84442040
84444915
84446167
84450847
84464382
84474718
84484969
84511573
84513593
84517188
84523544
84546137
84568112
84581408
84588163
84617122
84654147
84668084
84670965
84671006
84684835
84793891
84802280
84808218
84809103
84837920
84839463
84848651
84857402
84891419
84919564
84922878
84927465
84933861
84936686
84978335
84979164
84986455
85004462
85006287
85011771
85016104
85027862
85067744
85070472
85084056
85085634
85091949
85106508
85108307
85128452
85138293
85144997
85147413
85190157
85200698
85209327
85222355
85223327
85232308
85236471
85240311
85260201
85287707
85291054
85326508
85339572
85371769
85380603
85383651
85388670
85388781
85428482
85433397
85448574
85464503
85466133
85503429
85518503
85519758
85538796
85539875
85556001
85557756
85560827
85562453
85564221
85585885
85600873
85602299
85613837
85625304
85652402
85662755
85678200
85679826
85689088
85699198
85709589
85713259
85725676
85750972
85758975
85770655
85776924
85777038
85777757
85782278
85786765
85790360
85803733
85835233
85846994
85861550
85892068
85893534
85893592
85896922
85905387
85950649
85962832
85972178
85991067
86016664
86022364
86022574
86046680
86065934
86070003
86073525
86074658
86082870
86103703
86107862
86117610
86119772
86135994
86138211
86139693
86151781
86155919
86158670
86159378
86159968
86165069
86176625
86183556
86220221
86222583
86222790
86236422
86244778
86254527
86254675
86267824
86292613
86307920
86327036
86331586
86338376
86346033
86356764
86358298
86366451
86367101
86369983
86379417
86389173
86401429
86442673
86454832
86487824
86493890
86495568
86519001
86522789
86541972
86557029
86580865
86583260
86642853
86650328
86653457
86659255
86662147
86662198
86675687
86683920
86702195
86702876
86704382
86708883
86715966
86732202
86736368
86745463
86775097
86786227
86811187
86819364
86839616
86854683
86862492
86878950
86907990
86912169
86923248
86934984
86937995
86946083
86950398
86959428
86988495
87002487
87010668
87023806
87053212
87057460
87059246
87088122
87110655
87121531
87163835
87165220
87169772
87178722
87183408
87195952
87228422
87247218
87279402
87283973
87285942
87293475
87312205
87312349
87312443
87315519
87323634
87330513
87332038
87334752
87366801
87378033
87383890
87406087
87409189
87411360
87430033
87430604
87439628
87445283
87446140
87456588
87458383
87465877
87468720
87500912
87522067
87536552
87589471
87592365
87603491
87604419
87612287
87614534
87621490
87641816
87683128
87741585
87741819
87755643
87771695
87782239
87792681
87798989
87806230
87814643
87828489
87849040
87863375
87886607
87906577
87910965
87920585
87926958
87959585
87977374
87978601
87988437
87989302
87996361
87997274
88006595
88019844
88032310
88037931
88045341
88055332
88061158
88078019
88080148
88082652
88108105
88123236
88131602
88163133
88180834
88197798
88198870
88211874
88236488
88240609
88246437
88271612
88272828
88296067
88307117
88315125
88315401
88320456
88336351
88368159
88369370
88370877
88380207
88392858
88399258
88402932
88416104
88427697
88439815
88443242
88454371
88483183
88492295
88492980
88499717
88505324
88509246
88526441
88565715
88567655
88567939
88576153
88588777
88590478
88596479
88615769
88619137
88622681
88628008
88633221
88638433
88668465
88685036
88685378
88688285
88773595
88795022
88801022
88801781
88822738
88826133
88870333
88908496
88908522
88925128
88930197
88947254
88965700
88973293
88975665
88981853
88987463
88999023
89008318
89022073
89029564
89053898
89058415
89074535
89078938
89103241
89112631
89121726
89127784
89134005
89134350
89135127
89143656
89146023
89154520
89165816
89210489
89211678
89229668
89271588
89280170
89284234
89294819
89297861
89332410
89355819
89364767
89378686
89380420
89385996
89411962
89413343
89413770
89437345
89437469
89463228
89468490
89499355
89543127
89564547
89566347
89573571
89581573
89593826
89599324
89603039
89604674
89617189
89637785
89639321
89655503
89670059
89672831
89678831
89680165
89682389
89684563
89689357
89710208
89726063
89743797
89752377
89759476
89759682
89764087
89776437
89795236
89796188
89810680
89814849
89821312
89831351
89837450
89864083
89930007
89935750
89949295
89951487
89967915
89981819
89982437
89987739
89995925
90008042
90024339
90026466
90027704
90030677
90032935
90052507
90059186
90079310
90108405
90123278
90140247
90158887
90184357
90185245
90197118
90197824
90203040
90210781
90297023
90302123
90303879
90308107
90324662
90326264
90343329
90352523
90359313
90377531
90383605
90428572
90440280
90458109
90475985
90492559
90506044
90533021
90544814
90545553
90560687
90570258
90596113
90629616
90654164
90675612
90686963
90695801
90704043
90706013
90712508
90724658
90730057
90735870
90739788
90749467
90757581
90763788
90765399
90826490
90831005
90845342
90845457
90852259
90880563
90895641
90953188
90967338
91002458
91016422
91020839
91049390
91060848
91072542
91090377
91100811
91101048
91103241
91107219
91110332
91136110
91138408
91142723
91176581
91190207
91195430
91229327
91233316
91237094
91241843
91242531
91243102
91244612
91271452
91273287
91274988
91282443
91282817
91316324
91330583
91336883
91349767
91357633
91368135
91379201
91382795
91389904
91397188
91412611
91449783
91449917
91458953
91463667
91471388
91475573
91514044
91527880
91583853
91602559
91603047
91603800
91604522
91608810
91611505
91639006
91659580
91663312
91670780
91682825
91684751
91711312
91720931
91721577
91760602
91764340
91813945
91832096
91837987
91852672
91858734
91863891
91891557
91913288
91918609
91929299
91929579
91949081
91955736
91965237
91974478
91977578
91985090
92002345
92003850
92024461
92041794
92045547
92045578
92077091
92081155
92100949
92109667
92111222
92111558
92117554
92141547
92156136
92160373
92165754
92193399
92193728
92198870
92200426
92203174
92227988
92252042
92262001
92263560
92281244
92283091
92296560
92296625
92307577
92310896
92313448
92329721
92336461
92341522
92368617
92389651
92408138
92426579
92434851
92435253
92459730
92462831
92465068
92469998
92485705
92486345
92519461
92521529
92524501
92536020
92536452
92598048
92638431
92649840
92653984
92655648
92713054
92714367
92718059
92760251
92771698
92789577
92799833
92809596
92813736
92817592
92843112
92846026
92851336
92874044
92889284
92904834
92908675
92909888
92911269
92916236
92929042
92938089
92943657
92944894
93006356
93011562
93014903
93014988
93018021
93030858
93042821
93049615
93072794
93078621
93117741
93151340
93165196
93195974
93214742
93230119
93231776
93246112
93248614
93250872
93260712
93270590
93272976
93294883
93296411
93298395
93306596
93309882
93317152
93322018
93326343
93350423
93355119
93358913
93360345
93371460
93381990
93385991
93393359
93421876
93425380
93441048
93441971
93446213
93469428
93470373
93475054
93475354
93484261
93484767
93487512
93509847
93513298
93570330
93600849
93609610
93631237
93639017
93642387
93644085
93651180
93674043
93674460
93677788
93699487
93709623
93730623
93743600
93744723
93747318
93749120
93774914
93778670
93785304
93814630
93821892
93826424
93831613
93840826
93842988
93846155
93859703
93861449
93886396
93910815
93934880
93938752
93941105
93947760
93951371
93959423
93962479
93971233
94032441
94033088
94035083
94037782
94045194
94058243
94073447
94078330
94084376
94085351
94092449
94095601
94108584
94126328
94166231
94186940
94197343
94204258
94216304
94220133
94229256
94230534
94235190
94255975
94257366
94260071
94269183
94304055
94313604
94331452
94352396
94383655
94403448
94431102
94456264
94462511
94465329
94466653
94466819
94483433
94496244
94509168
94527379
94529794
94554728
94565741
94586864
94590830
94596808
94613177
94632057
94632312
94632767
94637554
94639583
94640710
94647544
94657028
94664616
94677616
94678062
94680498
94692804
94702491
94706248
94742585
94749263
94798492
94814744
94861265
94872969
94876376
94884283
94891871
94896461
94948815
94961934
94966825
94970251
94980240
94990843
94993157
94995050
94995954
95018843
95033450
95040324
95042949
95043249
95048223
95049967
95053938
95055120
95063454
95072972
95100068
95107823
95126031
95141932
95147768
95160306
95161245
95171930
95199149
95204423
95208770
95209108
95215551
95237028
95250908
95268762
95271013
95277819
95295757
95303692
95308938
95346116
95346409
95346505
95360333
95368191
95408529
95431255
95435688
95437769
95438735
95452709
95453057
95463288
95467032
95468955
95470317
95488699
95506746
95507533
95525651
95528406
95556737
95562600
95567993
95569012
95586883
95651048
95668778
95675151
95678055
95678612
95685267
95686876
95688351
95692830
95695400
95697069
95697359
95698157
95705909
95712273
95728176
95784789
95786057
95788034
95789212
95814584
95818860
95821551
95821609
95831577
95842308
95852061
95863479
95882088
95901742
95906678
95921258
95939732
95948146
95950263
95950350
95954440
95988218
95994526
95998626
96012204
96038179
96039553
96056439
96071745
96082902
96099014
96099864
96108630
96116114
96129210
96135650
96144417
96148845
96159166
96159675
96197018
96204464
96231492
96243966
96257464
96258634
96296824
96324689
96327503
96353435
96356714
96367435
96370339
96372229
96381906
96389317
96392294
96406846
96408526
96423406
96458103
96470344
96485416
96490287
96516159
96521014
96539228
96563233
96568715
96599747
96624890
96627896
96640683
96645914
96653826
96655638
96655712
96673559
96681783
96690860
96699963
96700709
96703817
96720053
96727711
96749433
96754211
96757274
96764301
96768491
96791642
96800583
96800710
96815638
96842427
96850812
96872268
96874650
96882153
96910203
96932988
96949068
96956057
96958800
96959195
96970400
97005821
97028802
97062093
97063796
97081752
97082731
97089488
97095536
97100988
97110123
97134758
97135864
97137878
97159120
97160628
97175795
97197896
97207818
97210305
97240584
97250684
97255985
97260557
97269391
97271365
97330093
97340946
97345228
97350236
97357801
97387955
97401766
97419356
97425852
97442533
97457736
97465519
97485583
97501110
97508107
97517163
97533795
97541263
97552920
97597780
97600843
97602264
97611155
97616853
97626155
97630822
97642535
97650445
97654389
97666268
97671427
97681866
97719325
97738612
97747197
97752232
97755833
97758683
97765401
97772331
97772439
97775883
97797116
97820276
97829114
97831075
97833869
97838095
97849243
97849681
97855312
97870817
97890935
97893905
97901588
97912419
97921174
97934488
97937222
97949525
97955375
97958385
97958857
97963022
97969201
97977269
97979061
97986223
98017584
98028632
98035162
98043636
98049635
98050851
98052885
98072806
98074040
98089332
98090542
98099127
98137581
98165331
98192684
98201941
98228448
98258872
98273137
98278218
98297436
98298326
98300221
98306250
98328478
98342553
98370181
98381416
98383305
98395340
98404560
98408411
98411824
98424751
98426645
98457062
98474861
98476333
98477356
98483617
98488653
98513457
98545402
98551569
98571201
98582483
98584172
98607638
98611865
98626070
98647165
98657787
98659668
98701309
98710688
98721787
98770307
98786222
98786989
98799486
98836128
98858529
98867775
98873206
98875441
98875657
98887083
98891817
98919312
98922993
98924105
98944477
98952863
98978958
98984500
99014265
99015855
99027346
99035616
99041180
99064312
99068190
99086289
99090810
99108022
99127270
99150615
99169262
99171526
99172415
99182240
99183201
99211265
99223744
99230027
99242558
99253244
99259484
99259786
99275341
99287111
99303783
99317025
99332880
99345496
99381672
99397489
99405838
99418578
99422063
99448161
99459968
99468785
99473050
99473665
99487320
99492336
99495501
99499251
99515562
99523080
99538582
99543012
99544034
99552350
99572028
99585615
99607243
99646874
99651513
99662434
99678012
99694741
99713434
99723963
99728834
99737111
99743389
99748870
99754256
99757271
99767541
99828194
99828348
99854837
99865748
99866585
99872546
99891217
99936325
99950780
99957452
99962954
99968343
99978788
