13789
19850
20081
25108
26972
28701
51560
67641
98615
101462
112689
121548
133263
152718
182461
182763
255357
272572
293850
302352
305517
325239
331380
332879
334479
350954
356389
373094
391727
394206
404852
406254
413118
441234
451798
451974
468875
469468
490749
506653
515761
520487
531303
553993
559157
563843
565652
568683
570173
580379
596353
604561
606441
607589
623261
624492
671307
686250
720962
736947
753699
761442
770100
802078
804147
804590
809655
810542
847646
850308
859970
866166
888742
891073
907060
917705
928270
936514
941537
975850
984165
1001768
1004102
1008586
1014214
1030256
1037614
1048870
1053843
1093343
1108414
1113404
1123105
1148495
1157469
1169751
1188495
1195556
1210683
1221587
1226752
1250906
1253429
1254129
1258200
1260245
1290874
1293957
1295227
1297732
1367054
1371427
1372400
1379366
1381991
1384081
1427525
1430292
1433349
1436608
1457195
1457353
1480377
1506414
1507275
1512022
1515044
1522025
1526327
1537621
1539018
1564351
1567047
1571204
1598515
1599112
1600863
1606044
1615282
1625035
1625367
1635597
1643650
1653237
1656424
1666677
1682409
1691709
1695105
1712540
1716614
1781398
1794317
1811346
1816054
1837073
1845832
1851384
1855446
1856551
1864771
1865252
1868447
1897430
1955563
1997585
2005523
2006727
2007999
2027264
2034804
2043418
2049447
2050734
2054830
2056013
2075986
2076261
2116872
2138423
2147560
2156269
2159147
2160713
2161530
2167304
2175436
2176387
2182183
2188193
2200191
2235475
2260203
2260637
2273174
2277048
2282415
2287158
2312376
2314038
2322703
2324172
2346311
2350311
2363407
2376544
2377587
2382293
2383998
2399908
2399961
2407263
2436009
2456084
2457899
2466812
2473494
2502161
2507928
2510476
2538276
2544422
2552566
2555159
2575551
2591661
2599628
2599637
2599939
2635814
2655612
2658199
2658657
2658767
2673910
2678963
2686714
2710495
2765745
2793292
2829518
2867241
2873983
2880733
2901822
2916921
2932852
2952088
2955271
2962198
2980870
2995654
2999277
3000340
3001808
3007034
3019622
3026451
3035186
3056163
3062745
3063363
3070241
3085809
3100546
3123431
3130816
3146593
3151404
3153258
3154672
3164848
3167698
3167748
3169838
3208578
3216066
3229884
3238066
3262732
3267223
3270202
3282998
3306227
3307775
3312521
3319885
3320327
3342941
3358541
3377389
3383235
3397942
3400550
3401207
3412220
3416736
3419145
3421526
3429256
3431342
3435716
3439261
3443016
3449028
3478715
3487394
3496462
3514296
3523564
3525939
3535624
3541854
3542541
3555259
3574532
3574958
3579703
3580752
3584533
3587533
3607678
3607686
3631092
3644638
3645347
3665312
3670588
3672940
3689297
3703428
3730594
3738212
3748411
3752269
3773327
3779639
3783459
3786111
3801316
3805815
3811955
3825858
3845878
3848452
3850902
3851895
3876474
3877892
3900596
3907062
3912673
3922031
3927477
3942728
3950406
3955997
3965017
3971819
3993949
3995875
4004642
4037250
4037566
4040070
4043350
4057520
4087361
4091305
4109410
4129360
4154656
4158004
4159677
4164247
4171167
4172460
4191006
4193032
4208489
4224733
4243362
4262097
4281685
4296210
4301024
4301243
4334695
4348643
4356637
4371286
4383041
4392764
4397379
4397588
4423929
4428185
4437241
4450077
4453650
4464231
4499188
4503138
4505785
4508599
4545605
4552965
4571840
4579705
4589342
4604117
4611656
4623073
4626789
4627596
4633144
4638920
4642540
4647583
4662682
4688657
4691273
4698003
4699976
4705569
4708865
4710534
4712269
4738117
4758960
4778891
4781398
4793634
4800592
4820754
4827617
4854551
4862407
4868772
4870717
4872689
4886763
4891689
4895038
4918399
4926886
4929073
4941400
4952171
4963195
4973765
4982948
4984527
5012702
5031621
5072809
5082706
5088323
5097695
5150025
5171701
5172453
5175096
5176013
5178342
5179429
5179754
5183927
5196638
5198252
5214165
5239029
5246884
5250160
5260879
5280403
5289413
5294124
5318649
5333275
5334355
5338939
5340799
5356093
5357966
5360649
5368908
5371337
5375151
5389215
5400780
5411786
5438452
5440689
5445079
5452649
5473513
5474574
5503116
5503189
5506844
5507281
5509712
5517869
5529374
5532015
5532766
5566418
5582498
5591269
5593819
5622475
5630294
5630973
5632539
5636355
5641529
5658267
5660556
5663100
5670817
5700208
5718822
5722187
5727827
5738642
5761912
5789340
5810739
5851203
5858971
5892753
5893799
5909046
5910801
5916538
5920698
5925107
5946500
5951959
5956283
5972832
5998023
6017454
6018806
6026270
6029020
6038528
6044653
6054512
6075219
6088066
6105594
6115029
6133443
6142726
6161873
6163877
6193907
6194445
6226049
6279708
6312362
6338877
6340802
6348391
6369227
6383183
6391053
6392928
6396585
6410263
6418825
6439545
6441930
6453316
6464428
6467024
6505680
6525227
6529031
6531903
6550668
6561385
6596615
6598363
6617972
6620327
6626528
6630821
6639055
6652279
6655102
6665017
6671203
6673410
6673711
6678019
6679240
6701384
6702603
6713585
6721728
6723798
6725703
6726114
6746885
6753105
6755806
6776714
6777621
6795998
6818615
6874644
6877573
6879112
6879568
6887778
6912785
6928228
6931901
6956243
6959671
6986002
6996674
7029334
7037150
7042725
7044447
7044503
7050243
7053228
7056788
7057237
7073559
7074191
7077933
7082556
7082863
7084840
7091103
7092881
7099648
7104972
7122968
7134789
7149434
7158258
7188205
7189007
7198930
7218964
7241388
7262497
7269160
7275034
7277485
7282978
7294271
7299116
7300444
7308733
7324699
7330714
7332273
7335345
7340627
7354628
7359700
7360828
7371630
7381334
7381779
7396756
7407355
7432783
7446113
7449147
7458483
7467749
7468368
7489953
7495162
7496134
7500297
7503971
7506340
7531167
7536155
7543240
7549196
7555545
7558081
7577424
7582670
7589507
7594349
7597360
7605020
7643013
7650505
7651795
7653751
7701476
7706832
7712507
7742514
7753751
7760420
7783927
7788920
7796018
7798386
7801484
7823636
7839762
7843933
7876276
7886631
7907123
7919587
7920489
7930008
7945142
7946472
7948241
7962404
7981584
7988768
7993264
7994513
8020127
8031961
8042091
8042483
8065946
8070673
8085865
8088596
8097811
8101970
8108769
8115229
8121272
8121317
8129486
8153819
8157720
8165648
8170593
8181171
8187913
8207784
8216258
8235694
8258755
8260956
8274349
8317595
8343343
8369822
8388859
8397733
8401616
8401965
8405390
8423306
8454589
8461309
8474293
8483265
8489641
8504428
8513784
8560728
8565356
8572057
8578188
8589155
8593600
8599926
8602393
8602521
8614723
8653919
8669924
8703534
8705374
8740570
8750187
8752654
8761953
8762625
8763655
8802130
8810188
8810313
8823169
8826017
8828031
8835470
8835553
8864171
8865893
8869948
8880847
8891369
8894098
8899899
8901488
8906041
8907974
8947850
8979820
8984640
8993578
9003767
9008323
9020969
9037252
9052882
9066283
9114827
9117191
9143891
9153603
9168193
9174425
9181266
9223099
9230866
9240823
9256001
9261344
9272652
9301321
9303493
9311278
9324183
9329563
9353059
9370226
9379121
9389315
9447406
9464480
9471367
9479224
9487218
9536355
9540645
9542170
9547022
9549183
9562942
9576992
9599595
9610377
9616858
9626733
9627657
9629975
9651516
9656768
9679476
9701157
9707789
9709838
9718862
9721968
9742603
9747679
9751520
9780121
9796573
9801461
9812984
9819996
9821928
9822208
9830234
9844429
9860675
9876174
9882279
9888419
9895519
9908618
9908778
9925769
9943223
9957154
9962829
9966651
9994168
10014714
10019800
10021104
10047441
10050564
10090694
10105278
10107354
10121444
10129928
10136174
10157567
10158243
10158767
10159383
10159737
10164122
10184227
10188540
10204623
10209933
10213017
10235338
10246003
10262467
10269967
10284024
10292876
10297682
10315437
10329471
10335938
10351831
10362008
10370944
10381940
10400287
10410328
10410597
10436341
10444521
10458638
10462410
10471217
10473618
10474864
10477977
10483294
10491045
10494607
10503554
10503629
10507533
10507720
10518653
10524692
10528083
10551897
10558565
10562662
10579961
10580046
10586056
10597267
10613790
10632394
10641272
10646285
10650185
10678532
10682244
10684841
10701850
10708765
10714104
10726219
10733753
10756936
10769799
10770716
10771870
10791684
10801918
10812139
10823844
10840511
10845547
10862936
10892567
10900807
10904612
10907651
10916903
10962784
10970036
10988480
10990573
11006125
11020475
11029487
11035757
11062912
11083297
11094538
11099468
11119029
11120406
11128612
11131566
11136031
11146328
11155964
11157061
11165127
11179166
11220377
11221666
11236624
11259631
11328271
11364044
11370742
11381914
11383252
11400517
11403594
11407194
11415646
11421705
11435352
11452912
11470256
11479383
11502082
11511027
11520388
11530834
11532359
11540187
11550937
11589541
11654902
11671608
11713928
11724897
11725160
11749003
11777495
11790470
11792531
11792658
11804606
11810874
11824605
11825394
11831474
11833316
11842889
11876500
11882049
11888046
11897403
11919924
11944649
11971419
11975874
11982806
11985686
11988197
12003146
12015200
12031938
12032646
12032832
12035976
12081456
12082945
12094079
12127272
12132577
12135499
12141473
12153450
12170621
12196023
12208793
12211738
12217684
12218415
12224425
12250526
12255740
12256531
12258272
12267765
12271902
12283898
12288722
12289553
12302313
12306767
12311731
12314460
12318518
12321644
12347568
12365294
12372142
12384925
12395462
12404395
12407836
12411464
12412206
12419952
12421055
12422367
12423032
12436168
12518357
12518928
12520341
12540356
12546899
12550923
12570869
12581929
12596706
12616040
12639528
12649115
12656577
12659635
12672592
12710524
12713042
12714723
12729652
12738278
12738682
12754431
12768523
12782441
12793673
12821242
12830554
12858236
12858370
12859686
12861294
12879391
12896204
12916211
12940491
12957230
12970684
12980989
13001762
13006932
13007807
13027388
13041462
13049699
13059961
13061215
13079981
13107104
13125285
13129799
13140802
13167459
13201239
13219943
13221314
13223274
13226045
13232675
13235713
13242014
13257550
13261746
13262427
13271295
13278259
13285379
13292125
13313693
13343960
13354196
13360555
13361623
13370006
13370254
13373178
13373755
13379457
13381992
13382412
13394322
13397047
13413956
13450330
13462893
13463135
13477506
13484227
13489599
13498379
13499548
13504270
13509169
13517400
13524851
13526121
13532958
13535364
13537752
13549848
13573732
13579363
13581254
13593691
13608417
13620146
13629750
13638389
13641391
13655419
13660703
13674250
13676475
13701482
13738892
13788724
13802117
13806996
13808601
13846896
13848099
13885260
13891415
13922520
13926787
13934987
13952204
13956167
13963912
13971891
13994806
14003537
14020572
14047271
14052764
14058776
14058830
14075311
14081818
14108078
14125943
14127910
14148365
14176972
14179284
14180250
14182934
14215025
14216716
14218448
14225124
14250911
14307861
14324385
14328468
14330471
14355231
14366777
14388173
14441176
14452017
14462307
14485321
14496269
14507433
14509528
14512885
14513396
14520424
14523965
14525835
14536425
14542615
14544079
14546859
14555374
14566711
14618026
14630264
14636371
14640872
14649334
14662563
14674916
14708976
14713913
14716465
14734300
14738384
14742821
14752416
14753868
14755208
14776025
14778724
14801324
14832162
14848358
14869224
14878844
14897979
14913210
14925125
14942287
14951720
14952260
14954262
14967761
14968245
15001033
15001292
15006624
15006670
15015185
15025936
15036231
15038149
15052207
15056903
15101508
15102206
15110173
15121863
15136381
15149624
15154709
15159413
15199259
15208928
15222540
15239907
15251597
15255725
15272933
15276834
15289133
15289544
15291539
15292420
15323036
15333863
15342810
15353117
15396907
15418573
15421985
15426604
15431811
15432947
15453536
15453922
15460744
15479430
15481553
15483325
15485039
15517538
15530510
15533592
15543672
15546923
15567184
15589201
15596960
15599976
15617332
15620067
15635296
15637703
15673324
15688493
15689545
15689909
15708599
15711078
15723988
15726593
15731340
15753784
15755485
15759827
15764352
15764695
15787442
15808976
15815118
15825422
15827200
15834563
15840288
15847780
15854483
15858573
15867262
15870237
15875559
15881840
15888589
15890193
15890799
15895648
15898829
15899776
15905656
15933580
15944070
15961546
15966991
15967062
15969237
15974200
16017378
16046235
16054187
16062412
16075133
16078564
16082860
16088045
16097367
16124951
16130579
16143069
16144640
16145873
16146565
16150307
16158146
16178786
16183010
16194027
16204372
16227336
16251655
16256330
16283270
16303760
16314056
16316745
16331628
16342322
16353580
16381630
16387198
16395004
16412299
16427019
16431577
16441953
16451472
16468860
16477158
16478696
16479592
16486098
16499992
16502825
16512065
16520897
16528133
16529584
16565177
16573421
16577640
16597527
16610896
16641184
16643851
16648814
16652211
16658726
16674123
16680025
16707644
16713363
16732524
16746361
16746454
16751075
16755896
16781276
16794382
16810867
16812835
16814284
16814770
16833820
16843675
16876511
16878237
16878485
16890189
16900171
16925912
16930652
16937027
16939569
16947816
16950273
16965572
16966629
16972080
16974787
16988769
16992287
16998237
17006685
17015368
17019612
17035762
17046557
17061347
17068591
17086671
17089965
17112490
17120336
17146414
17158556
17161550
17166352
17197333
17207608
17215977
17231393
17237038
17241756
17248365
17252019
17254903
17264808
17275933
17282065
17287065
17305395
17308545
17309311
17341699
17348482
17351073
17357942
17364700
17374791
17383607
17407328
17415425
17415609
17434600
17435985
17439800
17443264
17449782
17451360
17470250
17480104
17505606
17515052
17525146
17529117
17533360
17536007
17537950
17571134
17608131
17624796
17656715
17673964
17674352
17679911
17683745
17691522
17710042
17711622
17734457
17750388
17757721
17803195
17805836
17816114
17825454
17825962
17827751
17836972
17839317
17844220
17844351
17850087
17851670
17856203
17861936
17865982
17882402
17893729
17903323
17906346
17908113
17927606
17937421
17947606
17960909
17961917
18019573
18028259
18031231
18039250
18041424
18042869
18053800
18063567
18064035
18090206
18093428
18135540
18158914
18163454
18170015
18187739
18187804
18200520
18200684
18226727
18237866
18238694
18248690
18251729
18284727
18287188
18287913
18288056
18299718
18299897
18307094
18326078
18328698
18329497
18330582
18332287
18346822
18347821
18360961
18368903
18375844
18379499
18380752
18415957
18436018
18436787
18441105
18451790
18452226
18457261
18465498
18494186
18511037
18516623
18517280
18535419
18540808
18543049
18543948
18556018
18571005
18578292
18590918
18612099
18617759
18621592
18630659
18635747
18652328
18668814
18673361
18696022
18707283
18719955
18732676
18740204
18743432
18747795
18749154
18763230
18797369
18822927
18823825
18893486
18907029
18915801
18939483
18951741
18955940
18965226
18987765
18992002
19020331
19035753
19039994
19067554
19078586
19095998
19105913
19108157
19123014
19125867
19154356
19156611
19186973
19189687
19192029
19218152
19249115
19250989
19264861
19275146
19275420
19295165
19299847
19303053
19306995
19315712
19336094
19366062
19374943
19389098
19394836
19398372
19409218
19418038
19421510
19422065
19444051
19460718
19483278
19494390
19496094
19518735
19519293
19524256
19546365
19548296
19568476
19571225
19582406
19605195
19609963
19618158
19626649
19628241
19634198
19657707
19669452
19680239
19683416
19689296
19690357
19709864
19715614
19722276
19726499
19726883
19729574
19763674
19767863
19786460
19790801
19804068
19809517
19828011
19828621
19830802
19832929
19841266
19844450
19850776
19855496
19873259
19876366
19901802
19912390
19960639
19996813
19997519
20010635
20014294
20017517
20018041
20020882
20046507
20060296
20072422
20077022
20103812
20128938
20132780
20138680
20139945
20164208
20174199
20183427
20185186
20188526
20190774
20223074
20231051
20240844
20251242
20252445
20253285
20264150
20265023
20277891
20281301
20281357
20288200
20291644
20294298
20295311
20300444
20301508
20322105
20345230
20350017
20358410
20370352
20380665
20386884
20399562
20401657
20416940
20419421
20422704
20457395
20459407
20468681
20481625
20489882
20491073
20541837
20547147
20551410
20568521
20607282
20620430
20621910
20629108
20639492
20661142
20679364
20685261
20711177
20730715
20738118
20765634
20774549
20784515
20819870
20837490
20841444
20856422
20872562
20880814
20884144
20906492
20931696
20938599
20944905
20955276
20960970
20964710
20968918
20971784
20994398
21047702
21056629
21083886
21088425
21091642
21095936
21096422
21100088
21117987
21122085
21122718
21123197
21124417
21128504
21129579
21134751
21153594
21167359
21173341
21175517
21184281
21194158
21204771
21208089
21231030
21271466
21271759
21272460
21275224
21277429
21279858
21308915
21319896
21320216
21322943
21328074
21358363
21365254
21365435
21366351
21387645
21394663
21410265
21413544
21420717
21422340
21478275
21506918
21508978
21516033
21519699
21524158
21525062
21533378
21537743
21542001
21546723
21551819
21558980
21559072
21597553
21603826
21610791
21627345
21628684
21647303
21648033
21673400
21676082
21681814
21684455
21710495
21730099
21734186
21748111
21751705
21759275
21770414
21779054
21793937
21814151
21814828
21818289
21827500
21834512
21836538
21837852
21870846
21945754
21954081
21956892
21958368
21965570
21977309
21990156
21990757
21998235
22001204
22009435
22016686
22028132
22033459
22033714
22034573
22050311
22050955
22054872
22063464
22071691
22091866
22106670
22122803
22128666
22130911
22131866
22145539
22153893
22168620
22183911
22236839
22249421
22256069
22258270
22299480
22305984
22315471
22316255
22321489
22324161
22332705
22341035
22341308
22356266
22357498
22362931
22365524
22378303
22380265
22391913
22404606
22412519
22414409
22419937
22422476
22423119
22425614
22430768
22432176
22437430
22445134
22453818
22464747
22469270
22483537
22484032
22494568
22515988
22520585
22535094
22536974
22561765
22603419
22607805
22632556
22663913
22703799
22710952
22713884
22714316
22730042
22734614
22755089
22762344
22767628
22771409
22786364
22800993
22811617
22833554
22842067
22847710
22864652
22865761
22871729
22878319
22878815
22891228
22892325
22896066
22899948
22921777
22956560
22957797
22962436
22963815
22966314
22990971
23004385
23020142
23042508
23078658
23083934
23099254
23102249
23102537
23106308
23119880
23128395
23136848
23160823
23163259
23178488
23218507
23221693
23229047
23239768
23241765
23251777
23252370
23264817
23282890
23320939
23325997
23326460
23341758
23345639
23355592
23363343
23366947
23403398
23404498
23426517
23428877
23447327
23450175
23459567
23474207
23492848
23505120
23506689
23511484
23515992
23520278
23524160
23524655
23534960
23556830
23564668
23571252
23604900
23614235
23647357
23650512
23662458
23662651
23670846
23679968
23684593
23715603
23723124
23726768
23729924
23736351
23740548
23748783
23773420
23781381
23790109
23797537
23799113
23809603
23812865
23821839
23824738
23835175
23835635
23837323
23838066
23841092
23864910
23865503
23872443
23914067
23921514
23923397
23931303
23945121
23975218
23980099
23996338
24004578
24007380
24017949
24018593
24027954
24029320
24060585
24072720
24084336
24086714
24110426
24117525
24119059
24141877
24150637
24154279
24154758
24154915
24172224
24173683
24181137
24183905
24192576
24208831
24211400
24214221
24249168
24252522
24253132
24260948
24271829
24275136
24293773
24295237
24295447
24310277
24324896
24326437
24335587
24342278
24364044
24376041
24384687
24411713
24415654
24429361
24434636
24440277
24444818
24445033
24445707
24446215
24464147
24470141
24499913
24519379
24523136
24525451
24541742
24545552
24545781
24558892
24560746
24581784
24584343
24590529
24598935
24606437
24621060
24624072
24639608
24640730
24653503
24657008
24658286
24666016
24675281
24681754
24690218
24705194
24714381
24720099
24725969
24734615
24743011
24744140
24759212
24791513
24806009
24817282
24817429
24824349
24831216
24841322
24855738
24857174
24860184
24860268
24904916
24908113
24914670
24921297
24938963
24940754
24973328
24979870
24981818
24982530
24987590
24990707
24993309
24997004
25027946
25040385
25041316
25055229
25060784
25099518
25111808
25118183
25124395
25125223
25144313
25146434
25151577
25161516
25168240
25170695
25202967
25210806
25216925
25232911
25253466
25261501
25264818
25282419
25289250
25304801
25318894
25318914
25320328
25324403
25333064
25352435
25364558
25369585
25395177
25396992
25412711
25420335
25435393
25458822
25466844
25471191
25473742
25482491
25499397
25504218
25514721
25518142
25521025
25523883
25524932
25531449
25537275
25544542
25550174
25550460
25559318
25569507
25582079
25605989
25659435
25660319
25680151
25686244
25687512
25708577
25723041
25741068
25759394
25770080
25773354
25796334
25807423
25815660
25827655
25830478
25837111
25844665
25846535
25847462
25858161
25869342
25884131
25885731
25892231
25894556
25902729
25906539
25911759
25919016
25938133
25945090
25945135
25951758
25966066
26011139
26024662
26045126
26049509
26053621
26126990
26172845
26173958
26176230
26177031
26184526
26201380
26202543
26211736
26212048
26224979
26245378
26258685
26293529
26294247
26299346
26300921
26301272
26310886
26318789
26326035
26337685
26389980
26402406
26405060
26406704
26413104
26414952
26417782
26426726
26430599
26432052
26447840
26454291
26461760
26485666
26489675
26491565
26492500
26532034
26543580
26563469
26567145
26568946
26580163
26581204
26597140
26621485
26627019
26637641
26643468
26645741
26646660
26650879
26651677
26659526
26678073
26688776
26708401
26717212
26718654
26720089
26721387
26754104
26783276
26791878
26824469
26837209
26851325
26851526
26852486
26855055
26861589
26861774
26863903
26881453
26882170
26884709
26887546
26898037
26985030
27006486
27045938
27059583
27064050
27068946
27069101
27069201
27074025
27092885
27096222
27097368
27097533
27108300
27112922
27119851
27127460
27131561
27133118
27148935
27166298
27172716
27182752
27202068
27203432
27205126
27214567
27214902
27219362
27223117
27224035
27226911
27237804
27241522
27251614
27252511
27256779
27259127
27260870
27267804
27272650
27304921
27313091
27319259
27322132
27345972
27349328
27349900
27389557
27409995
27421246
27441390
27452283
27457401
27469287
27497320
27503220
27503666
27513100
27529078
27533773
27535061
27541218
27566233
27571405
27571931
27585064
27588636
27597136
27609198
27610498
27611421
27614014
27636198
27651808
27652739
27654100
27673100
27679198
27688994
27706721
27742641
27743931
27749303
27754880
27763915
27770642
27790684
27815625
27837883
27863252
27882420
27886830
27903571
27904495
27910348
27911598
27913515
27916562
27919901
27940070
27940687
27953470
27956852
27972898
27994687
28010325
28023850
28037674
28041683
28075833
28083791
28092401
28095618
28103829
28116943
28117172
28118696
28120700
28124811
28141558
28144055
28152597
28152669
28155083
28165283
28185557
28195923
28205601
28206584
28241504
28255640
28267281
28279417
28290065
28306953
28307912
28311695
28312804
28318732
28321198
28337571
28343837
28352489
28374773
28381590
28388126
28413264
28416799
28424645
28431302
28437200
28459123
28470468
28473920
28476416
28483351
28491679
28495562
28527047
28532908
28543534
28555161
28556806
28575119
28595802
28597412
28597964
28599024
28603866
28622658
28659992
28666848
28672661
28688209
28697311
28699800
28706916
28725905
28729720
28742140
28753665
28754033
28760785
28782308
28782822
28789977
28820752
28822213
28823028
28834677
28847416
28868218
28870944
28878127
28878982
28886627
28886733
28893078
28898914
28902072
28905959
28911594
28929400
28932652
28934879
28948755
28954224
28959543
28965701
28968254
29012362
29015577
29024457
29030871
29033437
29035380
29035831
29040417
29065443
29067800
29094671
29108277
29111935
29122990
29151287
29152157
29167073
29168972
29175758
29189393
29197352
29209219
29212567
29223143
29233762
29252896
29278567
29280228
29285090
29285119
29303893
29307580
29312721
29318944
29321426
29329150
29329173
29333718
29335978
29337222
29341577
29378551
29389663
29390600
29398842
29414553
29417861
29441659
29457972
29459124
29459572
29460093
29465842
29481526
29502199
29508777
29510171
29547461
29551286
29577211
29582087
29583372
29588740
29600733
29613959
29617582
29618036
29632013
29642309
29643496
29652945
29667288
29691819
29698496
29706538
29732591
29751412
29760311
29807301
29809014
29818010
29826716
29834823
29838560
29841467
29842372
29845547
29854467
29862966
29868272
29874519
29879124
29893688
29897187
29902447
29923863
29928514
29933860
29942428
29946286
29952932
29958107
29983871
29984036
30011216
30028896
30044202
30065876
30065976
30069013
30071465
30072237
30140155
30146397
30150122
30159247
30170705
30206665
30209549
30216775
30220386
30232909
30240242
30240298
30268225
30273392
30277817
30280260
30293086
30300259
30321778
30324962
30353790
30357964
30373523
30427097
30427636
30428010
30439149
30469516
30472016
30484398
30488695
30530439
30531022
30540316
30556456
30580375
30581599
30587813
30612190
30613386
30615046
30670036
30670051
30672273
30674436
30675094
30689371
30696081
30701183
30714083
30718986
30720299
30721138
30724295
30730931
30738761
30764409
30783491
30803227
30829249
30833633
30834029
30852880
30861626
30881168
30882127
30900866
30911072
30920416
30933721
30954580
30978402
30979788
30984466
31002750
31017284
31045834
31055795
31072741
31074430
31088833
31088949
31092988
31094930
31112693
31124779
31128105
31128268
31133823
31139355
31142427
31157598
31169368
31170211
31178390
31187374
31191294
31208742
31214808
31231290
31235530
31246954
31260045
31260177
31280551
31294343
31303725
31305916
31307017
31309329
31309881
31312385
31324548
31326624
31337929
31373424
31373589
31382665
31387341
31400072
31400406
31421028
31424403
31487124
31495555
31501322
31506943
31512541
31520379
31521827
31534128
31575189
31575562
31580320
31583081
31604283
31607976
31609442
31616851
31627351
31645374
31645917
31669996
31679444
31716921
31721148
31772169
31777554
31789491
31810625
31816845
31818086
31828697
31851040
31887540
31887949
31895841
31908137
31923398
31927074
31927964
31941720
31943859
31954573
31978163
31994202
32015979
32020181
32021503
32035829
32047551
32049424
32066107
32082904
32096571
32099325
32123013
32131223
32134539
32142626
32148681
32166183
32167025
32171651
32174999
32188610
32202398
32215984
32217670
32225812
32237195
32237377
32251911
32257201
32294174
32299066
32300964
32303636
32304822
32312938
32330659
32332135
32333846
32349846
32352367
32361216
32371171
32374525
32374845
32385577
32395420
32416245
32451406
32455210
32468020
32468246
32471327
32471732
32487513
32488164
32488766
32520388
32534460
32537122
32568498
32602588
32616875
32620851
32632272
32634543
32652234
32659247
32680114
32680649
32690079
32724301
32750225
32775792
32778295
32787256
32788519
32807361
32807809
32821509
32823284
32825106
32825553
32839294
32852996
32859378
32862522
32875067
32907828
32909936
32920648
32922450
32932931
32950330
32963745
32965264
32968788
32988517
33001533
33005734
33026050
33041554
33041679
33060687
33070600
33078068
33078526
33079960
33084570
33088123
33107026
33112240
33128285
33128571
33128859
33134413
33146823
33159295
33168670
33176461
33177520
33182066
33191383
33204460
33209007
33209348
33214562
33232807
33241830
33246189
33247530
33257495
33261225
33262501
33274629
33289281
33295330
33297476
33333251
33349569
33362451
33365263
33369902
33390369
33390809
33438599
33444177
33449969
33459261
33459943
33463120
33466045
33471986
33499859
33530198
33537499
33546580
33629692
33634593
33647946
33696864
33708710
33710887
33714836
33719287
33720442
33721032
33766758
33770596
33778941
33787958
33810254
33827019
33844087
33847111
33848405
33859595
33895759
33901684
33915327
33916097
33916595
33920932
33926585
33931160
33937134
33937862
33941005
33941917
33998615
34005045
34006183
34015038
34023609
34055273
34070918
34072104
34073943
34098357
34113366
34116998
34137890
34146867
34151672
34180273
34181175
34204919
34219541
34219689
34221633
34223506
34243443
34244215
34269643
34270186
34276166
34284766
34305336
34319683
34321257
34324750
34360888
34364948
34374127
34382672
34387792
34389164
34397761
34410060
34412233
34417248
34421718
34426858
34443735
34448055
34451242
34463308
34467425
34499790
34507062
34534132
34554382
34565740
34583046
34599172
34610889
34648461
34652020
34660615
34667118
34673211
34674060
34677840
34682874
34688864
34690422
34694523
34697581
34698718
34705777
34706381
34710593
34720276
34778590
34778695
34809998
34830827
34838073
34838892
34850597
34862738
34881852
34886991
34913726
34930766
34950742
34961864
34964910
34983790
34993298
34995537
34996583
35001888
35006859
35007279
35016335
35031637
35037098
35039393
35040614
35053104
35054020
35056437
35072484
35072554
35082175
35095053
35096279
35097754
35098537
35111466
35129143
35139566
35150525
35167129
35167435
35171449
35174298
35208665
35233190
35238335
35249736
35251381
35266248
35272360
35283956
35290223
35300625
35303381
35309728
35323040
35323715
35333839
35341604
35356854
35357776
35359216
35359705
35388158
35393461
35405215
35405501
35415419
35417400
35418312
35419408
35438942
35459249
35462832
35472314
35473176
35476568
35479293
35496339
35499146
35513642
35547452
35549837
35567640
35572962
35576113
35590652
35638799
35642601
35643706
35645994
35650805
35682118
35688182
35696885
35702891
35708192
35711939
35717091
35748231
35749064
35790719
35793964
35815753
35826553
35839032
35842652
35852299
35864236
35870541
35881928
35901627
35906810
35957511
35972953
35976844
35983185
36009032
36013950
36017561
36037891
36051427
36067357
36091804
36103669
36104939
36126765
36132415
36133111
36162227
36177621
36179449
36179557
36190818
36192719
36198299
36231621
36231750
36251234
36282025
36295148
36300596
36302606
36303685
36314678
36340789
36343088
36345109
36347572
36352055
36361388
36363705
36378167
36397795
36408547
36417927
36431152
36448558
36451014
36464285
36493497
36496236
36503556
36526707
36538469
36541615
36543339
36556242
36585759
36631438
36635539
36645050
36649549
36656364
36657554
36672622
36699414
36707140
36708942
36720419
36724349
36726986
36732011
36790654
36822249
36834265
36847888
36855453
36860141
36873067
36874043
36881406
36882781
36885184
36888065
36888806
36917959
36921532
36928176
36944475
36945573
36952388
36956258
36958207
36967328
36981898
37021678
37030695
37032104
37032951
37033764
37042232
37075018
37077329
37084684
37092434
37104807
37107415
37111097
37121670
37144313
37158010
37158892
37210185
37212700
37216705
37221513
37229910
37243578
37244736
37250574
37255380
37257531
37273292
37273781
37286718
37290730
37292059
37299882
37328616
37329365
37372547
37395621
37396531
37397349
37402851
37419388
37447262
37452165
37466571
37471055
37474346
37475445
37478162
37482127
37489224
37522622
37564355
37565009
37613165
37613444
37616461
37680990
37701670
37711159
37727311
37732058
37733498
37738138
37759638
37762902
37766624
37768969
37770415
37772350
37773947
37788268
37788451
37790249
37790599
37802501
37805458
37809475
37814232
37826412
37827205
37829819
37841431
37846994
37852117
37853248
37855002
37881094
37888857
37894093
37927883
37964529
37970720
37976786
37985213
37985389
38018717
38022163
38028190
38036199
38038662
38047425
38047475
38060717
38060874
38080497
38094404
38119778
38133910
38140779
38152554
38159433
38169049
38179252
38181826
38193809
38194274
38204069
38214217
38218411
38233630
38244042
38246435
38260108
38269700
38309213
38316347
38326064
38352140
38376173
38376540
38379987
38387451
38391139
38407073
38435362
38437834
38448498
38450152
38481450
38481632
38506995
38513979
38526388
38536193
38548457
38575188
38586360
38590157
38623883
38627282
38628096
38646169
38647454
38649821
38660225
38675425
38689003
38718980
38741193
38752907
38757564
38772440
38780980
38782861
38793591
38808290
38851147
38859785
38873968
38874283
38878961
38903218
38905105
38910872
38911170
38944020
38959786
38979986
38988139
39010747
39011763
39017142
39022271
39044291
39058958
39065537
39090034
39090034
39091697
39094653
39112317
39113039
39118214
39121830
39122592
39126271
39139235
39154878
39206617
39241927
39254077
39267582
39279599
39285436
39315055
39325991
39326071
39342875
39345936
39349260
39363755
39384749
39386361
39389302
39410503
39416921
39434370
39439012
39442704
39446247
39458954
39468755
39479737
39483300
39492194
39507480
39507640
39511637
39517584
39528476
39535951
39539678
39551067
39568030
39581936
39585872
39597823
39601937
39608093
39608753
39649800
39652476
39669990
39672753
39674141
39688093
39691938
39697308
39699145
39703170
39728153
39732118
39734752
39737064
39754824
39763391
39802758
39826511
39827627
39837440
39842639
39847882
39869183
39873052
39873425
39874267
39908291
39913896
39931082
39934461
39953003
39981932
40004122
40008516
40056388
40137753
40139082
40148567
40153405
40161811
40176125
40182665
40185694
40193068
40207086
40210811
40232353
40243508
40246782
40254580
40260582
40278643
40283037
40284530
40288293
40290798
40290830
40328621
40340386
40348953
40365493
40368683
40379061
40387701
40421330
40469871
40473082
40478056
40516980
40520811
40522016
40553707
40557136
40571188
40588807
40597326
40599497
40625474
40648096
40668962
40671197
40685291
40689301
40707670
40714103
40715652
40734320
40752556
40772923
40786479
40788236
40789660
40795652
40800815
40815092
40821438
40827801
40828726
40844039
40849975
40855401
40865145
40871946
40872689
40876305
40880277
40889796
40891628
40896185
40905729
40905921
40907236
40909772
40913383
40924699
40925412
40930188
40941723
40941993
40944729
40963331
40964160
40970535
40975126
40991518
40997700
41002542
41009129
41012888
41032199
41034976
41042983
41050355
41050916
41060670
41078946
41085074
41103373
41118078
41150165
41180412
41194069
41203151
41210565
41217101
41225800
41228432
41253089
41265785
41266467
41274861
41275277
41288009
41299794
41313592
41318487
41324650
41325963
41329971
41361332
41364336
41365751
41391623
41393151
41398024
41398409
41400566
41406772
41412805
41437363
41471394
41477160
41481624
41537761
41603197
41612037
41622336
41673260
41700152
41702442
41725248
41734207
41735293
41748974
41750335
41755268
41755426
41784159
41799779
41804836
41816108
41825475
41830604
41834891
41844829
41864874
41876050
41884116
41891599
41900114
41919822
41922773
41953601
41965064
41970397
41990093
42002600
42003632
42017476
42052369
42055476
42063309
42078102
42086951
42098977
42108548
42114294
42119718
42141465
42142348
42164809
42173988
42223220
42230985
42241747
42260016
42265017
42280253
42292743
42304000
42318526
42322905
42341455
42347765
42355867
42386043
42387163
42389903
42400192
42400231
42410097
42429164
42429506
42458012
42475735
42475910
42478088
42478874
42484473
42487189
42521272
42524517
42535326
42538110
42538389
42545270
42546184
42562474
42563251
42563344
42572517
42576510
42597110
42604530
42631445
42637054
42641744
42647053
42660363
42667662
42675300
42677843
42698517
42700621
42706366
42731938
42747299
42753070
42757563
42768925
42780193
42796980
42815032
42839057
42862268
42863145
42866573
42867496
42871496
42877740
42890371
42890544
42897482
42899465
42900491
42906444
42932403
42939919
42976462
42979244
42988610
43005316
43005561
43014885
43015579
43037145
43037860
43064679
43067170
43068449
43077345
43085770
43086752
43093928
43115386
43118682
43123882
43152364
43182081
43189578
43194308
43221585
43236561
43237668
43248212
43253443
43255639
43259694
43271091
43274297
43276304
43285566
43290051
43305729
43309012
43319777
43320086
43332128
43337684
43340012
43352853
43353851
43392929
43413655
43418841
43436609
43444428
43460620
43470430
43479257
43484270
43496848
43498935
43502239
43516391
43526211
43526437
43533815
43534903
43537651
43549832
43571906
43585846
43591193
43592080
43597206
43611976
43625666
43633148
43645827
43648673
43650278
43656681
43662302
43683413
43687494
43698850
43708532
43719368
43724353
43727757
43736201
43740667
43747768
43750651
43762784
43769656
43796016
43806412
43820073
43823528
43823582
43830440
43840136
43843957
43844909
43849934
43859517
43883464
43898504
43910900
43933101
43950716
43958267
43961044
43973579
43976600
43980095
43983363
43999201
44002528
44032780
44034399
44042431
44047097
44061441
44062317
44062794
44067101
44071013
44087555
44093877
44103761
44105764
44125412
44143702
44145031
44160913
44161416
44169603
44177931
44179453
44184383
44190589
44192053
44200557
44202199
44222371
44235509
44238054
44249624
44291825
44295164
44306745
44314089
44315000
44324991
44330360
44334565
44337716
44352321
44359967
44372104
44374251
44377527
44393697
44409979
44417031
44425832
44433483
44435089
44439691
44457384
44457650
44480797
44482929
44511149
44518493
44519998
44556857
44558251
44561259
44568411
44571119
44579524
44589884
44592096
44594738
44609924
44617464
44619964
44625827
44627855
44636869
44653621
44658956
44664218
44676694
44676857
44712040
44724113
44732963
44740902
44741437
44754337
44755060
44795248
44811312
44844213
44853543
44857962
44866857
44879603
44886599
44899092
44899507
44900819
44901061
44906219
44911381
44918304
44933872
44938045
44967390
44972634
44983717
44984409
44992764
45005989
45016347
45024936
45026949
45039529
45053608
45064033
45069986
45082929
45083035
45092800
45098950
45113092
45124409
45154646
45158842
45167050
45189312
45211899
45227180
45262151
45292867
45300488
45311827
45321965
45325240
45328428
45329265
45337860
45355246
45361404
45363093
45365614
45367919
45384083
45387077
45403700
45410012
45411519
45424373
45429213
45458007
45482438
45501026
45503697
45509889
45517046
45527134
45529967
45531272
45540556
45543925
45545508
45556654
45556785
45558658
45571013
45572145
45573808
45576176
45579831
45582717
45587474
45599450
45599939
45606711
45615128
45625263
45635948
45683044
45699834
45710571
45714648
45720812
45727864
45729988
45740046
45743270
45752168
45771305
45775904
45800713
45811418
45811794
45812816
45813042
45824860
45828584
45835413
45854478
45856010
45868792
45873922
45893681
45899539
45910524
45923078
45925801
45927014
45928728
45935828
45938846
45942854
45967005
45981170
45981465
46012558
46013390
46024288
46053967
46055781
46067247
46073682
46077358
46081968
46098994
46101253
46104239
46105614
46107722
46117253
46119047
46122089
46122985
46129437
46172529
46181047
46189740
46190881
46192170
46199430
46199854
46209096
46223266
46226580
46237802
46261263
46275030
46277635
46287994
46303829
46319073
46345957
46346564
46356013
46383179
46389884
46392740
46393704
46393863
46410756
46419022
46422855
46433312
46438859
46453193
46459466
46481677
46492577
46509385
46509496
46519692
46520025
46538185
46539052
46563963
46605540
46610346
46674696
46694522
46695428
46695644
46723619
46732383
46748731
46766514
46768492
46773095
46784359
46787162
46793071
46799505
46807241
46816100
46818842
46822695
46830046
46839425
46846538
46875892
46876874
46907266
46912206
46922834
46927549
46928645
46929325
46949135
46957806
47009817
47014773
47028001
47063577
47066139
47075794
47083043
47084755
47100378
47117024
47127079
47138746
47173514
47177256
47181323
47185137
47195439
47199226
47199888
47200980
47204702
47212606
47218332
47220253
47221917
47243794
47246436
47270746
47274804
47284348
47289640
47295110
47301923
47344327
47374029
47384495
47408759
47412617
47419645
47423007
47427195
47429594
47438008
47447687
47449516
47459699
47494842
47508157
47508838
47515485
47518518
47522881
47540218
47545567
47547042
47553301
47553345
47553872
47557032
47568800
47571293
47578663
47587899
47624753
47629340
47641188
47650416
47693726
47701021
47706650
47719321
47719724
47730014
47736098
47743607
47764934
47770747
47775176
47779156
47798305
47801487
47803487
47807814
47811796
47833621
47839186
47861039
47873853
47875580
47878134
47898468
47913478
47919095
47932327
47939907
47957653
47960771
47986773
48000080
48012144
48024159
48025208
48025459
48029909
48060758
48067463
48071736
48074219
48086523
48121159
48135752
48146698
48150236
48160719
48163256
48165141
48168017
48169479
48205056
48210485
48220729
48229621
48240701
48253627
48265309
48295971
48299306
48309375
48333133
48335036
48356423
48360793
48368841
48374006
48396718
48425732
48434939
48436827
48439232
48445956
48469535
48471366
48489758
48502344
48506659
48528052
48534061
48534148
48539387
48542504
48545719
48553006
48564863
48571635
48574402
48584212
48585155
48592136
48594768
48604218
48607029
48655314
48667470
48667737
48671626
48675811
48690598
48696101
48701861
48747075
48758607
48787538
48790094
48796281
48798062
48804167
48804845
48831593
48832763
48835314
48840573
48841240
48847935
48850175
48859702
48865644
48877255
48891693
48899566
48902622
48916222
48919078
48926701
48932956
48956165
48999181
49030469
49051770
49076574
49087683
49089078
49093537
49100678
49113614
49117139
49124075
49143949
49149358
49156711
49158816
49164677
49175044
49196291
49201308
49205518
49238677
49257644
49263376
49277137
49280155
49285038
49304566
49321878
49322480
49322583
49328133
49356224
49386423
49397757
49424997
49428836
49460950
49462110
49462972
49467498
49477267
49492825
49497497
49510338
49520084
49525005
49533245
49536193
49563110
49569461
49584445
49597518
49603740
49603967
49606906
49610910
49617324
49618676
49623356
49650719
49655960
49675840
49682438
49690519
49691221
49693574
49695391
49700582
49705636
49706159
49706643
49707360
49717956
49724302
49728854
49732915
49751165
49755955
49762441
49782561
49800364
49804257
49807382
49814282
49814881
49835153
49835410
49849895
49869295
49869305
49871105
49882257
49887369
49903544
49938719
49949022
49952396
49985158
49987654
49990093
49997067
50011377
50017687
50017978
50023270
50025404
50036572
50038257
50044985
50050012
50055636
50056114
50056884
50065594
50068546
50081775
50100187
50108647
50110812
50119384
50123315
50126361
50164531
50171521
50174670
50227197
50241531
50244765
50245703
50249412
50271076
50285113
50294309
50298709
50316757
50321252
50323073
50346733
50353393
50354257
50354336
50364838
50371459
50384287
50387550
50388409
50396580
50406251
50432904
50434193
50444264
50459275
50462771
50481136
50499785
50510599
50510653
50522366
50531615
50539805
50545837
50558270
50567483
50597503
50604977
50615135
50627034
50629244
50634059
50637248
50640834
50662753
50682031
50684331
50688818
50694045
50766256
50775340
50793042
50794721
50808775
50826036
50838488
50862210
50865747
50889443
50895612
50901866
50907839
50910544
50910798
50927146
50936520
50937507
50944936
50946365
50950743
50952392
50965661
50968607
50969067
50970875
50972316
50994993
51000893
51001128
51002425
51009917
51010769
51011895
51012624
51014082
51027040
51039088
51047189
51090483
51091216
51096093
51096256
51113565
51134876
51135137
51138151
51194315
51196936
51217224
51224783
51241219
51257364
51258865
51260241
51275546
51276737
51306971
51334529
51337927
51340808
51343881
51348989
51355560
51374670
51381620
51384491
51392780
51431946
51432735
51432792
51432832
51435776
51446759
51448202
51458009
51469535
51477436
51497634
51498986
51501673
51550784
51553104
51555300
51566865
51570799
51585503
51586782
51604291
51605003
51607139
51610063
51621681
51624815
51661004
51678200
51685260
51698929
51701295
51704949
51749070
51759250
51760038
51781715
51782688
51805542
51839514
51845404
51855589
51877775
51896824
51932831
51939667
51947220
51953629
51957838
51959142
51960668
51965912
51980518
51981588
52029557
52044142
52073161
52082866
52101090
52115565
52124053
52128279
52133697
52141385
52158327
52170709
52173325
52180638
52181743
52190672
52207810
52226743
52236065
52238977
52269238
52304548
52318904
52320060
52389419
52394057
52394808
52428100
52433037
52445621
52445715
52460336
52464393
52486322
52487303
52499415
52507707
52514128
52525281
52533557
52544369
52574064
52575758
52576595
52577496
52585524
52589173
52600729
52646355
52654333
52659731
52662152
52664482
52666473
52686634
52694745
52700723
52708626
52710739
52710997
52713253
52720338
52725756
52731422
52737304
52743420
52756407
52776468
52780084
52793011
52793627
52797527
52797751
52797783
52828317
52828837
52844945
52873297
52892537
52892767
52926303
52929575
52941295
52987088
52987216
52995544
53004345
53033347
53046421
53067306
53079700
53116764
53125035
53130520
53172504
53179912
53212604
53249022
53258794
53265684
53279993
53285429
53295235
53295452
53314923
53320851
53321515
53326264
53343240
53374880
53379712
53380991
53385285
53404923
53414929
53426143
53482023
53498939
53501873
53521701
53522115
53524038
53537269
53545793
53570457
53584892
53596281
53599040
53603796
53607630
53626146
53637693
53639445
53640968
53641106
53647253
53650648
53673570
53682044
53693479
53694658
53698029
53703956
53718573
53757971
53779367
53782925
53794665
53801926
53812379
53828920
53859008
53875311
53876077
53889232
53890406
53908585
53938573
53954811
53998147
54015224
54022936
54028889
54045990
54050319
54064852
54068546
54078745
54082552
54106771
54115004
54115132
54134138
54142813
54158356
54204588
54213550
54243092
54257631
54280066
54283583
54288341
54288891
54291576
54296686
54304783
54312978
54315406
54321053
54326074
54349353
54368558
54391590
54393139
54396654
54399572
54404135
54423874
54429587
54449314
54465189
54474520
54484598
54486504
54493612
54502681
54503655
54515649
54516876
54524167
54539026
54542103
54569173
54597288
54601797
54622936
54626730
54634026
54638615
54688935
54704934
54705283
54715514
54720596
54732122
54754957
54755043
54764397
54790551
54804795
54810076
54811262
54819336
54820437
54824681
54827586
54828722
54829556
54852434
54857548
54862988
54865736
54874437
54878332
54888662
54891738
54895887
54900553
54918595
54919028
54923207
54930647
54938633
54956580
54959243
54967228
54969558
54976632
55007001
55022127
55025229
55031965
55037089
55049846
55064177
55085291
55099584
55122358
55170763
55186731
55186835
55253655
55259819
55267900
55275255
55285158
55294859
55308976
55311628
55320986
55326432
55337827
55347561
55354521
55354736
55357713
55360305
55366770
55371830
55395056
55399677
55401711
55408042
55412567
55412737
55436493
55440408
55449941
55476323
55487789
55505464
55512125
55519818
55521011
55527506
55533171
55544622
55563475
55581778
55585597
55596817
55599675
55604320
55612012
55623560
55660087
55663479
55674478
55686665
55689475
55704412
55725482
55727758
55728747
55768326
55774010
55780328
55780679
55807159
55811988
55816606
55846696
55875528
55900075
55912727
55921430
55921792
55947913
55952090
55956500
55962437
55977772
55989903
55992077
55997589
56000232
56017460
56019529
56024885
56028964
56030708
56044251
56048507
56065755
56081068
56083944
56093389
56099071
56105897
56129386
56135392
56151686
56161254
56168858
56171217
56178332
56180049
56201991
56233389
56239683
56241634
56241750
56268655
56272977
56275265
56303848
56322519
56329205
56350594
56351441
56354024
56362783
56388615
56394216
56411874
56435309
56440567
56449642
56458623
56469185
56473665
56508467
56525174
56528144
56533218
56548641
56557428
56560046
56573406
56574327
56576544
56600832
56602469
56602646
56608958
56636175
56642245
56647852
56648458
56650613
56655741
56674614
56695746
56718424
56725718
56727217
56731378
56742343
56748068
56750606
56760106
56766955
56773102
56787444
56790204
56801674
56805703
56805767
56806370
56811575
56813037
56822003
56822040
56824181
56828727
56833042
56881417
56900164
56903231
56906040
56936539
56943430
56946061
56961729
56969059
56973019
56988841
57000710
57010699
57013970
57033510
57035952
57043147
57068403
57069779
57078332
57078686
57079296
57082921
57091038
57126412
57128127
57136487
57139007
57144713
57164040
57187868
57204472
57205943
57226514
57230015
57246986
57251207
57266358
57281070
57309104
57329289
57334287
57343328
57384964
57389474
57398666
57422217
57427435
57438145
57451219
57463005
57467940
57469115
57477984
57489689
57497169
57503257
57521788
57525590
57530203
57540801
57545342
57551961
57567663
57572992
57592138
57593536
57594399
57613662
57627237
57634498
57644685
57651408
57664326
57679458
57684223
57717282
57722836
57767178
57769648
57770387
57780637
57783405
57783491
57801637
57808965
57810524
57818943
57836280
57839266
57854411
57862777
57876668
57901042
57903318
57907247
57910102
57914927
57940389
57947069
57958801
57963591
57978226
57988408
58009702
58017983
58026678
58035515
58036007
58040593
58042265
58047951
58061350
58074911
58084026
58084545
58092118
58105357
58112486
58119811
58141103
58160075
58164676
58183323
58185003
58186860
58189364
58194842
58195794
58213781
58233013
58254121
58254140
58272257
58301762
58323720
58325214
58354895
58363727
58392325
58396810
58398251
58399610
58402748
58407124
58408792
58440836
58467057
58476100
58476878
58483191
58496430
58506428
58510847
58526108
58533387
58538822
58546570
58581505
58591754
58592905
58593202
58605972
58612322
58625752
58649382
58668754
58675133
58677313
58688296
58688649
58702683
58707492
58710481
58721232
58750065
58761262
58777694
58789631
58830263
58855751
58857394
58878898
58883285
58888675
58897565
58903765
58911822
58938119
58938359
58966363
58969394
58977590
58990825
59002044
59004110
59027982
59040593
59059027
59066738
59074238
59077430
59082506
59104862
59118016
59118370
59128862
59138726
59144965
59149265
59151083
59156375
59158781
59163609
59190763
59194960
59221676
59231831
59231956
59241307
59260129
59285736
59315590
59325000
59327614
59332779
59347621
59349311
59356045
59368406
59368606
59381848
59384441
59392241
59421882
59426692
59448780
59456045
59460760
59482302
59486269
59489678
59502703
59516768
59520515
59531562
59534532
59535237
59541800
59551273
59557333
59558594
59569345
59571336
59577859
59579632
59581958
59601847
59602403
59611005
59634570
59638416
59644176
59665745
59682590
59701732
59715032
59715855
59719624
59722916
59733849
59748044
59752942
59776289
59788434
59793869
59800048
59810860
59824817
59827475
59855758
59857905
59859045
59872249
59882316
59883072
59883768
59884703
59888972
59910925
59922369
59924089
59929259
59948659
59953073
59975198
59976295
59978647
59985316
59986754
59994614
59996128
59997334
60001364
60006831
60007089
60009877
60026462
60045167
60065671
60074045
60077339
60084903
60096099
60117767
60130654
60137459
60155387
60171235
60221082
60224586
60235674
60263650
60270434
60286165
60287375
60294153
60301082
60304894
60317546
60334338
60355071
60355742
60365168
60390003
60397639
60407865
60435815
60453883
60466824
60473413
60478608
60491913
60497904
60500888
60516411
60520729
60529613
60570129
60600577
60623291
60626568
60628056
60648777
60656285
60657985
60674038
60683241
60686367
60689564
60690123
60702062
60718986
60724358
60725077
60725341
60736092
60739574
60746901
60758203
60763910
60773830
60790209
60794141
60805579
60809299
60811204
60834750
60847237
60854174
60856271
60862388
60873065
60878722
60895059
60895615
60914622
60916926
60957055
60957877
60972198
60990220
61003117
61007703
61012867
61016991
61032701
61040310
61047391
61050238
61053600
61066374
61070128
61100151
61119617
61143581
61145551
61149301
61162564
61172728
61173352
61175668
61187404
61204578
61212096
61221116
61232057
61242932
61255541
61263218
61270799
61280237
61314660
61324433
61328503
61333359
61334198
61344414
61351750
61356191
61379619
61388278
61402727
61412217
61414621
61442746
61451253
61465993
61474989
61484440
61485352
61487492
61499653
61501573
61512020
61528284
61533292
61535764
61540285
61559935
61573193
61577009
61578103
61586839
61590007
61592670
61608770
61641902
61659382
61672017
61688325
61693983
61695545
61698961
61705008
61709707
61710933
61743750
61745512
61749367
61761514
61770191
61771891
61775437
61801297
61825412
61846091
61865318
61880611
61881857
61894405
61942634
61956107
61958269
61958459
61965020
61974711
61978084
61980816
61990288
62000838
62001150
62009161
62010428
62020313
62025401
62030732
62041798
62051413
62059747
62067442
62069954
62080513
62118828
62135037
62138910
62146297
62156021
62164514
62177402
62180197
62195719
62200026
62200307
62220370
62220410
62239617
62244776
62246067
62255804
62255949
62259245
62259890
62261105
62281799
62282178
62293690
62298459
62315560
62317126
62340948
62353086
62361702
62393664
62400116
62400149
62404354
62405526
62438066
62444889
62449023
62453549
62477619
62483780
62486787
62491099
62518923
62535107
62537976
62553768
62562740
62572806
62574672
62576052
62610598
62623068
62667472
62674920
62691091
62694533
62695497
62705095
62708874
62709562
62725056
62745441
62752241
62768673
62773675
62794761
62800522
62802943
62812116
62822596
62822674
62868628
62875861
62880699
62883706
62905926
62911760
62915863
62920074
62932895
62976013
62987853
62989856
62994939
63008758
63011579
63013665
63020828
63022605
63038488
63062152
63084011
63094820
63096981
63102612
63114938
63136449
63137491
63144595
63169469
63171187
63178610
63193926
63196911
63196933
63201117
63204922
63212838
63215336
63217704
63223336
63228527
63228846
63230494
63237011
63237920
63292871
63310511
63323280
63340564
63341384
63342429
63365477
63366677
63366730
63373511
63377723
63379845
63384989
63392829
63407063
63408012
63414107
63423386
63445368
63468791
63484210
63506412
63556887
63590231
63594367
63620484
63628929
63639168
63648753
63662473
63666577
63668099
63677786
63677802
63681381
63701374
63705073
63710270
63710822
63714410
63728607
63732899
63738700
63764954
63767546
63771891
63793011
63810383
63810951
63813248
63814017
63818184
63822268
63822976
63862020
63862309
63869929
63888317
63894250
63898817
63903287
63908454
63908622
63910075
63929596
63950709
63968621
63980712
63986352
63989726
64000570
64009827
64039954
64044197
64053639
64061406
64086018
64086273
64096524
64097574
64104250
64123275
64141973
64169657
64183987
64196022
64197686
64222860
64228952
64230408
64244800
64246119
64292737
64303157
64322973
64326645
64328940
64342389
64358966
64362259
64367195
64369083
64373168
64374179
64376041
64381783
64384450
64388142
64396790
64410160
64414273
64429746
64452452
64455492
64459545
64464284
64467549
64469722
64471909
64472011
64473017
64473636
64473719
64485587
64509883
64510712
64511677
64515123
64524164
64530240
64533093
64533188
64538658
64547136
64559930
64565903
64568214
64582569
64588707
64592024
64600300
64602031
64610104
64615570
64616843
64627422
64633369
64655216
64667195
64678842
64680556
64680717
64680759
64701029
64707979
64709331
64717004
64726629
64740535
64746991
64754698
64756435
64768250
64773783
64777418
64779791
64794430
64797532
64820593
64826072
64831620
64838545
64839293
64865244
64875448
64881581
64884618
64914399
64923347
64937580
64940514
64955383
64976738
64984236
65005259
65005525
65009854
65015950
65020631
65029440
65029707
65037986
65038519
65042599
65048504
65060752
65064192
65077822
65094768
65107507
65108073
65121262
65128314
65131713
65134549
65143226
65155183
65156137
65171155
65201940
65206365
65214070
65222068
65239060
65240715
65271579
65278928
65282552
65295795
65303119
65318134
65319278
65321357
65323609
65335499
65338204
65346970
65352931
65357259
65362038
65366772
65369794
65372245
65378020
65409096
65418364
65438096
65451941
65456370
65493490
65504283
65558068
65577733
65583365
65606345
65629402
65631787
65648464
65673142
65677407
65689061
65716305
65717619
65731671
65735759
65737466
65744875
65748296
65760439
65771627
65771939
65784139
65788645
65793715
65801125
65810609
65820438
65824019
65827195
65829918
65840302
65850276
65863044
65864773
65864787
65870613
65882972
65885948
65887833
65888795
65893261
65897377
65903990
65912373
65925249
65957954
65959028
65960491
65970000
65972273
66008332
66010294
66024866
66031515
66061975
66071529
66091490
66127170
66128107
66139976
66143364
66148538
66158764
66171604
66172161
66176902
66191145
66207222
66207535
66209392
66211241
66212084
66221097
66247005
66256686
66261153
66265058
66270372
66276277
66287156
66292679
66302274
66315635
66325402
66327197
66332904
66337741
66347570
66395658
66429953
66460994
66461611
66491103
66492730
66493533
66511116
66522075
66525418
66527581
66531891
66541310
66558467
66560581
66579216
66588604
66621342
66626454
66635222
66640211
66682487
66684106
66695131
66695551
66705509
66712657
66736167
66736422
66753125
66758367
66767228
66773769
66777631
66791745
66793274
66793769
66810749
66821047
66823243
66836500
66858602
66875743
66876542
66892587
66903960
66915891
66920808
66920904
66921630
66929812
66934566
66948404
66950610
66970009
66989966
67014231
67032200
67034680
67046502
67051086
67100411
67100835
67127388
67138671
67159543
67169081
67177899
67182922
67203831
67215841
67233108
67239297
67257703
67261463
67264392
67284950
67284961
67293414
67298582
67315412
67316455
67318806
67335835
67336854
67362188
67368140
67371776
67374660
67399684
67414032
67422609
67424182
67426494
67428350
67434530
67440217
67448339
67450446
67504765
67512145
67517272
67527470
67547410
67558552
67559764
67563456
67570867
67585394
67591212
67595024
67599988
67633979
67663923
67673865
67675610
67707482
67720231
67723303
67743004
67744182
67749782
67749891
67763199
67767174
67781960
67791420
67813880
67817435
67822123
67833629
67850480
67855102
67855124
67862848
67868068
67869764
67871167
67878647
67879994
67895353
67907496
67913349
67924943
67952302
67959626
67965321
67973680
67980513
67980806
67990159
68008798
68009621
68033245
68040603
68043255
68057517
68080832
68084428
68128811
68140694
68141273
68148388
68150219
68150354
68167755
68177030
68178276
68182131
68207938
68225957
68226242
68229636
68230359
68247835
68253674
68255841
68260396
68271280
68294884
68297728
68316511
68316743
68354976
68356911
68362455
68386257
68399233
68404596
68408142
68415516
68419804
68425800
68426283
68437658
68450135
68506341
68541282
68548858
68549575
68562548
68567860
68580584
68580647
68591089
68607719
68638546
68647581
68660035
68661545
68663007
68664266
68676073
68686544
68703078
68713222
68741715
68744303
68762106
68766610
68785364
68805445
68811998
68814675
68829623
68831613
68832188
68860233
68876547
68899017
68899826
68902041
68915855
68922664
68922786
68924889
68930587
68932473
68937783
68945094
68954555
68975887
68977736
68980169
68983088
68988167
69001878
69016489
69026670
69034919
69042065
69042412
69047266
69056167
69057221
69065884
69067197
69071828
69087155
69087330
69111151
69112404
69113847
69115544
69115569
69128086
69134396
69159974
69174471
69178957
69179021
69251546
69256549
69286270
69303203
69313184
69315629
69320895
69322129
69324262
69332512
69341136
69360259
69377966
69381835
69409544
69426276
69436007
69440075
69444115
69447407
69477258
69487216
69488053
69498238
69506830
69515275
69528255
69530024
69549621
69560667
69571895
69586059
69595044
69604392
69607045
69632925
69635188
69646452
69646865
69666010
69679842
69682398
69682495
69723624
69730719
69733600
69733748
69746013
69746579
69763562
69764637
69782089
69799990
69805924
69817658
69820619
69833056
69838611
69864312
69865518
69877310
69880144
69908059
69910261
69916678
69922137
69944597
69955262
69961408
69970972
69991112
69991593
69993958
70005997
70031129
70038459
70038536
70056734
70081325
70086651
70109666
70113881
70118656
70170324
70174122
70176889
70186158
70196034
70199607
70201206
70201312
70221712
70225473
70227016
70242543
70255454
70262190
70263289
70274683
70274939
70279829
70293365
70294722
70297833
70317718
70322814
70335354
70337392
70364218
70366285
70366616
70370548
70411123
70417983
70439259
70441762
70481020
70485090
70487762
70495889
70498563
70543530
70548830
70553691
70559901
70570699
70586012
70589153
70606578
70606631
70608087
70627211
70631937
70636110
70641805
70662632
70678444
70685375
70694716
70696952
70697194
70704740
70708836
70724848
70735433
70753465
70756820
70760062
70772193
70772894
70802968
70817697
70852608
70880879
70882106
70888420
70909085
70911308
70919063
70924548
70945531
70954248
70980504
70981230
70981497
70981930
70983302
70989329
70997540
70997836
71036478
71050389
71062466
71094253
71106831
71130195
71130987
71131898
71135668
71142831
71152281
71152846
71167633
71173625
71180439
71181994
71186202
71187975
71191979
71194796
71198819
71209962
71210535
71232314
71236888
71252805
71283342
71288696
71302978
71325178
71325370
71329417
71334228
71344853
71376882
71401808
71406738
71407756
71415385
71435002
71441895
71476547
71497697
71499084
71502021
71524567
71531776
71533345
71537839
71542950
71548459
71559489
71570054
71572263
71578541
71603143
71609711
71646716
71668047
71674417
71690107
71690883
71691893
71720036
71728374
71738865
71776375
71781599
71784957
71789620
71857029
71878774
71882619
71890839
71901418
71901665
71921381
71936260
71939788
71944328
71949081
71961166
71969880
71973183
71976606
71980512
71982937
71982953
71983013
71990999
72031175
72043075
72043216
72048687
72073008
72073676
72077998
72078343
72086924
72094763
72105484
72110616
72114040
72123906
72129057
72130348
72130365
72146495
72153795
72160101
72180561
72191317
72194568
72226915
72231086
72236099
72236692
72247205
72254016
72265281
72274146
72299643
72322698
72324468
72330915
72347869
72348957
72356185
72364593
72401019
72401426
72416557
72419555
72421281
72425441
72443660
72447238
72448163
72464879
72474522
72494523
72528584
72543138
72550382
72551092
72557442
72572386
72605176
72623090
72646487
72646940
72665611
72671691
72682648
72716783
72741121
72745981
72770775
72783123
72784361
72784600
72786635
72797829
72804028
72806681
72816467
72820530
72823668
72854099
72857296
72876410
72880157
72882330
72887072
72887968
72894701
72909337
72958763
72959047
72959109
72970157
72971953
72997800
72999795
73001642
73009720
73028843
73040371
73052898
73062405
73063131
73084668
73106397
73122732
73123605
73139502
73170011
73187279
73200915
73201822
73233396
73239129
73240244
73243343
73254640
73257501
73271675
73291594
73293395
73298658
73300668
73302079
73305281
73334597
73339455
73341615
73345640
73351961
73353165
73355333
73358603
73376541
73378626
73383958
73395878
73401722
73410385
73414418
73417737
73420876
73426149
73464641
73471214
73479272
73483133
73486656
73549575
73559097
73577637
73616477
73617150
73620935
73625819
73629846
73673100
73706461
73727652
73728833
73732841
73733474
73773917
73780661
73795419
73797996
73833406
73845459
73854257
73864733
73878121
73881601
73891073
73903877
73933983
73959361
73971434
73976914
73991512
73991910
73992611
74002007
74007607
74034875
74034981
74037098
74040735
74057098
74061300
74069463
74075382
74087867
74094274
74094280
74095903
74107312
74118690
74149133
74168406
74178315
74190065
74200199
74200513
74201974
74215993
74217856
74230516
74234348
74239664
74250991
74258210
74268627
74292579
74298187
74311017
74313359
74318205
74331023
74335954
74337823
74347060
74359254
74366233
74376933
74386303
74391363
74393201
74417568
74430298
74436979
74451475
74464709
74467933
74485585
74488822
74495362
74495685
74496748
74504631
74516394
74529886
74544333
74582952
74597214
74602375
74605689
74611278
74616896
74618159
74626897
74629656
74635475
74639909
74643235
74659449
74679403
74679549
74699247
74700149
74704707
74708015
74726097
74757174
74775478
74780496
74783249
74792938
74793509
74798968
74821429
74836390
74846439
74850167
74884511
74904615
74912924
74927048
74938555
74943087
74968718
75016530
75022966
75024669
75027134
75044398
75071842
75102113
75119641
75121853
75126358
75126366
75132503
75153073
75159389
75161979
75171466
75207892
75212204
75223395
75231313
75247123
75258393
75271399
75296812
75310234
75312859
75315796
75315881
75320602
75320758
75377566
75402442
75418324
75419999
75473002
75486457
75489957
75497139
75506259
75507495
75523747
75531271
75532370
75549562
75550579
75564265
75566770
75575928
75593636
75605820
75619509
75636100
75650981
75652048
75653372
75665412
75693890
75694885
75696764
75723482
75743640
75763111
75777477
75782014
75782306
75784571
75812543
75829865
75872003
75878048
75883322
75895373
75920878
75960458
75964652
75971586
75983812
76002466
76018719
76021105
76027083
76027207
76030936
76057333
76059531
76079418
76080570
76081462
76093278
76128248
76155823
76157095
76163240
76167692
76175410
76180153
76201480
76220064
76222279
76230038
76230159
76234389
76244807
76249710
76258186
76258347
76264157
76279388
76301311
76331864
76334134
76337933
76342569
76361424
76366791
76392040
76395200
76405268
76409347
76435139
76441136
76451449
76474859
76485216
76492671
76511887
76513589
76516621
76516772
76536635
76539206
76562381
76567911
76584095
76585597
76595065
76595791
76596046
76614265
76635981
76649638
76696490
76703191
76721194
76723728
76726823
76749237
76783858
76786880
76800829
76842747
76872159
76875137
76875707
76885330
76896034
76912179
76948769
76950048
76966354
76987937
76989331
76989618
77014452
77037312
77041102
77046991
77054368
77062883
77064027
77071726
77091730
77134575
77135959
77142844
77163703
77184024
77190768
77229560
77234293
77236654
77252419
77264443
77271695
77289244
77300583
77321085
77322517
77345247
77356308
77356416
77362312
77364065
77364538
77367141
77376689
77384362
77395061
77408872
77414993
77420535
77425862
77431951
77446456
77459590
77463618
77470811
77478006
77498192
77544864
77545791
77550009
77567094
77583319
77583386
77584730
77585982
77587095
77613457
77637248
77646531
77672139
77681328
77692859
77700483
77705056
77708054
77710933
77716815
77719534
77722658
77722947
77723367
77743768
77753877
77760457
77762927
77768805
77774729
77788897
77809377
77826026
77848244
77854770
77860827
77868979
77877304
77891011
77893660
77911295
77938112
77958282
77963047
77970227
77977694
77980950
77998569
78013634
78025565
78038205
78045109
78051413
78052572
78053586
78054909
78057885
78062926
78066041
78070020
78073693
78085133
78085276
78105579
78107514
78110704
78112854
78114417
78134042
78137956
78150336
78151396
78164924
78165152
78169776
78172116
78178023
78202840
78205817
78211032
78215809
78217761
78218674
78222686
78237074
78237149
78251451
78258133
78260762
78273363
78273911
78275129
78281069
78289289
78295955
78322805
78358539
78367023
78371750
78377229
78392153
78398397
78405329
78412901
78414653
78416920
78417779
78420521
78426625
78427460
78428965
78438004
78442989
78492940
78506932
78526528
78537989
78541910
78556982
78570384
78571643
78575992
78581714
78592699
78594490
78605107
78606783
78621736
78646547
78663176
78671674
78673178
78681705
78696582
78697109
78702756
78748363
78757735
78783434
78785282
78794247
78795268
78810563
78827703
78827807
78832155
78853901
78866709
78870479
78879499
78883770
78906152
78923483
78936412
78940586
78993348
78997882
79001977
79005204
79009695
79014269
79028796
79030519
79052369
79064528
79064542
79068952
79078754
79087601
79088839
79093544
79096939
79111605
79130391
79140051
79155919
79159798
79167088
79169863
79170156
79189811
79189940
79205782
79207891
79216075
79222835
79230126
79242194
79260378
79271383
79283599
79324205
79325310
79329906
79347136
79353854
79363193
79387401
79387898
79398373
79431064
79441964
79448700
79450775
79454073
79454823
79460460
79470423
79471353
79474357
79493494
79495779
79501544
79517333
79529300
79530457
79536448
79556720
79561098
79565497
79570077
79590691
79591480
79609770
79610724
79627421
79634306
79638326
79654427
79655646
79661772
79662751
79662827
79693330
79697884
79725533
79730983
79744735
79762123
79771827
79824192
79841742
79845736
79851897
79877657
79882395
79883037
79892291
79899634
79905021
79908713
79908947
79909011
79921396
79929749
79955323
79964676
79967487
79994071
79997199
80000875
80005196
80012715
80022264
80032717
80043154
80065446
80083168
80085065
80092427
80093787
80095208
80099573
80113995
80129363
80168123
80169319
80174192
80195006
80203038
80204775
80207730
80211811
80214266
80245865
80251408
80256254
80262191
80278182
80288411
80333291
80355758
80373432
80373599
80410109
80412187
80416897
80423658
80428974
80446703
80448901
80466764
80470878
80487944
80495343
80496528
80502311
80526280
80535802
80547978
80565106
80568255
80569428
80597381
80601022
80649640
80662849
80669737
80682150
80709683
80713605
80715967
80718748
80735503
80736182
80747198
80747474
80752596
80776305
80778270
80784926
80790370
80800012
80803299
80806332
80811134
80814341
80818904
80821885
80822862
80835538
80843076
80866542
80892765
80918660
80919233
80920035
80949387
80962675
80963383
80985297
80990852
81001499
81038865
81055468
81065944
81072705
81113730
81121385
81124871
81151429
81159354
81219739
81228038
81235840
81240883
81249296
81251979
81254743
81273587
81275496
81277507
81281505
81292847
81298860
81314707
81318615
81332154
81346660
81359185
81365477
81374860
81395898
81399539
81401597
81429992
81453656
81456060
81459500
81466851
81485111
81492309
81526471
81536101
81569775
81594838
81595379
81604275
81661946
81687287
81692997
81693725
81715643
81717054
81720131
81737659
81739648
81743907
81749106
81757479
81773834
81811878
81819747
81820988
81833966
81868289
81869908
81870187
81889382
81895331
81895987
81897091
81904650
81905320
81932713
81938375
81941765
81942111
81952253
81953207
81970922
81978399
81981422
82000230
82026889
82028665
82031782
82051013
82065551
82085906
82096531
82109802
82112273
82117149
82117485
82119656
82126102
82136227
82154859
82157886
82161536
82188202
82200642
82263278
82269614
82274554
82285734
82306766
82307406
82310689
82328847
82340638
82369295
82375463
82381058
82398669
82406788
82411429
82423676
82431383
82434321
82441953
82445721
82465941
82476588
82522797
82539299
82540946
82561149
82562308
82565668
82572486
82573633
82607263
82628007
82637054
82637214
82638673
82639794
82688132
82689608
82691214
82702512
82703578
82719048
82724298
82741139
82761045
82764649
82765088
82777830
82790048
82792302
82801026
82805207
82807908
82815944
82823555
82836211
82844368
82848823
82866571
82867384
82895965
82899935
82904306
82937040
82960466
82984875
82987268
83001007
83001600
83018175
83028669
83030407
83033146
83039359
83051067
83051888
83054477
83069768
83085790
83088693
83096322
83104258
83131090
83132876
83139155
83148512
83154641
83178034
83181572
83196537
83201517
83203490
83204278
83208112
83211888
83218793
83235043
83237918
83267756
83269461
83274654
83325369
83327295
83336348
83347787
83395069
83406204
83406434
83438019
83451271
83463758
83468454
83486104
83490290
83494878
83500715
83502302
83510235
83514811
83546276
83565507
83570701
83582579
83590822
83617625
83619730
83653992
83655638
83670308
83685993
83700911
83722609
83734411
83737694
83753129
83773961
83774435
83777801
83786428
83797802
83810399
83811109
83814356
83850260
83874975
83880545
83915504
83925593
83928898
83940399
83941758
83952596
83960346
83960821
83965700
83966531
83970000
83983674
84015021
84018860
84023886
84031130
84045207
84053056
84058143
84066654
84086345
84096629
84115188
84142875
84156608
84159221
84159500
84160782
84161641
84167808
84177481
84185562
84197431
84198803
84206219
84206708
84231041
84241715
84253779
84297844
84308556
84308632
84310391
84325339
84329393
84361861
84364729
84370743
84372177
84372529
84378941
84389290
84395471
84397267
84408488
84410922
84413729
84413886
84425330
84437819
84493270
84520585
84525272
84526807
84531964
84547537
84549547
84580734
84587770
84591440
84617459
84618084
84621698
84624995
84625346
84647549
84660983
84675373
84687533
84728034
84731972
84739400
84748391
84759248
84765103
84775705
84782719
84785334
84797875
84799317
84803575
84831756
84853713
84857333
84868170
84898339
84911121
84917537
84929671
84934200
84938674
84942422
84951022
85005408
85023824
85027436
85039483
85058419
85068840
85086671
85088581
85099753
85116777
85130401
85138860
85150471
85151007
85161790
85192285
85206735
85214841
85217169
85219633
85222211
85280276
85297775
85334907
85354528
85363749
85373733
85379367
85381601
85397891
85401315
85407596
85428658
85431247
85463105
85469433
85475918
85482204
85486576
85517292
85519220
85523117
85552932
85576804
85587167
85594701
85605185
85611339
85625952
85633637
85635957
85638041
85638654
85645272
85648495
85656593
85674501
85696198
85704928
85707053
85708742
85709343
85725382
85734761
85737696
85737989
85746047
85746874
85748740
85748842
85750075
85751538
85756523
85765647
85788007
85822040
85825602
85839776
85849205
85865379
85892358
85904227
85908239
85931622
85934865
85950760
85964852
85972193
85980323
85989082
85991652
86001273
86007890
86015327
86021338
86025570
86034545
86043046
86050269
86058445
86086865
86090237
86095041
86109827
86124874
86131474
86146415
86162603
86163697
86172209
86196344
86221684
86223339
86229413
86236259
86237957
86240802
86251373
86259011
86259054
86261358
86282853
86285330
86287050
86291898
86313225
86318854
86330537
86347582
86369026
86378069
86383253
86390373
86395579
86412697
86412994
86416303
86424674
86448283
86452695
86460931
86466159
86469372
86469575
86469840
86479305
86493242
86504034
86512550
86521740
86529963
86538495
86563147
86576719
86586017
86593426
86618682
86645073
86647513
86665227
86675140
86685139
86688111
86689440
86700686
86708649
86711208
86723612
86725668
86732961
86736646
86749526
86766469
86773941
86774482
86778690
86786556
86789925
86794850
86809845
86813206
86832584
86834342
86835377
86848307
86859078
86864468
86875902
86876942
86883142
86896908
86899671
86903465
86908827
86918895
86919599
86924890
86931874
86936409
86957270
86960726
86967755
86971032
86977396
86981296
86984662
86992512
87012259
87030112
87041985
87044619
87079566
87094927
87111854
87123112
87144143
87169423
87191494
87196352
87203146
87204332
87206293
87206640
87207986
87212221
87217243
87218715
87231615
87256568
87270719
87273818
87275475
87278632
87282628
87284234
87287942
87288930
87293328
87298758
87316773
87322641
87327306
87340477
87342535
87357566
87358295
87364561
87370535
87382610
87410162
87417152
87430351
87430594
87431123
87443178
87449663
87456076
87469304
87480638
87487934
87507704
87535583
87537648
87543996
87556349
87574353
87579075
87579657
87582199
87592741
87593743
87649079
87649251
87651666
87667654
87668932
87691478
87698355
87719984
87732159
87733945
87735335
87736347
87740659
87750180
87761181
87776030
87776521
87817135
87817137
87861042
87886479
87888003
87890168
87898160
87903988
87916124
87919349
87930160
87934581
87938639
87957050
87961148
87962468
87963048
87973754
87975354
87979883
88003328
88055408
88056750
88060585
88065814
88079299
88093215
88105647
88109890
88110809
88121024
88126177
88139871
88155652
88159633
88164396
88169119
88170005
88198528
88199233
88200992
88201573
88205442
88212676
88221570
88239681
88244362
88246036
88280557
88281262
88281879
88298022
88307361
88311807
88325950
88328890
88330321
88356111
88357112
88368909
88389418
88415322
88424383
88450720
88456042
88485657
88489853
88531176
88531974
88545330
88558912
88569438
88586181
88598735
88615803
88642451
88655292
88663348
88666968
88671083
88681294
88682193
88700277
88706191
88718999
88728721
88731694
88734317
88734844
88734902
88740333
88746500
88754127
88756883
88786515
88792569
88796096
88800883
88828218
88828376
88847517
88855850
88860711
88867520
88883661
88906965
88915753
88928515
88936838
88940488
88998727
89003360
89012419
89018477
89041630
89058792
89060647
89076647
89083133
89092627
89123535
89153907
89157650
89160017
89160219
89162318
89172940
89184562
89190399
89191057
89197595
89204199
89235993
89250907
89252591
89275244
89276240
89276487
89284041
89292852
89302592
89339131
89361814
89366196
89400604
89407391
89416419
89417507
89432339
89458273
89461518
89474644
89476544
89484665
89490951
89513487
89525774
89528115
89555623
89561485
89563828
89568383
89575125
89581482
89594247
89604277
89629857
89635937
89647359
89656826
89686777
89700042
89701918
89715141
89715902
89731606
89733454
89734804
89742127
89749695
89782088
89788277
89797626
89800602
89822452
89826732
89832762
89836282
89838420
89850203
89861426
89865963
89868892
89878778
89891824
89903816
89944203
89954058
89971126
89978986
89991465
90003187
90008407
90010252
90016176
90059433
90060019
90063705
90065466
90077722
90095903
90150356
90166187
90171598
90186131
90208428
90242199
90242934
90279018
90287549
90288515
90315201
90328439
90334147
90335972
90337193
90338049
90339399
90342430
90343335
90352791
90360427
90369868
90399928
90402796
90416009
90431088
90441649
90464698
90480523
90504505
90524568
90525595
90532447
90563116
90566809
90568416
90572518
90576990
90588619
90591815
90601896
90640358
90665047
90665654
90667113
90670429
90675844
90693491
90694965
90698498
90717120
90732828
90746167
90750014
90776804
90810012
90882529
90898325
90912126
90918264
90926417
90928719
90931549
90938702
90947503
90952388
90959436
90964172
90979093
90979617
90997259
90998405
91034023
91037340
91064261
91067741
91077102
91093337
91100606
91131229
91144658
91148691
91149891
91164313
91165630
91169859
91182897
91188349
91190974
91193760
91195144
91198721
91209089
91216437
91229470
91244796
91252093
91268869
91278268
91320122
91320516
91325643
91330759
91335113
91344344
91344695
91351918
91360519
91361740
91368678
91380839
91385602
91402065
91404054
91407920
91414225
91416017
91416117
91416384
91419030
91426710
91459886
91468766
91471050
91471166
91472533
91473611
91488032
91511091
91531822
91535934
91537526
91560567
91560822
91569442
91576031
91581643
91628156
91634071
91640382
91642638
91664965
91669277
91678494
91689052
91701746
91705720
91706172
91721592
91746410
91767572
91830531
91843732
91847930
91860271
91865473
91867099
91874279
91914804
91930666
91951459
91985300
91989639
91990350
91993846
91995394
92009752
92023327
92024479
92024969
92026238
92028123
92047779
92059756
92065154
92067559
92097412
92098882
92105979
92108797
92111154
92115032
92127266
92138135
92146854
92161199
92170640
92178445
92186983
92204767
92213747
92254365
92255007
92270136
92272585
92287174
92295170
92302440
92312420
92314761
92345609
92351336
92363320
92373438
92393465
92397034
92408422
92409364
92419626
92420003
92444726
92454144
92456473
92458938
92470444
92493956
92499951
92560935
92563334
92593015
92593480
92596657
92600619
92601960
92611780
92618973
92637209
92643434
92644447
92663921
92664871
92674783
92676477
92680533
92694248
92717164
92717913
92722083
92735049
92735787
92740222
92742460
92764531
92765648
92781632
92788072
92790458
92791880
92806687
92808013
92822168
92839926
92840222
92842476
92890420
92895065
92907599
92924325
92930764
92933014
92951196
92954367
92954471
92966581
92993676
93004625
93015404
93017116
93018974
93045721
93048456
93050047
93067427
93069276
93073616
93076173
93098693
93109009
93121239
93124938
93128988
93133716
93145345
93151760
93153558
93157716
93179753
93194482
93195411
93200611
93204975
93224319
93250696
93257523
93262444
93263400
93267328
93277300
93286233
93289501
93292994
93314125
93316675
93324837
93346972
93354506
93368166
93383793
93384100
93389940
93389974
93418757
93422293
93435852
93441339
93444691
93446577
93446760
93448985
93455434
93468771
93478536
93491508
93502344
93512213
93518422
93521969
93523263
93543022
93549930
93571083
93574449
93603074
93604984
93607847
93613171
93631668
93644794
93669196
93679046
93733418
93745693
93746990
93758806
93765932
93765938
93773728
93778031
93779381
93794265
93798889
93821684
93843405
93874004
93875519
93885114
93887079
93903253
93904611
93924189
93943378
93947199
93961196
93964778
93970076
93979337
93998957
94007580
94009084
94023604
94055698
94067255
94088816
94110533
94125614
94125710
94154224
94158874
94186778
94195151
94208591
94211781
94229476
94230877
94254698
94264455
94280753
94285005
94291672
94304845
94311874
94317598
94319289
94325196
94356430
94368795
94374257
94382766
94383009
94392128
94429547
94443543
94461491
94483393
94488159
94495603
94508576
94510852
94515667
94524893
94556183
94563911
94580389
94600695
94601456
94614608
94640161
94642354
94651186
94654258
94655358
94662075
94669705
94670803
94674915
94701657
94714623
94719791
94729225
94732153
94733827
94750093
94765962
94771619
94773039
94784738
94790758
94793750
94806590
94835382
94847724
94856263
94883863
94889711
94889755
94899557
94905564
94914332
94928307
94935640
94942633
94949003
94974653
94986900
94990646
95024883
95051655
95054663
95064848
95066012
95087566
95098445
95099331
95116472
95122927
95133258
95138346
95139916
95155392
95224369
95233579
95242389
95249263
95262705
95270809
95271963
95288694
95297312
95305228
95310716
95311126
95313954
95332207
95337997
95362413
95368926
95397376
95440723
95441697
95458925
95469095
95477018
95488299
95501104
95530211
95548142
95549463
95550706
95560750
95565515
95574134
95577986
95597040
95607480
95621137
95624482
95638847
95648303
95660693
95677147
95701627
95707352
95719566
95721294
95725136
95727864
95745840
95750802
95751905
95768527
95773646
95780488
95781901
95798996
95827349
95832745
95847171
95857024
95870594
95886561
95888583
95902755
95915444
95932786
95941726
95944385
95960056
95960362
95982129
95990205
95996891
96018542
96035695
96037714
96050356
96093815
96094443
96107843
96112278
96122796
96124829
96129435
96131161
96131498
96140243
96148905
96151909
96152695
96161108
96182217
96190689
96199739
96229547
96240669
96251025
96255863
96286566
96288574
96290784
96293700
96317204
96320606
96323448
96337536
96342553
96375910
96383970
96385515
96408984
96420011
96444704
96459254
96477941
96510764
96514731
96519284
96520878
96531780
96544651
96547817
96548269
96581041
96597243
96609183
96612337
96615382
96625100
96625806
96635258
96652621
96653552
96661702
96678853
96683673
96684314
96689782
96696385
96731377
96739448
96746601
96746798
96752026
96760141
96766150
96776962
96789983
96802224
96815844
96819897
96825990
96826076
96833725
96869582
96873660
96879513
96880629
96881432
96884276
96918845
96921844
96928100
96928558
96937244
96945140
96949069
96960172
96963327
96965244
96994274
96995326
96998138
97004990
97006006
97037034
97041053
97042821
97052591
97054073
97059083
97061332
97081874
97088948
97101462
97128216
97137679
97142794
97144957
97156450
97172498
97197647
97200187
97240738
97254141
97267227
97293451
97296993
97303433
97320928
97322047
97328755
97329930
97338913
97343734
97376122
97392983
97401852
97424676
97425962
97452533
97459702
97488523
97495396
97495700
97497361
97507346
97507637
97512863
97520334
97523028
97523507
97524873
97527636
97527711
97528058
97549498
97576526
97586444
97622203
97624277
97628688
97644018
97660879
97664299
97665619
97675347
97692374
97717376
97735465
97757331
97761566
97765154
97785164
97792552
97795890
97799658
97804144
97815064
97834961
97855506
97878635
97889423
97907403
97907583
97909710
97911470
97923862
97931751
97957532
97960145
97977633
97995054
97999801
98004360
98022333
98030802
98030914
98031529
98057017
98100571
98120964
98124612
98142057
98150758
98158090
98167605
98203999
98217443
98220767
98239560
98241706
98244668
98263624
98266924
98270841
98275281
98319205
98329592
98368041
98373319
98376349
98376770
98380292
98381661
98388920
98401560
98411615
98412813
98428957
98439637
98444870
98464864
98477622
98492243
98494578
98513508
98525945
98528661
98529047
98538558
98565858
98566102
98570027
98573798
98575918
98587678
98587688
98594900
98603858
98606397
98612320
98625736
98653522
98655043
98671055
98681577
98711510
98712158
98720002
98728121
98733481
98734868
98745186
98746069
98748184
98793140
98794977
98801934
98825846
98830719
98852652
98864223
98876639
98876823
98895246
98911965
98914477
98917099
98923063
98942645
98960578
98968606
98973095
98973463
98976242
98979760
99002923
99008588
99012586
99025587
99031695
99036557
99066315
99084114
99111295
99115730
99120567
99139113
99154206
99188367
99244073
99248251
99248429
99248560
99263394
99264255
99275335
99292640
99302180
99306744
99308185
99317963
99322674
99334122
99336361
99343279
99355468
99371535
99381674
99383247
99387662
99393735
99403522
99412338
99433689
99450607
99450862
99458130
99482120
99496003
99502283
99505656
99509670
99527847
99529048
99543869
99547600
99548448
99581728
99586118
99591546
99600572
99601787
99653501
99666542
99668087
99679898
99684786
99691549
99711924
99731314
99735023
99754137
99756809
99758403
99766546
99772380
99777244
99780056
99820161
99821180
99825288
99850465
99853395
99880207
99890876
99963501
99979802
99980935
99983824
99985366
99992921
99996278
