1007
28795
67069
70981
90065
94809
108313
109400
111638
123362
160964
168515
226246
228588
262287
271251
284659
305307
308057
342556
351480
359192
380602
383600
403865
405621
410701
415970
453557
502736
516516
517594
540146
551279
557050
604197
605545
671949
677642
693250
714352
730753
739959
745812
766580
772102
777115
785236
798006
833071
846006
846375
867935
870356
871131
877566
883396
917674
948103
971836
974419
982120
999291
1001570
1105106
1128157
1141066
1159202
1159504
1219442
1243893
1258632
1277705
1285242
1299603
1308395
1311879
1352516
1352955
1354189
1385146
1385251
1387694
1406062
1421258
1426822
1473311
1512784
1512997
1584599
1590978
1596271
1600707
1601937
1632635
1662196
1682584
1698871
1751444
1758921
1764061
1796387
1855389
1866260
1881204
1888949
1897942
1934166
1949477
1966076
1990065
1993264
2004517
2006101
2016017
2023566
2025828
2035298
2105487
2124293
2143799
2179147
2232219
2274697
2278038
2283205
2333803
2341548
2372000
2376342
2405029
2452797
2481427
2482214
2577199
2579496
2605418
2610238
2621901
2640384
2641514
2641565
2643458
2712512
2728356
2758454
2775042
2835248
2916098
2943930
2986218
2996546
3011648
3031643
3039906
3040909
3046920
3050465
3081483
3092680
3112027
3122276
3136675
3138168
3145897
3148152
3178704
3185767
3187163
3193803
3204215
3206490
3212214
3241383
3246620
3292187
3324295
3340765
3340808
3422476
3425532
3502382
3503235
3568997
3581755
3582048
3626593
3650111
3691795
3744894
3753506
3800041
3836624
3860369
3877724
3881574
3906473
3910328
3913040
3918044
3959343
4009519
4112163
4115297
4122914
4150560
4155751
4160104
4164317
4181216
4190562
4222630
4231249
4243116
4254508
4263840
4270505
4273272
4301987
4306499
4309989
4400334
4412269
4423278
4427347
4449009
4458885
4499332
4512665
4541956
4555403
4578928
4649685
4656275
4663327
4664258
4682528
4728626
4769225
4823709
4854989
4868477
4868988
4890030
4917050
4990752
5010808
5034520
5045669
5117158
5122219
5147011
5178860
5187058
5202477
5226059
5228789
5231285
5255498
5259436
5276689
5305475
5313575
5350930
5362398
5390206
5404954
5441087
5462732
5497149
5501007
5550627
5559005
5564903
5573141
5616709
5670947
5754572
5767837
5770118
5772927
5777129
5797512
5801118
5842671
5846024
5894857
5911139
5933529
5939371
5948448
5954924
5975896
6026599
6033646
6125543
6203154
6206432
6239238
6346624
6347788
6406029
6415433
6416624
6420792
6430371
6434539
6443750
6660554
6702453
6739434
6768279
6779824
6799297
6859163
6859446
6903626
7000611
7014311
7036399
7038448
7053616
7056475
7082332
7117191
7146796
7152046
7169497
7195602
7198964
7234768
7237814
7331428
7335701
7352169
7393587
7405193
7438977
7439341
7475556
7545544
7594560
7596229
7613774
7626594
7668192
7705549
7706504
7768028
7775512
7792089
7815434
7822467
7921904
7924773
7932245
7940134
7949093
7957963
8022234
8052757
8067431
8068650
8075818
8078195
8093106
8137368
8157289
8178154
8189528
8215055
8227777
8232126
8253077
8284216
8330679
8351995
8354617
8402357
8408726
8417241
8448277
8482046
8482239
8501908
8556502
8560599
8606035
8611222
8625023
8626270
8660166
8691888
8732690
8735519
8736941
8829418
8843774
8846563
8854086
8854905
8875405
8890920
8906637
8926578
8964086
8977082
8987112
9015185
9022604
9036139
9060250
9063652
9073447
9085303
9097351
9130499
9138660
9154921
9200629
9220880
9230206
9231806
9334435
9344026
9348405
9351225
9355670
9368101
9394248
9403187
9450963
9454959
9486884
9499720
9503133
9508864
9516387
9558120
9563644
9605342
9608920
9614468
9630225
9654267
9662558
9665614
9686461
9693234
9694702
9708340
9771355
9773753
9793091
9793780
9839332
9880437
9887242
9895175
9962075
9962410
9971939
9995993
10002790
10005223
10044873
10065847
10087704
10099826
10119914
10171819
10196316
10229539
10250229
10250565
10250618
10252586
10265926
10291079
10317034
10356552
10383108
10406729
10409680
10432641
10444918
10470954
10474651
10512112
10525816
10532353
10545678
10572774
10633400
10659658
10661096
10690950
10691775
10733442
10747221
10763681
10774228
10781598
10803618
10803641
10809936
10833675
10844432
10900349
10965824
11018422
11041198
11055138
11062068
11066295
11071412
11080534
11085078
11092725
11153900
11203255
11209185
11236520
11269406
11285646
11306275
11330159
11357141
11364610
11366852
11415179
11431455
11437415
11457934
11477544
11497366
11498354
11535934
11547971
11579927
11608664
11609864
11645817
11676433
11680001
11699414
11712957
11745438
11778983
11807374
11829669
11892608
11896554
11906016
11936938
11960595
11984723
12004041
12041948
12055894
12134066
12168028
12231680
12257953
12277823
12288365
12341628
12349733
12354836
12361588
12363067
12392172
12432289
12440695
12487599
12508308
12519993
12538935
12542851
12547856
12586392
12619318
12621035
12629145
12685453
12749716
12766929
12772679
12792622
12864591
12889999
12902908
12910934
12914754
12942335
13004886
13019057
13021580
13035066
13040238
13052820
13062407
13066021
13094264
13169731
13172273
13172554
13176268
13182401
13217116
13217130
13227114
13236391
13242054
13310805
13311957
13313417
13333677
13348417
13385833
13413046
13443940
13444969
13450549
13478834
13510649
13545208
13670082
13714979
13718904
13751643
13759262
13774637
13813722
13832770
13836176
13883949
13910617
13932241
13951832
13966919
13997021
14003367
14021817
14033673
14056005
14107258
14120452
14164967
14204430
14237737
14294775
14312839
14372195
14391595
14421381
14542396
14565946
14605778
14633968
14661136
14688126
14694747
14699729
14702053
14708601
14788146
14803825
14819595
14839768
14876212
14878307
14880683
14891120
14897034
14938104
14939394
14958030
14986135
15069204
15093497
15126393
15138721
15148855
15168028
15186381
15186584
15187191
15193381
15194982
15230192
15258435
15317971
15337536
15365428
15393972
15407216
15428199
15429947
15432881
15456538
15465219
15473931
15475540
15503469
15510934
15511873
15522181
15528314
15585013
15610078
15633300
15684672
15693691
15699377
15706535
15723925
15732760
15743084
15744401
15785214
15817210
15832556
15845945
15910255
15923770
15945597
15998376
16004020
16018281
16059077
16059726
16095625
16172676
16174506
16235954
16360822
16435497
16437945
16446145
16467106
16477235
16511685
16522415
16528096
16559542
16573465
16577295
16582066
16607616
16613939
16619544
16670125
16674487
16710618
16717133
16745719
16771340
16781218
16835943
16851160
16856100
16892919
16893869
16918951
16926650
17033681
17042417
17051134
17054640
17082033
17103172
17142218
17185035
17213597
17251904
17289357
17350341
17389399
17401486
17402123
17408194
17426707
17464708
17476050
17526267
17572329
17590371
17676247
17711727
17712453
17714582
17746408
17746461
17771485
17795306
17798257
17811325
17884552
17910061
17929242
17977930
17992580
18092167
18139909
18160429
18164942
18207320
18241655
18254450
18333888
18348067
18391577
18431602
18486406
18508297
18521427
18529116
18531195
18539464
18552557
18554149
18570935
18658036
18658398
18664283
18698989
18702192
18749818
18764084
18779183
18823551
18861818
18874750
18879144
18879659
18928150
18954404
19023971
19025383
19036559
19040036
19048498
19076720
19095026
19121405
19136379
19184748
19209513
19215919
19227897
19241843
19289821
19334213
19349281
19425035
19448848
19494696
19538359
19566838
19577579
19600242
19620936
19622258
19660200
19677072
19695674
19700154
19721785
19726247
19821122
19875864
19882277
19924088
19929888
19939249
19965383
19989249
19993298
20005855
20014351
20044671
20079832
20082428
20088297
20096300
20096427
20104725
20113350
20129730
20153789
20176835
20183508
20184622
20260626
20276126
20322788
20347876
20372129
20375209
20410816
20434652
20453092
20462066
20470272
20473417
20514438
20519961
20546377
20548182
20550702
20610467
20611333
20614326
20650773
20662331
20694619
20723025
20753169
20767097
20770600
20812906
20865317
20909886
20931281
20962147
20971010
20976190
20991331
21020214
21103837
21116807
21129004
21139817
21147662
21149457
21166621
21211881
21235970
21244185
21246423
21260001
21272831
21279852
21306193
21316858
21348701
21368754
21392359
21415652
21428342
21441005
21446352
21458629
21482633
21502559
21520626
21522146
21527359
21590168
21642947
21648940
21665287
21669362
21744316
21745450
21774141
21798690
21839320
21875475
21901194
21940430
21943799
21949839
21959724
21992188
22007723
22009026
22011059
22015122
22033146
22088788
22101991
22109486
22137721
22142597
22169761
22172910
22187009
22207406
22226851
22263072
22281840
22282187
22300609
22359663
22361359
22364715
22419696
22435342
22462751
22475711
22495167
22507402
22621917
22634118
22640852
22662874
22663888
22668763
22751186
22808755
22819905
22830143
22877074
22941944
23000588
23041222
23089722
23174702
23182476
23187209
23238786
23264035
23271146
23275018
23292446
23313485
23319272
23322883
23417078
23443305
23448906
23465428
23481462
23486521
23559460
23615661
23650053
23673765
23682603
23688751
23720715
23728247
23732039
23734346
23749522
23750098
23780119
23812784
23844415
23848735
23874472
23897090
23928387
23929378
23932135
23949392
23951041
23973889
23986267
23994715
24014507
24022111
24022338
24036030
24037189
24057064
24069624
24103456
24129411
24150077
24173191
24178104
24335273
24371943
24373552
24389553
24395100
24395663
24403039
24418947
24459629
24473960
24540593
24541409
24562788
24581756
24603676
24603738
24623309
24638557
24668175
24724492
24751478
24788876
24804656
24833900
24841499
24844485
24856457
24908685
24916547
24932413
24943688
24996760
25014011
25043512
25076283
25085011
25096476
25101294
25101588
25101676
25115406
25119828
25171676
25210273
25246362
25276782
25299373
25309718
25325681
25351638
25368193
25416359
25477653
25479398
25496493
25527455
25607018
25633138
25639830
25652823
25659792
25667292
25693816
25758097
25791261
25811743
25851751
25874155
25886684
25899833
25921756
25932762
25949713
25956251
25958393
25983966
26000048
26048917
26070559
26073350
26077477
26087826
26168317
26170041
26188993
26272028
26292188
26316898
26330617
26394417
26410794
26423386
26428103
26466678
26488063
26529018
26542960
26569263
26597375
26601320
26619120
26634641
26641448
26657212
26663308
26671173
26680397
26703115
26715126
26728852
26762572
26768251
26821348
26833237
26864634
26904112
26940028
26964970
26978739
27030444
27051659
27054054
27067053
27114839
27148709
27233683
27245790
27249455
27258285
27258559
27310938
27311301
27378906
27399440
27400034
27439224
27466205
27494754
27499855
27546471
27632189
27651719
27658240
27663765
27668211
27708196
27715299
27738062
27743619
27755827
27772049
27784768
27791705
27838886
27846116
27874164
27897182
27939488
27950459
27982245
27983200
27990216
28000857
28036335
28063998
28088676
28128338
28133510
28148155
28170707
28189312
28203251
28287741
28294924
28295373
28305372
28373720
28404506
28412101
28415339
28434259
28453441
28490920
28516836
28526831
28536577
28602273
28603353
28606289
28661269
28666586
28670589
28712832
28728119
28739952
28759028
28783521
28788280
28794038
28808243
28809256
28823493
28857548
28868870
28917322
28919533
28948037
28948296
28964924
29005790
29016784
29021979
29027854
29083215
29116361
29154074
29183480
29199585
29211232
29218422
29318617
29322840
29335476
29340293
29375746
29378177
29391080
29398610
29412295
29429400
29429672
29453696
29460015
29534581
29610864
29619398
29632647
29649197
29675244
29702614
29767445
29773808
29781875
29791487
29804754
29893675
29914820
29937974
29993777
30019810
30054849
30058344
30058760
30086178
30087975
30107055
30138705
30161044
30170950
30271984
30320580
30362142
30372584
30373659
30378827
30379616
30393005
30443351
30498929
30575450
30584555
30682839
30695387
30716226
30718618
30748779
30755005
30787805
30816855
30877307
30926689
30930910
30946328
30955591
30955960
31035249
31047688
31047942
31057757
31107043
31125277
31134632
31139712
31153579
31243990
31308529
31309687
31310128
31341670
31351101
31353969
31362616
31406433
31418768
31465278
31504961
31527648
31551536
31583169
31610603
31623255
31659909
31672558
31676706
31680579
31738996
31739426
31797850
31815811
31891949
31892151
31918452
31963054
32010593
32021647
32022103
32058057
32061871
32067489
32068366
32075314
32093723
32114816
32180730
32231376
32233662
32394378
32404196
32413730
32417005
32522993
32618159
32624072
32707188
32762306
32794758
32812251
32816955
32860039
32865226
32870536
32875143
32897263
32904017
32920950
32921369
32957723
32988246
33053186
33065400
33082111
33101003
33113576
33124608
33138536
33175849
33177934
33204522
33209974
33219538
33225095
33278457
33278785
33283824
33296516
33364058
33382377
33418308
33451294
33476905
33568075
33598555
33611762
33635164
33639491
33669490
33676257
33705100
33711998
33725284
33795277
33805398
33816831
33820203
33915482
33960205
34034857
34040984
34051251
34173133
34176809
34178781
34239353
34354583
34362372
34372842
34389951
34408497
34415671
34433877
34445439
34450540
34511239
34514375
34552770
34563167
34588760
34592521
34609034
34609296
34613307
34618533
34648363
34658593
34663595
34719274
34742550
34766467
34766949
34782287
34814689
34846885
34850472
34858336
34880794
34885682
34891641
34949078
34976347
34991857
35005738
35010207
35023543
35048776
35077356
35120850
35181461
35188637
35202990
35230282
35318957
35329484
35332898
35370374
35384091
35400759
35449954
35454649
35462369
35486623
35522418
35523613
35541304
35554521
35558718
35563855
35571477
35593027
35611142
35617711
35661830
35662968
35679224
35683952
35715152
35814330
35834316
35836491
35839483
35847140
35857065
35875826
35937916
35986192
36025585
36048167
36049341
36055238
36101554
36105758
36107149
36129035
36132908
36164598
36187099
36199959
36244408
36270142
36278945
36322537
36343225
36365462
36381266
36406044
36410786
36436251
36477033
36481375
36519939
36603770
36608254
36612032
36623909
36630485
36661045
36676974
36688323
36692537
36701897
36735367
36747867
36793014
36808919
36841046
36880794
36896638
36906816
36913534
36915356
36939256
37001344
37015397
37038116
37098065
37099749
37100064
37107704
37109033
37117264
37143548
37162951
37180843
37195814
37243765
37249853
37262062
37297181
37306524
37321985
37323015
37346146
37376911
37511959
37539562
37562968
37572499
37623093
37654939
37672597
37697161
37718911
37759054
37780815
37796590
37801077
37803113
37829129
37860626
37879161
37908964
37910586
37912991
37925561
37979740
37984832
37991617
38005938
38070232
38079664
38093713
38099548
38136055
38153481
38178623
38210110
38218950
38219446
38239831
38246030
38274487
38299634
38331473
38345017
38369326
38416388
38441353
38483487
38487518
38493150
38533129
38580076
38581645
38585701
38610835
38618232
38635884
38643775
38646805
38649239
38651332
38656676
38661345
38673666
38685059
38706975
38707901
38721495
38803117
38821378
38840688
38869090
38886192
38904880
38947445
38963204
38968064
38978822
38997466
39011814
39018929
39050660
39094535
39119449
39160372
39168518
39197693
39225734
39242603
39262217
39277319
39287707
39309583
39323607
39364933
39374115
39469937
39488739
39520207
39583747
39647745
39651302
39654840
39677285
39696053
39705908
39711046
39711643
39713087
39716376
39740464
39745806
39751865
39759399
39761288
39777592
39793437
39835966
39842668
39884376
39887686
39895527
39911645
39951456
39982911
39984957
40009158
40027269
40066693
40081616
40104970
40110467
40130128
40131360
40160069
40184801
40186886
40252405
40264045
40264911
40288844
40345015
40347258
40401714
40441396
40448040
40468097
40481050
40531918
40574191
40590581
40597554
40632870
40635357
40665390
40723977
40724317
40759418
40762772
40791669
40794198
40878002
40886721
40935071
40975678
40995270
41001671
41006809
41015109
41063033
41084558
41112803
41181115
41190594
41195428
41229621
41255153
41255508
41308247
41309819
41315893
41321597
41381098
41397513
41410017
41412407
41415811
41428962
41489746
41509782
41531267
41576235
41609111
41609536
41613512
41616652
41623887
41640943
41676617
41789736
41820181
41873866
41885326
41916423
41945201
41997278
42001266
42010870
42024814
42064599
42076887
42089994
42174256
42224465
42228432
42228788
42263650
42317804
42380077
42399469
42404945
42499054
42520956
42556547
42566402
42579888
42651091
42717995
42742319
42747863
42757958
42774245
42786477
42808772
42809620
42850741
42868978
42894126
43024041
43139580
43147882
43197587
43210686
43213712
43216597
43263927
43271567
43275140
43290248
43292150
43354142
43361980
43362347
43441738
43496063
43496294
43513678
43514869
43526362
43544889
43544959
43547044
43555678
43562362
43575825
43610448
43652166
43710321
43747551
43765231
43773155
43777719
43810144
43814264
43834488
43849249
43874526
43887930
43922112
43967675
43968619
43996315
44004423
44024025
44040094
44049696
44074198
44086755
44126639
44151853
44225208
44304926
44311231
44323866
44369326
44392044
44429880
44430876
44439999
44451796
44481733
44515618
44552097
44561875
44562365
44567609
44570982
44617238
44617705
44640763
44685782
44695089
44718369
44733747
44763624
44781208
44789295
44858071
44885476
44886454
44930779
44931679
44941175
44980078
44986036
45005205
45008754
45020918
45049603
45061673
45083429
45108544
45145226
45150052
45176231
45176387
45184549
45185123
45193170
45201789
45208946
45224971
45273146
45301256
45311929
45315302
45325699
45330678
45395371
45428426
45438050
45473537
45506556
45506719
45508554
45514860
45521726
45522844
45561611
45602392
45610622
45646577
45665375
45688311
45690642
45714449
45726486
45738704
45760222
45855471
45868737
45872755
45912744
45944442
46056233
46064039
46104964
46107220
46115963
46174288
46218184
46229933
46253192
46292006
46292275
46302276
46321724
46325095
46333082
46338526
46365944
46386199
46390532
46424276
46433644
46493554
46526797
46532883
46542083
46585712
46624325
46651711
46719357
46735370
46742944
46749587
46767879
46829661
46910079
46915664
46923882
46927774
46932672
46953501
46976142
47009531
47016547
47035112
47036990
47042086
47118361
47134777
47142997
47168101
47175779
47208437
47223113
47249309
47270903
47271581
47309831
47343474
47371096
47485116
47486056
47530630
47531891
47555462
47621328
47642841
47734299
47738541
47742940
47800427
47808412
47830813
47844169
47850419
47856923
47897594
47904026
47906875
47911665
47950126
47989344
47991333
48001621
48008834
48066620
48071420
48096529
48103194
48108364
48198204
48205879
48225109
48242183
48293211
48427366
48454695
48477530
48504064
48506989
48641397
48649514
48665002
48690978
48697590
48724735
48735691
48770732
48850740
48869517
48898535
48909644
48922517
48965524
48966590
48987506
48989319
49014552
49016049
49099457
49124584
49183597
49263591
49264688
49298903
49320519
49326717
49330188
49373483
49373632
49379584
49393487
49403764
49457909
49460399
49467408
49470011
49519141
49580355
49586302
49610432
49612047
49624348
49643427
49644547
49667552
49677801
49724366
49760477
49779733
49791181
49811395
49817059
49825740
49837361
49874237
49882392
49946932
49982944
50068057
50068343
50127713
50180764
50185160
50188502
50207326
50214426
50216064
50228073
50277039
50331382
50336915
50369182
50383577
50453826
50457671
50472738
50540970
50556960
50569896
50577846
50599882
50607190
50622273
50628393
50650992
50724447
50758129
50763645
50781512
50843754
50847411
50850660
50900073
50924717
50939332
50957929
50980041
51050880
51053328
51062232
51062967
51142708
51151077
51191016
51206108
51243073
51328667
51347591
51375503
51406843
51418326
51466273
51468615
51518305
51634837
51665733
51702551
51706006
51715286
51731990
51742223
51785499
51818047
51826595
51831393
51832618
51894359
51961961
51992844
52011604
52012069
52022293
52026298
52083750
52085397
52142909
52162909
52217092
52247541
52287068
52289938
52311471
52357856
52375602
52379911
52385265
52396817
52401708
52413492
52428305
52441841
52470817
52531553
52543483
52604725
52650359
52746366
52773478
52822846
52839223
52843585
52903795
52936860
52944789
52967867
53072458
53096777
53183472
53211106
53214555
53219902
53265798
53290700
53294680
53311417
53385988
53389231
53453093
53470342
53507218
53511700
53552858
53568237
53581480
53585795
53589536
53590453
53610371
53618980
53635307
53763793
53771645
53788672
53812107
53845375
53851970
53893319
53912311
53941331
53949331
54034464
54065380
54080823
54081274
54115887
54133347
54217106
54222388
54244496
54257010
54257452
54287378
54315763
54317112
54318010
54328848
54348696
54352562
54355074
54363273
54383948
54402914
54442840
54453428
54468000
54487585
54492167
54552654
54558564
54638240
54682091
54692490
54755194
54766526
54807020
54811994
54831332
54868803
54908682
54927359
54947563
54949562
54955925
54965429
54970688
54979657
55009643
55014891
55027418
55115235
55138003
55163807
55252517
55260031
55350386
55354902
55355305
55384960
55405208
55427963
55453194
55481748
55513903
55527072
55553366
55572013
55626104
55666134
55682414
55697902
55751030
55772469
55778904
55785914
55803288
55817778
55847234
55855357
55962191
55994782
55996511
56040771
56062063
56085058
56108261
56113644
56148771
56148899
56153523
56155274
56161577
56167102
56168740
56173299
56276229
56295571
56305680
56313177
56334362
56388562
56391843
56396649
56404251
56425420
56432433
56444517
56466600
56478533
56485227
56518334
56650220
56651606
56666509
56673969
56692637
56703410
56717081
56768072
56794702
56798940
56810741
56909152
56983352
57010751
57039220
57045833
57091439
57095469
57097594
57256793
57263770
57269451
57292745
57301383
57373574
57384233
57384750
57406015
57413858
57422763
57447467
57466885
57576845
57618210
57648009
57666974
57740374
57750879
57756917
57791268
57836532
57844984
57849537
57857990
57887279
57933770
57955849
57962300
57968752
57993948
58029880
58034762
58073183
58076935
58136710
58171064
58192956
58214589
58304872
58320221
58323326
58331218
58354169
58372847
58391166
58410451
58419362
58455265
58455294
58464003
58469605
58478150
58555872
58591091
58593490
58613085
58639868
58646801
58663605
58686436
58701703
58717441
58726555
58739085
58747558
58757457
58761142
58788912
58838348
58849139
58854486
58876137
58889131
58900229
58905780
58995415
59005224
59018602
59018981
59042811
59054857
59065034
59098558
59108193
59111793
59128908
59130384
59137280
59162095
59206324
59210038
59228780
59240657
59261615
59268688
59274431
59359119
59407794
59461037
59478784
59483375
59485085
59489361
59499446
59511276
59542733
59554853
59563656
59566571
59568128
59573752
59587245
59593804
59597017
59605311
59631296
59692173
59705691
59709188
59728449
59741937
59760657
59767995
59800920
59828650
59834679
59835669
59851807
59857672
59876805
59879591
59920847
59923250
59968101
59977782
59983370
59987059
59996317
60023684
60065835
60102237
60127585
60192519
60257990
60297723
60344367
60347509
60356141
60356867
60366664
60378471
60410390
60440548
60506662
60507714
60520205
60521080
60563598
60646386
60666983
60689350
60690682
60719550
60723352
60727944
60766073
60776896
60797223
60810051
60834069
60853720
60864466
60907169
60949820
60983567
60984102
60999121
61000935
61022228
61034358
61038872
61041437
61128738
61129275
61164496
61208112
61242137
61293417
61327798
61379176
61463080
61483125
61485092
61498624
61530772
61573539
61607729
61626645
61634096
61713807
61725690
61742142
61762655
61784457
61789841
61821031
61880717
61885610
61923385
61933879
61954163
62007228
62073903
62096846
62104222
62131759
62134106
62145271
62173615
62192616
62215222
62223118
62287255
62306535
62316903
62329436
62390440
62395523
62397592
62398142
62400864
62445987
62472532
62505650
62656701
62675415
62684402
62692878
62701542
62720635
62728922
62769131
62790545
62796677
62810335
62883872
62917873
62931257
62945292
62960302
62974879
63031206
63073182
63079022
63079908
63131788
63152131
63176457
63183811
63267371
63358242
63369996
63385945
63422072
63438112
63479683
63480901
63504857
63528773
63531325
63560730
63586252
63650981
63663661
63685369
63734376
63747038
63781148
63792847
63794393
63797553
63844277
63860218
63900347
63907226
63950467
63992874
64156756
64163325
64219278
64226789
64232303
64306772
64329121
64376588
64379820
64387817
64396048
64458215
64480251
64501454
64520758
64525205
64576867
64578904
64600588
64605029
64630348
64659702
64673640
64697935
64699632
64735044
64746354
64752464
64791849
64846061
64859743
64882017
64898554
64905409
64912843
64924193
64930768
64940979
64979003
65008049
65008718
65018254
65033014
65038092
65111872
65145463
65157396
65163236
65246296
65268758
65284528
65287829
65291990
65342976
65455862
65487843
65502930
65552426
65568090
65579093
65590476
65620654
65637925
65640905
65684145
65709303
65745308
65746555
65765564
65783548
65809826
65821142
65831978
65837865
65874857
65882132
65913119
65923151
65931913
65941103
65941869
65950336
66030443
66066997
66075711
66193290
66201871
66235145
66236446
66263080
66277470
66319314
66350027
66387996
66398782
66416334
66433389
66449199
66481469
66503591
66504813
66598284
66599162
66604656
66644995
66654001
66682218
66722672
66747395
66755199
66756009
66756405
66794154
66814416
66814746
66820903
66835745
66852802
66876860
66902900
66907093
66925959
66932472
66943800
66955532
66989171
67018964
67032945
67058640
67121598
67126008
67288893
67291041
67302374
67314030
67336631
67340736
67367796
67371032
67383734
67397412
67407212
67438969
67446374
67449657
67462386
67466840
67493639
67528358
67534246
67539659
67558674
67578652
67592006
67634093
67645763
67664698
67799494
67864672
67873046
67909862
67926895
67932679
67957196
67967147
67979201
67990715
68010052
68011410
68026700
68030882
68060069
68086829
68104481
68164725
68178628
68198959
68250849
68252879
68265193
68269820
68276336
68319032
68359126
68381587
68399275
68440987
68447109
68452887
68481765
68483220
68501019
68503272
68600636
68614114
68647067
68665065
68671637
68671913
68706790
68738890
68755445
68789779
68801972
68832423
68862658
68880704
68928776
68949084
68952526
68991594
68997787
68998691
69000173
69025233
69105646
69108189
69118094
69163788
69209487
69210782
69224463
69225623
69230934
69239152
69266714
69280800
69304560
69307714
69312777
69321399
69370257
69371417
69413933
69426000
69485429
69492677
69502764
69541281
69556885
69562584
69563714
69591913
69613232
69623594
69661052
69679387
69687412
69693816
69712108
69734762
69785001
69796310
69802600
69857768
69882879
69914721
69935046
70007225
70056135
70075751
70076028
70108233
70185107
70186794
70199115
70220881
70241048
70274931
70311734
70363310
70389591
70392185
70394009
70419250
70479115
70483592
70501927
70502871
70560199
70578176
70699428
70702111
70706582
70793913
70794721
70905186
70907194
70922851
70954554
70957146
70983319
70992729
71001049
71017872
71022955
71036385
71051892
71052127
71098672
71099941
71189621
71266260
71319457
71347201
71386434
71431879
71450385
71473115
71483084
71531263
71533208
71538720
71551369
71576882
71592006
71597498
71627189
71672414
71699364
71769398
71778594
71781340
71806929
71815710
71847722
71861551
71909842
71955342
71955969
71972535
72006979
72023412
72027502
72048394
72053857
72058163
72091263
72092475
72197817
72199900
72214619
72216804
72257620
72279144
72331647
72351591
72429269
72430862
72481945
72490045
72529737
72557074
72570302
72631405
72677440
72710811
72716686
72750719
72759631
72767934
72784431
72811963
72831006
72845136
72875197
72928969
72935001
72959009
72997066
73004452
73064873
73075796
73091102
73172874
73174762
73179815
73227473
73239669
73255983
73256908
73418721
73420812
73425380
73435514
73452362
73454271
73501260
73517217
73521248
73553679
73575869
73588607
73627297
73693368
73720529
73742276
73756808
73899313
73904038
74022184
74031433
74057633
74088865
74205840
74220952
74265058
74325893
74338894
74360197
74390170
74391651
74413237
74439163
74487633
74496659
74531791
74534266
74562993
74625300
74646870
74678801
74685000
74685277
74691179
74695964
74711643
74858093
74861381
74862949
74868390
74893673
74900966
74922077
74926505
74961764
75010224
75099653
75110572
75126597
75203585
75252673
75285250
75347635
75348039
75362472
75375512
75445538
75451322
75452063
75532417
75539579
75576323
75588675
75628677
75709497
75721900
75722286
75725577
75754509
75791218
75827747
75827914
75876163
75884209
75893207
75897961
75925965
75944488
75950116
75989515
76012072
76040305
76052338
76053834
76065138
76125920
76133021
76136205
76149368
76275654
76277821
76279142
76297472
76305751
76307204
76314166
76319180
76345831
76349175
76354916
76362244
76366900
76374595
76403866
76478931
76480928
76481207
76492659
76498028
76516122
76570195
76573702
76576174
76611729
76635582
76691550
76694914
76696372
76723054
76741328
76752890
76763914
76815011
76826752
76834233
76840705
76842214
76898765
76900034
76936043
76945997
76953523
76956831
77085959
77108650
77111457
77127034
77151963
77182141
77185511
77193036
77196253
77211648
77218011
77241861
77249532
77310908
77317562
77368939
77445193
77446919
77480396
77487262
77494336
77506781
77511208
77529670
77721092
77723411
77726536
77741298
77742613
77753229
77761663
77770180
77789493
77833854
77904209
77916575
77937303
78070800
78074266
78100625
78109086
78111290
78128021
78133518
78149835
78149959
78251333
78275992
78301000
78319733
78362932
78370886
78390333
78408221
78446694
78496291
78507988
78554672
78600015
78608563
78615921
78618173
78646550
78681795
78708517
78728152
78733618
78739310
78755363
78831020
78854236
78892869
78946299
78978178
79016267
79096468
79119024
79166735
79171575
79226567
79293641
79337123
79339186
79357524
79372056
79390329
79410892
79455168
79458065
79480613
79485826
79487585
79505614
79517156
79539045
79542423
79554847
79556868
79570340
79595288
79634469
79655641
79685300
79703457
79707339
79712408
79731340
79736050
79759235
79764993
79779400
79848599
79861703
79902327
79902874
79908877
79929065
79980263
80008208
80013276
80015515
80025100
80034992
80039521
80066341
80086637
80121419
80123843
80212191
80271674
80287796
80294629
80301505
80333827
80409515
80444547
80446159
80449602
80479297
80481558
80526485
80546268
80568301
80582010
80589336
80611268
80672479
80672654
80697391
80701014
80705689
80709991
80798436
80805193
80811873
80814705
80832656
80835693
80899396
80913634
80923951
80985911
81008753
81009297
81034839
81058698
81077531
81101886
81147356
81151243
81164074
81174063
81186211
81193054
81201984
81223942
81274443
81274837
81278239
81289323
81311781
81337553
81347680
81361440
81362907
81442601
81452602
81488468
81500464
81505623
81508753
81521579
81553666
81568595
81593039
81611767
81656008
81682917
81684298
81701816
81709439
81737673
81739282
81739356
81848934
81911894
81921405
81939585
81942466
81942780
81973773
82022442
82033440
82055086
82072213
82076704
82089067
82090338
82099904
82160609
82166358
82181736
82190013
82203783
82246125
82272162
82304998
82323798
82372847
82381612
82393327
82400360
82413584
82415657
82418608
82433010
82444858
82462770
82480241
82503562
82518063
82534986
82575573
82580556
82617282
82650682
82652887
82668632
82711817
82717144
82831427
82861760
82875337
82932199
82938725
82942490
82971371
82980162
82984167
83005341
83041221
83070785
83077477
83086951
83102426
83123691
83132074
83141074
83148241
83159107
83241712
83257997
83291764
83297142
83310408
83370637
83395733
83407776
83412554
83584940
83629861
83648629
83658010
83693773
83719378
83761721
83792397
83800212
83807625
83809117
83812427
83862911
83869169
83887985
83907727
83913465
83934018
83969360
83985661
83993434
84026137
84033375
84036148
84049874
84067376
84074252
84112095
84124133
84131262
84164185
84208567
84227334
84228648
84231450
84284429
84330235
84365457
84367062
84463523
84466333
84519474
84530429
84534257
84545136
84547430
84583377
84589269
84643292
84676001
84698188
84709196
84718859
84745454
84752363
84754158
84849356
84868894
84882686
84893235
84910289
84995228
84996454
85011219
85015159
85016444
85053808
85070470
85088084
85126517
85133222
85137714
85142062
85150960
85183831
85213731
85238473
85302055
85308259
85327764
85375743
85393495
85403420
85431292
85457342
85498047
85507409
85519142
85572921
85574601
85599255
85603033
85703860
85736719
85789019
85792060
85801294
85848896
85859612
85872708
85895083
85952735
85954039
85996993
86042381
86046739
86066676
86080516
86102013
86117092
86144134
86163510
86164615
86205691
86206321
86213652
86233124
86294375
86321554
86360780
86388054
86416764
86433500
86440011
86459876
86462138
86478808
86487611
86522300
86660244
86686125
86687541
86706151
86706282
86752613
86757436
86805276
86810635
86834660
86844445
86848727
86899256
86903634
86909728
86917040
86923860
86946582
86962076
86999071
86999334
87028807
87037124
87045395
87071864
87103126
87115249
87127465
87143919
87148880
87168072
87169946
87203694
87268490
87311706
87333656
87390503
87413728
87428444
87474541
87480326
87480707
87578850
87618303
87640318
87649782
87706179
87733647
87740602
87789708
87871137
87893451
87909045
87910917
87985122
87991659
88048781
88129540
88173622
88175447
88196466
88224588
88227878
88231088
88241457
88257278
88269563
88296578
88302065
88302075
88319920
88400404
88415939
88420764
88422811
88445148
88458278
88484038
88511876
88520492
88601280
88620251
88737360
88744460
88750560
88757371
88776508
88786129
88810102
88853788
88878831
88891266
88901116
88924090
88948043
89004040
89024479
89064015
89069671
89108830
89116219
89127481
89213716
89216949
89227978
89272852
89381348
89382639
89425884
89446080
89492378
89520523
89529535
89558039
89632752
89644798
89659675
89683183
89737804
89812718
89838058
89842367
89920811
89935398
89956461
89963124
89967513
89997851
90017616
90061783
90067881
90076395
90092672
90098462
90135181
90138822
90143812
90158210
90176373
90242037
90255696
90307114
90319319
90342629
90359867
90378716
90381681
90408298
90418884
90487335
90535247
90555793
90558958
90578311
90593238
90597494
90608256
90611560
90657072
90663279
90682295
90686374
90716735
90730739
90731922
90735019
90750884
90768852
90811686
90811920
90814320
90832931
90850439
90850627
90853331
90864530
90878050
90878654
90880206
90894160
90915797
90953031
90959923
90991824
91004968
91051922
91058042
91064319
91130499
91180653
91185364
91197969
91207348
91225755
91234084
91239865
91255285
91320173
91328769
91331744
91381548
91388559
91390311
91393277
91404921
91437981
91487936
91525236
91611596
91614396
91643301
91702383
91717308
91729159
91730479
91762546
91786342
91870968
91887788
91893390
91903324
91936600
91960326
91991919
92052845
92085509
92087146
92091576
92094664
92111950
92132123
92133260
92182591
92245457
92265797
92273023
92286939
92391126
92406797
92448063
92448098
92499721
92502196
92503585
92503652
92504299
92546301
92561046
92566295
92584465
92613506
92630972
92643195
92675921
92679851
92706602
92719799
92744895
92825242
92857836
92861921
92873729
92878124
92895879
92947086
92995338
93056758
93097967
93115816
93147470
93160752
93184404
93191497
93201985
93206076
93211226
93236066
93278015
93322072
93354448
93368025
93428885
93447548
93483558
93503928
93512088
93551152
93587103
93598763
93610466
93622907
93654544
93698577
93700247
93706107
93773470
93797026
93803053
93808455
93823821
93876128
93935785
93956462
93974404
93994077
94012531
94013022
94030398
94064220
94125234
94156008
94160022
94181561
94184442
94197293
94215187
94267772
94287396
94316642
94337164
94376677
94405498
94429058
94430916
94452341
94456202
94465911
94525074
94557242
94588189
94605522
94631110
94665779
94722937
94729934
94743501
94745756
94750065
94758768
94871035
94881056
94887392
94920741
94930102
94937980
94979322
94996637
95085542
95087411
95116089
95118911
95185068
95195216
95297763
95313085
95316650
95337146
95340409
95355968
95370668
95396302
95398795
95451375
95461413
95494177
95494785
95515304
95539313
95550516
95595826
95700006
95765593
95780763
95796518
95805791
95820158
95849178
95865204
95875318
95883828
95917179
95920455
95934846
95964455
95964511
95997583
96058174
96066032
96092448
96109488
96120669
96122985
96164176
96165000
96168023
96180879
96197024
96211842
96220989
96227716
96286190
96319526
96322336
96345975
96375290
96425791
96461255
96483574
96536738
96550987
96566301
96616732
96624187
96624850
96638200
96638237
96638309
96661348
96703927
96743779
96793732
96837430
96878197
96959765
96965865
96982485
96985420
96985967
97013354
97033394
97051939
97063185
97072525
97097245
97128713
97138247
97191953
97222439
97232493
97235311
97238026
97243130
97286397
97321941
97330364
97331136
97338229
97344806
97345773
97357640
97364833
97368868
97411379
97422791
97424339
97457344
97597055
97603446
97615454
97624533
97635188
97639660
97674665
97687194
97690014
97704531
97827952
97873064
97980582
98013340
98016918
98045242
98097955
98121842
98178369
98222246
98257418
98285806
98354428
98385345
98404439
98409812
98418206
98499566
98517015
98533499
98575158
98607609
98617750
98660929
98690723
98698283
98710100
98811649
98873071
98908891
98924591
98927453
98932977
98940669
98962972
98975661
98989264
99047722
99050774
99074487
99083508
99094397
99095478
99120559
99151765
99212974
99226322
99236208
99244959
99259130
99261887
99291523
99300707
99305441
99306708
99342460
99351578
99362785
99384440
99393148
99428901
99455388
99494736
99526466
99552081
99553004
99570562
99573987
99579885
99593880
99598898
99604278
99612173
99614320
99674297
99698285
99747783
99753365
99761295
99859139
99873926
99991625
