110886
165057
255173
279959
289114
338619
341903
378952
520971
523158
582886
620862
643832
645559
681609
725552
777490
791144
879866
993963
1012461
1033011
1066989
1088372
1195756
1229903
1241789
1256315
1360782
1387087
1389464
1417021
1444289
1529381
1573351
1584764
1603253
1680640
1690797
1779691
1819742
1934979
1974500
1985007
2015127
2015905
2048296
2205647
2221899
2246160
2246871
2291082
2332598
2340916
2448943
2481661
2489582
2511264
2512311
2543897
2587897
2613026
2664671
2664888
2677248
2684771
2694253
2701649
2739328
2811877
2832340
2900748
2996706
3046064
3061803
3108126
3134262
3215931
3233379
3257091
3282197
3293979
3296667
3346501
3423987
3499352
3530077
3532101
3640343
3642738
3649046
3659453
3666171
3707543
3799875
3873429
3909972
4016023
4016797
4034988
4035085
4051863
4090677
4111744
4193273
4230995
4247326
4287381
4324156
4331803
4351564
4370080
4390269
4455964
4580186
4624034
4655098
4718202
4742336
4748043
4753026
4822334
4824551
4834646
4895354
4973109
4993355
5041405
5061815
5082704
5105091
5121893
5124200
5145805
5236239
5247108
5345263
5377045
5386205
5401791
5432122
5442011
5442950
5530115
5538794
5539668
5585014
5587955
5594719
5658435
5663454
5688846
5857641
5895211
5960741
5961280
5962991
5988399
6043417
6057015
6072229
6087138
6154015
6206520
6247855
6285792
6288458
6298594
6436064
6514878
6557532
6568681
6570578
6586221
6588292
6620803
6636347
6658827
6691602
6754171
6792112
6810412
6852825
6889624
6941866
6958339
7010830
7027297
7043009
7089178
7114901
7185942
7198248
7198940
7262328
7341641
7434107
7435077
7445469
7456684
7457460
7458600
7478011
7478263
7512393
7520114
7550741
7581156
7664866
7680577
7701463
7735988
7785277
7786524
7814479
7852095
7891594
7925718
7963728
8014375
8068806
8135377
8195225
8198572
8231402
8246372
8247413
8271469
8323617
8374131
8378843
8393017
8436949
8440957
8459706
8465728
8491048
8569730
8598469
8605141
8615812
8625332
8716525
8729639
8751142
8865371
8865982
8905700
8937348
8947650
8985942
9012182
9013440
9080699
9111783
9153183
9181442
9187914
9189433
9193347
9219960
9238910
9297719
9345955
9372440
9398362
9463071
9492292
9507294
9581666
9669062
9700025
9935701
9992284
10001736
10119479
10151443
10177630
10185001
10215802
10225080
10338238
10372721
10376561
10381180
10501572
10598179
10660303
10664846
10684244
10728645
10960552
10963397
10979070
10991449
11042318
11116040
11174933
11207935
11254605
11294766
11470611
11479843
11491294
11535422
11552425
11627603
11700193
11708084
11881437
11917037
11949733
11951027
11990948
12017824
12025830
12029276
12060951
12067351
12096640
12097751
12181984
12186495
12234146
12299490
12321901
12370043
12376998
12379147
12462907
12504619
12507886
12523105
12530440
12543750
12552479
12614986
12652159
12657235
12701998
12790303
12797165
12851230
12868833
12877898
12885176
12890745
12988296
12991959
13053269
13096388
13274522
13307687
13314437
13322070
13389820
13413985
13512005
13520164
13541080
13545178
13550876
13600246
13640458
13640751
13685042
13709796
13715917
13769183
13832110
13868658
13870194
13873927
13931259
13995714
14058596
14110883
14113439
14189233
14224586
14260126
14306806
14352165
14394124
14416201
14469120
14489086
14497949
14542916
14577983
14584872
14622266
14639029
14657527
14657797
14681540
14687205
14719913
14740097
14740245
14760325
14772842
14840894
14889330
14898587
14914562
14953719
14955479
14987481
15008042
15008178
15078605
15124990
15191095
15223773
15224748
15304924
15308274
15398818
15421049
15480827
15531633
15533819
15585169
15633335
15675919
15676780
15757202
15761150
15777581
15880016
15891976
15942313
15972708
15980437
16039683
16090608
16173653
16251467
16263937
16288957
16300004
16314090
16325481
16430902
16468180
16471772
16584611
16586274
16639717
16652620
16680280
16728285
16735383
16837772
16860687
16861426
16993226
17032390
17066070
17105196
17126626
17139244
17173364
17200994
17219776
17230829
17241659
17336374
17341774
17405362
17421009
17465474
17503065
17515292
17524697
17526385
17526513
17568453
17596867
17659061
17689702
17712644
17734212
17820738
17838681
17848644
17880866
17883579
17980204
18005756
18032902
18097429
18110965
18161047
18223151
18252512
18252883
18293330
18311222
18312888
18322443
18366130
18371265
18416183
18464329
18506391
18520481
18541993
18549452
18551761
18626647
18629261
18640185
18669934
18730937
18772527
18819170
18822023
18848614
18873931
18889335
18932576
18939327
19030862
19089286
19131474
19132789
19144979
19146294
19153582
19192114
19223153
19345892
19447718
19464216
19521476
19645976
19681208
19692232
19704282
19755433
19797985
19819669
19858876
19872988
19888673
19891910
19905117
19908196
19922389
19942782
19955636
20101195
20166584
20173556
20341514
20362546
20391755
20404007
20451573
20494353
20524680
20543651
20570590
20582669
20715407
20729621
20742683
20802331
20834528
20847827
20858600
20910896
20944995
21006578
21015094
21029621
21053666
21074451
21074759
21095619
21125529
21345782
21383620
21389945
21390911
21402291
21425768
21474778
21480572
21507221
21571971
21592793
21593438
21597851
21659370
21676201
21707272
21801231
21825773
21863100
21916053
21959062
22009617
22083303
22124210
22163684
22171294
22192673
22225944
22292150
22314871
22350657
22399374
22405497
22461406
22464357
22517109
22540839
22567905
22646511
22716756
22738096
22789535
22810209
22822013
22908929
22925766
22943073
23026083
23055322
23074831
23082457
23169825
23173301
23232550
23361793
23376157
23447611
23455045
23456802
23556320
23581695
23588202
23672310
23760596
23773049
23893138
23944352
24000520
24029372
24070203
24073515
24073907
24085593
24099852
24109036
24181938
24210099
24223784
24240561
24267640
24272215
24311360
24372339
24453454
24467136
24593090
24607922
24724468
24774556
24799417
24832044
24906735
24945910
24949383
24957123
24988871
24997707
25026331
25178707
25181719
25218470
25257656
25259813
25271920
25293200
25310514
25353077
25424963
25505610
25550671
25601140
25644110
25645906
25656409
25762850
25781767
25881433
25882761
25896103
25957626
26000820
26026351
26077635
26100032
26151627
26201321
26227790
26239238
26331471
26332757
26371981
26400897
26456604
26483476
26519988
26544612
26573319
26621517
26633139
26820899
26892463
26941467
26970436
26999479
27101101
27118921
27120934
27123157
27129130
27131013
27181336
27187687
27199300
27227953
27250013
27302164
27303309
27307179
27338453
27358590
27393370
27410705
27501390
27508837
27564129
27607573
27620200
27628391
27682692
27748336
27767961
27837619
27842963
27861077
27863228
27901926
27903923
27933830
28004774
28008500
28055699
28090949
28123550
28264277
28307826
28332440
28406933
28452449
28456887
28492242
28512431
28519190
28573317
28622836
28654210
28690329
28715230
28727657
28830547
28841025
28915990
28939129
29000284
29004978
29050906
29069840
29107527
29160334
29173301
29191439
29300524
29410398
29452611
29495474
29499979
29523334
29616882
29662914
29666837
29680798
29730086
29770971
29787828
29865840
29880259
29921026
29936964
29971417
30060556
30104063
30151524
30170319
30254077
30315314
30332674
30387232
30419684
30480305
30541434
30583576
30604491
30626840
30630637
30669177
30791289
30855115
30891413
30892129
30934187
31011700
31037803
31118784
31203227
31203987
31210555
31302642
31344791
31348976
31374646
31455953
31487495
31540798
31580204
31629194
31631644
31666982
31680259
31724189
31755892
31759091
31870581
31972439
32012341
32044419
32099778
32123986
32162336
32287241
32301980
32344102
32373025
32382263
32421898
32448371
32469523
32491727
32495484
32514722
32525735
32541241
32549755
32556152
32574847
32576561
32611249
32641737
32756962
32772438
32786187
32802562
32840241
32865201
32934032
32994261
33008489
33010660
33052140
33052663
33060606
33082011
33127802
33206798
33208261
33266286
33292883
33325998
33331489
33335180
33358683
33423047
33423127
33457125
33473121
33489237
33528605
33529865
33570826
33573351
33574865
33650612
33679686
33691020
33786986
33808150
33823689
33850351
33866012
33883503
33906805
33937674
33980048
33982240
34062312
34080748
34100551
34121630
34123040
34124165
34290428
34345673
34394200
34432877
34447131
34455060
34507456
34516404
34580468
34580551
34655935
34669672
34679763
34683036
34726724
34758402
34785143
34800507
34814147
34866231
34968200
34991587
35054032
35143086
35148329
35150805
35227437
35250303
35329906
35361177
35366376
35388164
35538565
35609887
35641482
35647801
35712437
35720858
35889478
35889802
35972637
35976047
35998115
35999261
36031592
36112950
36176674
36194110
36234494
36254950
36319361
36362088
36401436
36426424
36498349
36563103
36573262
36582870
36607741
36642119
36647734
36758444
36791822
36796130
36822154
36914113
37014080
37027952
37105039
37128954
37295953
37311241
37313519
37319922
37363872
37431642
37473892
37483956
37528057
37558567
37562380
37565732
37569880
37571490
37580556
37663069
37732113
37741878
37763875
37797808
37798704
37863399
37870620
37892403
37914446
37919353
37965754
37992828
38023329
38038357
38055079
38108084
38112755
38239981
38314122
38337597
38400798
38421965
38447515
38453664
38509968
38526551
38553802
38568811
38659116
38736520
38756074
38809534
38826344
38869132
38926439
38939771
38967406
38995772
39047871
39060388
39101569
39122497
39148023
39150109
39166860
39185582
39207700
39213500
39237906
39312948
39330088
39350546
39393014
39583591
39591327
39596592
39603091
39675166
39694633
39811521
39893053
39905869
39939203
39945754
39950504
40115939
40141697
40243398
40275305
40277825
40279278
40287262
40389317
40404664
40423004
40489885
40545018
40589298
40620438
40693289
40696166
40771058
40782833
40821839
40830199
40830438
40843050
40917207
40961730
40975672
41049238
41049622
41108347
41137584
41154824
41196637
41208964
41209105
41214069
41226678
41258098
41289459
41314629
41353532
41361017
41381576
41387043
41515831
41668282
41677026
41709885
41766906
41773319
41791185
41814320
41826936
41835763
41877494
41902655
41912153
41919214
41945413
41985363
42033037
42039662
42062261
42066843
42072002
42174727
42214762
42221963
42225288
42246692
42257910
42314660
42329504
42330969
42397853
42402530
42433660
42437053
42446849
42526868
42552108
42554390
42682262
42754500
42827486
42858154
42860214
42873605
42948320
42986666
43071434
43115610
43120534
43127813
43131087
43154801
43221080
43329403
43351164
43358969
43452699
43494745
43501454
43507401
43562321
43583352
43639932
43673690
43678718
43734678
43795359
43821887
43824206
43885658
43933523
43947353
43985809
44048353
44055735
44065959
44093013
44106941
44268509
44277785
44281955
44323061
44394977
44441929
44444140
44462072
44470363
44481972
44488790
44542968
44624446
44628499
44662379
44694909
44700374
44722525
44835290
44897382
45031392
45119627
45167008
45167750
45175069
45226651
45247200
45284749
45286807
45389652
45424769
45458707
45560643
45615611
45619425
45656338
45684077
45748271
45782036
45839250
45848040
45850272
45881894
45992444
46038356
46059083
46085593
46123094
46177066
46279136
46290795
46312101
46370168
46411419
46436518
46466356
46475779
46522579
46526574
46535960
46598263
46605777
46663575
46666450
46717662
46787064
46912454
46954364
46985325
46995313
47060436
47083096
47103960
47125654
47131167
47148017
47182097
47214351
47262986
47286894
47287614
47304039
47346502
47382330
47437837
47460428
47461664
47478312
47536191
47566500
47627579
47644694
47700422
47748784
47800865
47858199
47930067
47936764
47940214
47970060
48010302
48064807
48095035
48125718
48201524
48349895
48377429
48380257
48398423
48409966
48446042
48499192
48518414
48578847
48587106
48636181
48645556
48659540
48710429
48780276
48875621
48890102
48962127
48971131
49054947
49061967
49118028
49148744
49171174
49264701
49322301
49323196
49340624
49370645
49406798
49410663
49443789
49466271
49485046
49553601
49741867
49776723
49805797
49809745
49825691
49881173
49908403
49912771
49966534
49980197
50034120
50117609
50154601
50191974
50272304
50296657
50312936
50339235
50405248
50426448
50456884
50616992
50716572
50732985
50752639
50818702
50848196
50869884
50879658
50948710
50992652
51010923
51081602
51257811
51361928
51373494
51391435
51480936
51593943
51651250
51673886
51678053
51695486
51720375
51728173
51842651
51927256
51992372
52040541
52064045
52156070
52157932
52242760
52305370
52366800
52370837
52385604
52385965
52387902
52428187
52451335
52532582
52533045
52534138
52556776
52558123
52616057
52650064
52685320
52737889
52757134
52782853
52793342
52795750
52835253
52887946
52967076
52998068
53002691
53230416
53276812
53308434
53333610
53382325
53397130
53427085
53474449
53503874
53563565
53570934
53628606
53633377
53655057
53659850
53677621
53784876
53797942
53820724
53856819
53859855
53878575
53880799
54029338
54064544
54091112
54098359
54138837
54150227
54426723
54466110
54480061
54520515
54556680
54581412
54591578
54728316
54735521
54792392
54851093
54857833
54867586
54905219
54907594
54950585
54985053
55081433
55191333
55198039
55210251
55290625
55390076
55398285
55446405
55459195
55474435
55522320
55530495
55610142
55632748
55649737
55651015
55673142
55730448
55771014
55794130
55818795
55834675
55869756
55870983
55942939
55944776
55947326
55951135
56010773
56129634
56150268
56188426
56246240
56294518
56305370
56442903
56504154
56527011
56542372
56575754
56655591
56657915
56736641
56740967
56754884
56755242
56773879
56827972
56837451
56838004
56845902
56947399
56961128
57072286
57123601
57126637
57159215
57162417
57233481
57395055
57463796
57513504
57513860
57622181
57644836
57658732
57691328
57760737
57784429
57796491
57913435
58087213
58135643
58150409
58165566
58303362
58388948
58563245
58724876
58725429
58742003
58790419
58984746
59014771
59049680
59084193
59149487
59154316
59244497
59306489
59319771
59350917
59448598
59509163
59565774
59586270
59612433
59638588
59676459
59696611
59699511
59718024
59737000
59763088
59791149
59948591
59970095
59990754
59996750
60019941
60045601
60054013
60059598
60123465
60143330
60154690
60251547
60258144
60331062
60370722
60414188
60437657
60536461
60610890
60643089
60707751
60762146
60866605
60903244
60925276
60968162
60997224
61029956
61087315
61116406
61168693
61175168
61206172
61223853
61229961
61365120
61461482
61589987
61593482
61625936
61700118
61718228
61728612
61834368
61980994
62045489
62092052
62101406
62122732
62124585
62188557
62246899
62261002
62407619
62408170
62461809
62466727
62499031
62514298
62533583
62548631
62574713
62623539
62653289
62697067
62724957
62728128
62770484
62941002
62978734
62998703
63061142
63079116
63093896
63318728
63354761
63380992
63421898
63521766
63563876
63567888
63595384
63599943
63613336
63669969
63707175
63753653
63783594
63803203
63844188
63846262
63851909
64040710
64219221
64247038
64253256
64324287
64346611
64355988
64399948
64420507
64427806
64443535
64473476
64497013
64565359
64638046
64734397
64791312
64886318
64904304
64905483
64969011
65099559
65130484
65135839
65197445
65211821
65241017
65259451
65325818
65333162
65342958
65370459
65371579
65425314
65486025
65525833
65539805
65556313
65611028
65643841
65648430
65668692
65818640
65823622
65839633
65859316
65895853
65941147
65997165
66013679
66070507
66080169
66138695
66298718
66353090
66431805
66437620
66441885
66506079
66529984
66534605
66537002
66609695
66630796
66649672
66661407
66670863
66676194
66705999
66725349
66780179
66847995
66856621
66861700
66869853
66883047
66954282
66971977
67038223
67059253
67060121
67086486
67114083
67209636
67223946
67265882
67341922
67411911
67461746
67507924
67528736
67530322
67572467
67599367
67678885
67772789
67776862
67787078
67799220
67819527
67903857
67905290
67922055
67930270
67935503
67944541
67971672
67973263
68007569
68069551
68117547
68134703
68135179
68162069
68210125
68243100
68250069
68262655
68272324
68284130
68319866
68340872
68371421
68411385
68427890
68442758
68479436
68593175
68631515
68638794
68675007
68682070
68682218
68686569
68750078
68777877
68788243
68792442
68817430
68817898
68850020
68855342
68867670
68868404
68882986
68894561
68966421
68998543
69072605
69149469
69171130
69186841
69268369
69320592
69347371
69377848
69423345
69447419
69491635
69492430
69552930
69660217
69661485
69664810
69667835
69669437
69670398
69745077
69757757
69785485
69801437
69867808
69943198
69958246
69958546
69995782
70048180
70112306
70163998
70181074
70189327
70247225
70261217
70281959
70286760
70316702
70412655
70415572
70422495
70465322
70489631
70491197
70511570
70521343
70535086
70596903
70660423
70675052
70691524
70762055
70768580
70776455
70784266
70834055
70857986
70891419
70906708
70913837
70978284
70983394
71163439
71165154
71214182
71220061
71225085
71303167
71373142
71382151
71421280
71434208
71510188
71511221
71537643
71545041
71580668
71607408
71619264
71646289
71669668
71709708
71739235
71811747
71835083
71921466
71974764
71999994
72039698
72041316
72052421
72079552
72108440
72129315
72142696
72252458
72309415
72481887
72490782
72528764
72532408
72536372
72545268
72561667
72606035
72606068
72611947
72639806
72645591
72672296
72679997
72746754
72803176
72803945
72804615
72808252
72820518
72820763
72859181
72875625
72941156
72988970
72992341
73028533
73110195
73130283
73148031
73177193
73196126
73210796
73235419
73246029
73282738
73316142
73337226
73721709
73782975
73791760
73809154
73893900
73897990
73905462
73911574
73930789
73944831
74038024
74067264
74078031
74103596
74118702
74149730
74150540
74171430
74184245
74251454
74253215
74257801
74268398
74390830
74433876
74435651
74440486
74443697
74448338
74477344
74550733
74661773
74816391
74851044
74921743
74947791
75188974
75193814
75204331
75215411
75221767
75294332
75299716
75344841
75345729
75389418
75412950
75428450
75442385
75477665
75498276
75510219
75514395
75519789
75523239
75597063
75619089
75651648
75665423
75729556
75785112
75803979
75846675
75857045
75922699
75925778
75993051
76042214
76043359
76047968
76095910
76172646
76250883
76278562
76295638
76316485
76326999
76377110
76384697
76384707
76385191
76459814
76497458
76560436
76631676
76641892
76651775
76691421
76692305
76702897
76728174
76839132
76853965
76992693
77022971
77053968
77160024
77172826
77227845
77241327
77318377
77336480
77413848
77438526
77566296
77595685
77661188
77760871
77772139
77827435
77873792
77889712
77926056
77927268
77967043
77977687
77978762
77995987
78062307
78156364
78227119
78270447
78295119
78312788
78320414
78384136
78401293
78459187
78519823
78528549
78535031
78535973
78542662
78547821
78568352
78588247
78609092
78683664
78717795
78737353
78843789
78859561
78905172
78915387
78941954
78955717
78960721
78965325
79099635
79136188
79159765
79165571
79167605
79177333
79179014
79262483
79270946
79305560
79306447
79416189
79449562
79502111
79504263
79526626
79531708
79718602
79761543
79775416
79784244
79822117
79918959
79970560
79989688
80038367
80054704
80151016
80228817
80235467
80273300
80294648
80310965
80382954
80403251
80405961
80422794
80424780
80428100
80452690
80476423
80492987
80600910
80686058
80688932
80701582
80778139
80789823
80800327
80807836
80815653
80825143
80965392
80978009
81096295
81143183
81148346
81204514
81240522
81264838
81334182
81419529
81473126
81486652
81496878
81510356
81520634
81525979
81535195
81633412
81642017
81678918
81694004
81694398
81772504
81819109
81847813
81878068
81901673
81985964
81989053
81996244
81999403
82052068
82060363
82087695
82092053
82152727
82169126
82259339
82269732
82292392
82322166
82324171
82343607
82400403
82402155
82409899
82445875
82448421
82487299
82508911
82616951
82618039
82620303
82700153
82773602
82783095
82786592
82826828
82850998
82852167
82903046
82922878
82956627
83009388
83133255
83144021
83239171
83244193
83286474
83323973
83358410
83381724
83405127
83421921
83440552
83452127
83462410
83505020
83538505
83605795
83642474
83649734
83701364
83724214
83756931
83803625
83887033
83906452
83932613
83938650
83944819
83994484
84025271
84029955
84038435
84041437
84055091
84097618
84136051
84149638
84189808
84226271
84244394
84268568
84331492
84374457
84414676
84432453
84443272
84452551
84559028
84597215
84613424
84614955
84688565
84733093
84768624
84774415
84785933
84794727
84800193
84805070
84817399
84882215
84894906
84996691
85023649
85037813
85042106
85042581
85087380
85130532
85166126
85243111
85310195
85313384
85317026
85335189
85337621
85344416
85491909
85500235
85517861
85602038
85697649
85705925
85749204
85874827
85941148
85950617
85958466
86050106
86087500
86104493
86139089
86147616
86148913
86153853
86206413
86207646
86319928
86341492
86346102
86381495
86385762
86533076
86540519
86604704
86711030
86725459
86736581
86815390
86860947
86867236
86878363
86922926
86934028
86957466
86969154
86976990
87010894
87019282
87026338
87124577
87138158
87166449
87209786
87230150
87250684
87261426
87263616
87267825
87305769
87321224
87337278
87421102
87421339
87425963
87505755
87527011
87599121
87632855
87689042
87701059
87739095
87808729
87882811
87887565
87964763
87988582
87991608
88004376
88005103
88194913
88240855
88262057
88332766
88388319
88431443
88469837
88478686
88492390
88512664
88527425
88593281
88609981
88717789
88811151
88812676
88841165
88932921
88993302
89017374
89028162
89042977
89079898
89241299
89362450
89369488
89398391
89409572
89418133
89490916
89512780
89583748
89600773
89614322
89721002
89728098
89751943
89790838
89807228
89870102
89960681
89961889
90023150
90052190
90144816
90224449
90361355
90426301
90487710
90510399
90526315
90531804
90542737
90656039
90707203
90729029
90730589
90792571
91001693
91036384
91048096
91167781
91180436
91191825
91219224
91237445
91295545
91416541
91465402
91470711
91479515
91483129
91527059
91528835
91538711
91568000
91625156
91685539
91710209
91755584
91755962
91784167
91827308
91830748
91839541
91862855
91866431
91949972
91956097
91984767
92008784
92030979
92056276
92065296
92188066
92311165
92334510
92380550
92406658
92417567
92475362
92525368
92529588
92544796
92636534
92639524
92662413
92664936
92665121
92666829
92677236
92896516
92899231
92940955
92956913
92976148
93000556
93001409
93050138
93053565
93079025
93107600
93120615
93130153
93232465
93254909
93266495
93343547
93417016
93481485
93481990
93492213
93649478
93704649
93711370
93737667
93741957
93754044
93778933
93858876
93896660
93929334
93944077
93955699
93964523
93972200
94053850
94074837
94159215
94319226
94355954
94359157
94367979
94428226
94458293
94471591
94500616
94502089
94548398
94575052
94609567
94614080
94663486
94708404
94720832
94783187
94818228
94831653
94853120
94898653
94949258
95014563
95027883
95072380
95095566
95136769
95149874
95170454
95212085
95228934
95283081
95311283
95334911
95427433
95428606
95530337
95566314
95639383
95657127
95687873
95792625
95875807
95909031
95910760
95974407
95979481
96063352
96072424
96154244
96191967
96195661
96274101
96373386
96415788
96419763
96430578
96506157
96542997
96567497
96615260
96617338
96680546
96693726
96761778
96804151
96851131
96894315
96944243
97026624
97044100
97044394
97060521
97162286
97201162
97215260
97269993
97313671
97328074
97328802
97330510
97413263
97550601
97553126
97582666
97617840
97691283
97776985
97780375
97812482
97817450
97826960
97833552
97921960
97987761
97997608
98022619
98140882
98180607
98217988
98222673
98225458
98228258
98235556
98325445
98334427
98398204
98443785
98536070
98556700
98571623
98619111
98619291
98655939
98681699
98684795
98805605
98848683
98915005
98965146
99013211
99087698
99121552
99130576
99138953
99251413
99283992
99364489
99422827
99516944
99520677
99538075
99543526
99608992
99642789
99658168
99768443
99794934
99820759
99828293
99840654
99889462
99907377
99919503
99925518
99940314
99989271
99990623
