2352
77070
389280
393929
476104
482477
610716
619469
653479
660983
706058
783306
827883
868262
990869
1169981
1205853
1298853
1335397
1413207
1436055
1695886
1801881
1818518
1899509
1961145
2060672
2156033
2183796
2184171
2464948
2508197
2678450
2731669
2764671
2853242
2918199
2993571
3018275
3083046
3131142
3152237
3201070
3213290
3224426
3278777
3321609
3492164
3501236
3555936
3620441
3648717
3658335
3679886
3691733
3692170
3695988
3730957
3776229
3787691
3899743
3952636
4077815
4171817
4256191
4357504
4389965
4398251
4406911
4420727
4449487
4541379
4656444
4681082
4738235
5241794
5288454
5432116
5503604
5646780
5686267
5694110
5721016
5766147
5831133
5859448
6081931
6174207
6248008
6290420
6369876
6498070
6532247
6634632
6643170
6737560
6784944
6822804
6904953
6982915
6998829
7139524
7158177
7217603
7231168
7269958
7344144
7377968
7379313
7388384
7549582
7657240
7670411
7698316
7740381
7888266
7924368
8059023
8115591
8171126
8232130
8277218
8282446
8429758
8437844
8470561
8618296
8637863
8639857
8744971
8781520
8936067
9129364
9176959
9227624
9349933
9439787
9524568
9611445
9618740
9722222
9733425
9763325
9876751
9979606
10053696
10235834
10422826
10444844
10491195
10507506
10534529
10619005
10659123
10768259
10827897
10885796
10980839
11015471
11021715
11079491
11100478
11112557
11195148
11236000
11305551
11542345
11560523
11680824
11720907
11820351
11837181
11846692
11846753
11855594
11951421
12047760
12231769
12550663
12783490
12798648
12807217
12878033
12929433
12945605
12975945
13015062
13113258
13295649
13361643
13382925
13491001
13586350
13647709
13762265
13785928
13799053
13846698
14009580
14118289
14126465
14170723
14235286
14349011
14456669
14542759
14552774
14595872
14596889
14680025
14704070
14721417
14791356
14944791
14960480
15188709
15240892
15253037
15361432
15367990
15375537
15397636
15457799
15478889
15558157
15561370
15745281
15832595
15968280
16084854
16160116
16463915
16556014
16670692
16675004
16785889
16815555
16995311
17040442
17197596
17449110
17469280
17484712
17550720
17565780
17621373
17683343
17858963
18203460
18237853
18324047
18428456
18438400
18486811
18601636
18664185
18878915
18901490
18939297
18943600
18954941
18979527
18993965
19044282
19050192
19269195
19270736
19295052
19304999
19313864
19401913
19443296
19549266
19560530
19672002
19754820
19814204
19843387
19846952
19862577
19930251
19972882
20006557
20035499
20146404
20171025
20236726
20371720
20467394
20566779
20568373
20642825
20650544
20917492
20953144
21022042
21073945
21165699
21206305
21218600
21218730
21252267
21364767
21393711
21411067
21411471
21429548
21457846
21467630
21471496
21482025
21509043
21650828
21752270
21757808
21775735
21791673
21807286
22055346
22108563
22184906
22312004
22345726
22388263
22401589
22434994
22443565
22448214
22487530
22506990
22635390
22761605
22795952
22844365
22884878
22891060
22903092
22988081
23071798
23191656
23199542
23218712
23220385
23283689
23284674
23459348
23520617
23571790
23619445
23637136
23696247
23756458
23764015
23841432
23894082
23938491
24024914
24056392
24056454
24063375
24140723
24180243
24227800
24351786
24443455
24477804
24549262
24550667
24614924
24750288
24753224
24759969
24769293
24821335
24875670
24908278
24921491
24927740
24940260
24978483
25034750
25048420
25190981
25201708
25223560
25257215
25275243
25296315
25537650
25598537
25657688
25688986
25690745
25873619
25941375
25942556
25977761
25993962
26046059
26073165
26101634
26151484
26230589
26316348
26375577
26392124
26559588
26579281
26585928
26606893
26663619
26697384
26722249
26730290
26792530
26939304
26961896
26963750
27001820
27069425
27087617
27136077
27153127
27187278
27247560
27319031
27468685
27510993
27850747
27974592
28054604
28064038
28077268
28081671
28093712
28097976
28444591
28448218
28448897
28453820
28486872
28743765
28777690
28814921
28825841
28830111
29137633
29169273
29267278
29330633
29745419
29787975
29947444
30051232
30113461
30139484
30141293
30143080
30221759
30227944
30236493
30241147
30352445
30405683
30497623
30543003
30631323
30649690
30697392
30767973
30867778
30912420
31019197
31103720
31388770
31408521
31442755
31458613
31518029
31560474
31614535
31660589
31692919
31800012
31951145
31952461
32320330
32341607
32508642
32599640
32707084
32714690
32733498
32782023
32864605
32908650
32945970
33007133
33041371
33051784
33123310
33129661
33132858
33148931
33210616
33291044
33364290
33372156
33378005
33616446
33654596
33690334
33859037
34044779
34145755
34165396
34178937
34308695
34319954
34348816
34522028
34620980
34746354
34763872
34777529
35004180
35009012
35024051
35129787
35157465
35206947
35265783
35292915
35574847
35587126
35720746
35850436
35997331
36006589
36061955
36065855
36148299
36167415
36169848
36236107
36242676
36354739
36434479
36463923
36486276
36505413
36553251
36665542
36681854
36770489
36800204
36820722
36894272
36980077
37138386
37249230
37281108
37347088
37531134
37617604
37696491
37708400
37716283
37808439
37828282
37854996
37881889
37917477
37978536
38019609
38025937
38118225
38122183
38149903
38279402
38297487
38299200
38319395
38415734
38515982
38521467
38648320
38792434
38871008
38887398
38973589
39148609
39294960
39336530
39452093
39588449
39590100
39618268
39754917
39802781
39812689
39848553
39854710
39887372
39981707
40007775
40078663
40155376
40192588
40218355
40294840
40311474
40362103
40439127
40540558
40617069
40670115
40708442
40726464
40750548
40781015
40788995
40920941
40926567
41001363
41074059
41100773
41185935
41333899
41340271
41365968
41381963
41422193
41444800
41509920
41512087
41618980
41627577
41790023
41797307
41825897
41885432
41943634
41972159
41985664
42062959
42085653
42176447
42183112
42267405
42352477
42355103
42430220
42463285
42475844
42604255
42604584
42661585
42726947
42744041
42768092
42895092
42978002
43112794
43161603
43373561
43396954
43447375
43592012
43606856
43766273
43937360
44016568
44021193
44057432
44120029
44171385
44515342
44515348
44524245
44585581
44696484
44731301
44747587
44847279
44921040
44926595
44996476
45193397
45268984
45278467
45308949
45365799
45407533
45644115
45668306
45704312
45741692
45752995
45796363
45861652
45863389
45913206
45913764
45921318
45949440
46026653
46093892
46101126
46121387
46145531
46189188
46227657
46245246
46297638
46323547
46358805
46399723
46435028
46461119
46499397
46504386
46521819
46639679
46816106
46827596
46855162
46967597
46978944
47009937
47054863
47077507
47089603
47103387
47104871
47167628
47371185
47418090
47432295
47552321
47599749
47676720
47687126
47695821
47717397
47864554
47904961
47997759
48025802
48116531
48143038
48237268
48253869
48278625
48310896
48330523
48355000
48451343
48582293
48628947
48638405
48701791
48797651
48807842
48832072
48927298
48929697
49125114
49304982
49307021
49486981
49507554
49527817
49597755
49623309
49732575
49734136
49817694
49925232
49949606
49961772
49979406
50013398
50030813
50241593
50273085
50391066
50523258
50590313
50616312
50677149
50708085
50721390
50755072
50878257
50958708
51011089
51163596
51178513
51232656
51299489
51399998
51418381
51440097
51454813
51518278
51561339
51572681
51692141
51746431
51749249
51776787
51937123
51948949
52115340
52139897
52185410
52351876
52433894
52469320
52527399
52612426
52612432
52796467
52921199
53091445
53108668
53110664
53128447
53139388
53147030
53161174
53202211
53207887
53235984
53282740
53348797
53410690
53423892
53511624
53635553
53650022
53666980
53703795
53764896
53766592
53974256
54027605
54187766
54192685
54211965
54219525
54248464
54256334
54256684
54378450
54459910
54467480
54536670
54539857
54557138
54778323
54820454
54866767
54966435
55018702
55042024
55081538
55191151
55282725
55340641
55496253
55514832
55547410
55566801
55671865
55718363
55860631
55981181
56001049
56015733
56049927
56120209
56181018
56266764
56410977
56452530
56506288
56543632
56618758
56624855
56787668
56810930
56827010
56948488
56950459
56980496
57032271
57113899
57124130
57136849
57160357
57255125
57470872
57668673
57683280
57714361
57743113
57749976
57819822
57838641
57844738
57979453
58058553
58059175
58141133
58262763
58269814
58356579
58512236
58579834
58607933
58695514
58709431
58725403
58770755
58803719
58867420
58893873
58938749
58971324
59068239
59165074
59274014
59533784
59595174
59674635
59761372
59776502
59912440
60110320
60416028
60498164
60567513
60728007
60779997
60784463
61112068
61157428
61256115
61311671
61335617
61407383
61436958
61595195
61653005
61758552
62027364
62027993
62125980
62159082
62240609
62339623
62396044
62535964
62564186
62722542
62761022
62891419
62984046
63106889
63143403
63152511
63161091
63171277
63214983
63417955
63632830
63843648
63907793
64121845
64132621
64191828
64198105
64248656
64370729
64408393
64434388
64478189
64498597
64648545
64669526
64694089
64898062
64900210
64983733
65059512
65232165
65345953
65369158
65407047
65499869
65533882
65565153
65687931
65782084
65807791
66023282
66061932
66111909
66277431
66441079
66448781
66528672
66589203
66641082
66723659
66734561
66834730
66854755
66983989
66991408
67081836
67086295
67112884
67133609
67145515
67274986
67323125
67324796
67403378
67428974
67436820
67440182
67440852
67461371
67549390
67560868
67616895
67719709
67772080
67818890
67864817
68073200
68120560
68142629
68217208
68225575
68231065
68395118
68489288
68518271
68666050
68767712
68774378
68833543
68858484
68881946
68911855
68940204
68950491
68974678
69009248
69015851
69042834
69046318
69215515
69402875
69436330
69458024
69501398
69598696
69631719
69781301
69791559
69823331
69827966
69928044
69935935
69991242
70007081
70028051
70088378
70219285
70246657
70261817
70418011
70491299
70506325
70593509
70697109
70790313
70847661
70857161
70892506
70925923
70991482
71001209
71020878
71085114
71142079
71158668
71187230
71246710
71251716
71292340
71293732
71327506
71394778
71423436
71538548
71541937
71618508
71723046
71835544
71838662
71859199
71883582
71886053
71941388
71981892
72008278
72012203
72018690
72234743
72272144
72292422
72414804
72443471
72446975
72499600
72503187
72515712
72547192
72583890
72611013
72619618
72759826
72842309
72851510
72865740
73030697
73039620
73096809
73117692
73186180
73239893
73291056
73329158
73450632
73581457
73624653
73635883
73676563
73775068
73798777
73913466
73924561
74032716
74178022
74189000
74263339
74316355
74530569
74592912
74634053
74664199
74668528
74747254
74836037
74891048
74909556
74920886
75024635
75025028
75037622
75077393
75248862
75268406
75300855
75320774
75321042
75351374
75356721
75364539
75367499
75431885
75504939
75613145
75678394
75789627
75802560
75898375
75933462
75983143
75998922
76254779
76274915
76310606
76342661
76451092
76565863
76592352
76638398
76665722
76701543
76744108
76771324
76774222
76855324
76896696
76940161
76950073
77066214
77214361
77246054
77365957
77409945
77417072
77519906
77564168
77590243
77673473
77817820
77845593
77906536
77946700
78017700
78229257
78255259
78256274
78290112
78425687
78472395
78559273
78559572
78655047
78729125
78770999
78812591
78816546
78924773
78943452
78962409
79150356
79247103
79272760
79414695
79427394
79432737
79673748
79708127
79778528
79794054
79885585
79946832
79964621
79966780
80067597
80145768
80261486
80496465
80679966
80791457
81095479
81294198
81356620
81386064
81467549
81519681
81618783
81636965
81732225
81734111
81769106
81791968
81880950
81986478
81991628
82141077
82169222
82237448
82271389
82279731
82308912
82345048
82347010
82407632
82465823
82480242
82584564
82618429
82682957
82700256
82802008
82818245
82871094
82934136
82957496
83008781
83009190
83062045
83156552
83354826
83391772
83461862
83524340
83688679
83764904
83806566
83849447
83891676
84046389
84181496
84186821
84187690
84249342
84272259
84328619
84362231
84449520
84492624
84565711
84668959
84685139
84709108
84759753
84832077
84877699
84941392
85071895
85091559
85109126
85112287
85361358
85400680
85429520
85431210
85461385
85462598
85522258
85548867
85576785
85634330
85796749
85902558
85982950
86017774
86129133
86166057
86220310
86221352
86262797
86485252
86519400
86522238
86551108
86587140
86650950
86745913
86772196
86787803
86796456
86817244
86856074
86884047
87026237
87157533
87223396
87230955
87256382
87283523
87287156
87402197
87472343
87508716
87583007
87656863
87663669
87990495
88023094
88031172
88066562
88067126
88088250
88151491
88216093
88259579
88407712
88419760
88421301
88423456
88439321
88472834
88546704
88572108
88646716
88716031
88744949
88763176
88805965
88822188
88824448
88912842
88917945
88921435
88943325
88977948
89127028
89205714
89368815
89447518
89477205
89572284
89650563
89770492
89844861
90424027
90445390
90488205
90558880
90623864
90828981
91040946
91192531
91232709
91259041
91332731
91497862
91535044
91612719
91647873
91681830
91721536
91728003
91753341
91989414
92165506
92234690
92314266
92327820
92505651
92512884
92536687
92585718
92606128
92650183
92707046
92726131
92764153
93091978
93226413
93248800
93287099
93432270
93464534
93545062
93702084
93727267
93809064
93834960
93837717
93883840
93903308
94033934
94095161
94095848
94106333
94115110
94121581
94121596
94122808
94130996
94134336
94167141
94188715
94211808
94254459
94351341
94439917
94489698
94527291
94546710
94746692
94812160
95033671
95048895
95053803
95056293
95148615
95237993
95268332
95682919
95790982
95840860
95867809
95914861
95962248
96050487
96057059
96072325
96188072
96234167
96262619
96265978
96267944
96325761
96377839
96548466
96630158
96651489
96680964
96689425
96694346
96706733
96779869
96868269
96954799
96956582
97108295
97118661
97136189
97317394
97454596
97519155
97555496
97609627
97810989
97811668
97820096
97939153
98037182
98262892
98361935
98389500
98424060
98538900
98577514
98581545
98616584
98669004
98689990
98705628
98793381
98817639
98874602
98930081
98972866
99002846
99049679
99074573
99174294
99186859
99363635
99471545
99504190
99558808
99635905
99669008
99683742
99754888
99821931
99856492
99993333
