15258
30045
36318
148411
152276
225065
241425
249486
252300
261077
280797
283763
300809
313051
318424
323647
362579
364738
417755
442896
510593
525121
525339
528818
531230
551464
557221
567507
572533
612074
619675
663076
666118
669640
689857
712292
749811
755761
756000
758114
793717
823740
921575
951071
958737
964655
979350
994437
1087025
1116595
1174567
1179891
1189177
1190836
1222043
1244647
1277661
1302131
1306664
1408619
1466908
1476671
1504017
1528002
1528784
1556713
1572257
1610793
1612585
1622250
1635025
1661792
1695338
1740141
1775050
1806071
1852055
1897107
1908355
1955482
1956051
1985064
1991182
1999935
2060334
2076421
2179998
2188768
2265801
2294021
2330626
2354660
2364918
2367868
2402103
2404569
2450383
2470436
2514610
2525804
2620588
2626281
2644755
2709892
2785102
2787051
2793487
2794187
2840275
2842872
2850704
2862217
2923705
2953386
2965436
2975800
3005311
3015221
3018170
3040315
3048761
3054271
3057825
3059841
3072000
3075294
3094170
3154435
3176703
3196458
3238177
3250114
3299540
3303981
3338265
3400787
3402177
3469303
3483062
3536677
3541234
3543754
3602959
3622199
3640675
3641463
3679554
3711392
3738112
3741112
3745608
3803408
3820094
3826570
3826912
3860876
3869132
3883161
3905675
3908293
3947876
3970652
3997366
4010222
4018828
4047064
4108576
4134414
4172073
4253786
4255158
4289274
4306148
4332108
4384184
4448377
4472636
4475467
4493804
4537716
4573378
4601914
4637330
4650885
4710965
4711742
4716429
4749375
4822367
4842463
4844123
4844541
4890906
4903514
4951410
4960402
4963675
4988960
5046684
5068868
5073971
5109149
5153710
5179235
5196027
5203596
5213203
5239933
5269578
5276728
5277360
5306138
5308120
5312085
5337433
5374411
5391826
5428016
5429311
5445179
5457114
5460951
5491962
5497624
5512717
5567311
5589974
5610478
5636858
5662608
5662902
5676607
5731951
5746466
5750881
5763958
5787471
5840800
5848293
5862026
5864999
5866722
5895455
5920861
5953226
5979640
6133664
6146778
6165484
6178311
6196876
6276472
6352023
6385738
6400153
6418532
6472149
6499936
6523087
6539623
6555200
6565545
6573324
6582177
6584107
6593279
6610247
6653660
6654925
6662993
6711463
6738039
6770363
6806488
6857403
6892274
7050169
7054427
7059663
7073282
7108666
7131535
7176911
7222175
7243802
7258873
7282920
7289868
7326202
7507051
7526150
7553845
7573494
7578932
7579969
7741583
7755461
7788536
7810373
7826185
7850634
7854867
7884683
7892316
7894732
7933841
7935194
8012658
8033349
8089865
8113350
8154667
8198939
8212028
8227253
8259234
8290890
8295704
8321421
8340136
8350439
8354518
8375528
8385128
8421764
8476417
8526624
8565854
8622307
8626780
8634963
8642259
8661374
8715511
8727533
8757736
8800284
8807897
8915040
8992653
9029651
9065415
9073458
9084727
9115582
9146583
9163217
9242035
9258886
9276496
9333982
9392153
9395811
9409676
9412305
9482891
9529745
9532841
9546879
9557202
9572147
9665582
9730816
9800060
9817181
9825327
9867929
9911548
9951695
10004193
10045930
10059065
10062928
10160366
10174298
10185411
10242152
10246918
10249009
10266490
10295045
10307107
10320032
10326819
10334671
10336435
10341674
10354515
10384196
10385746
10396626
10410292
10410464
10564918
10565178
10594747
10598058
10611230
10650895
10665315
10673171
10688142
10729082
10748621
10752170
10761388
10785229
10804630
10806504
10810596
10848550
10863007
10875666
10893645
10911889
10919450
10927566
10930364
10935737
10947618
10951470
10963280
10997798
10998783
11080992
11088534
11170220
11238696
11244868
11261615
11287402
11292575
11324953
11325010
11370600
11407399
11425202
11512983
11513897
11541593
11558331
11581805
11589372
11683640
11689721
11732620
11768510
11770277
11796100
11837900
11843199
11845481
11861401
11906541
11911648
11916266
11963727
11966774
12024023
12030528
12041846
12073982
12111476
12150456
12241992
12252763
12276687
12319162
12322278
12370482
12378833
12422200
12446630
12563064
12563731
12603359
12608719
12639794
12742369
12765508
12765538
12799594
12828562
12847809
12875079
12899300
12985767
12988205
13006570
13021943
13161602
13192642
13212335
13229120
13257520
13291440
13319170
13334371
13342009
13362002
13457937
13696437
13709679
13727403
13793612
13823297
13833727
13855752
13899577
13904525
13931587
13946330
13959593
14035834
14051372
14088198
14128952
14132911
14221371
14289283
14300895
14301686
14324249
14355856
14362114
14431666
14443066
14486812
14490710
14508629
14541481
14554755
14782116
14794641
14814392
14824510
14835693
14836227
14838985
14853975
14933620
14947544
14968414
14983564
15026516
15045649
15116199
15118277
15140436
15171676
15193679
15199761
15200642
15224564
15357485
15409669
15412588
15446045
15457654
15459553
15497841
15502810
15516479
15525086
15544976
15553381
15584694
15631143
15740354
15747089
15794135
15826995
15899939
15904066
15929296
15938945
15984187
15987614
15990234
15999853
16042438
16056817
16061567
16100609
16108154
16139714
16176021
16230271
16260319
16273916
16345529
16346111
16363008
16378720
16410822
16416347
16430044
16441769
16441776
16460222
16462303
16462367
16466146
16507436
16535229
16592797
16606790
16645367
16673069
16677140
16681033
16694312
16739121
16755486
16829802
16830029
16899653
16909291
16913468
17001648
17005838
17011453
17031072
17067069
17114741
17121255
17129223
17132510
17146332
17187068
17218737
17258598
17288112
17292833
17293096
17298660
17321468
17370613
17372240
17378056
17439475
17445649
17460074
17461239
17466140
17507288
17509826
17577016
17585518
17679407
17683178
17702511
17745347
17800324
17822473
17824552
17867237
17890009
17933832
18001857
18083112
18126668
18151749
18161409
18250620
18255892
18264225
18272345
18276678
18281977
18316567
18327810
18358869
18367119
18450072
18514801
18541257
18566606
18580017
18599439
18636097
18651191
18659377
18690734
18704846
18770310
18829471
18831405
18834897
18868588
18870419
18880631
18902750
18927852
18941576
18950899
18985157
18989603
18992552
18996942
19057842
19135447
19151295
19176817
19241576
19343393
19366384
19389752
19399529
19441353
19500205
19541914
19554958
19558539
19567029
19616799
19623648
19647722
19687211
19774776
19790231
19790439
19811160
19813125
19844414
19867006
19912768
19967509
19995941
20039441
20040858
20055831
20071659
20131119
20159299
20163159
20255436
20290966
20324174
20425169
20447726
20447789
20518494
20647735
20685222
20703266
20766663
20778197
20800800
20817821
20845288
20854571
20920045
20959019
20959553
20975658
20995004
21001844
21011669
21058210
21069941
21138929
21218880
21259417
21267601
21280920
21384603
21468169
21472254
21478658
21514402
21516171
21526039
21533037
21617985
21628353
21692579
21700251
21724947
21835235
21839202
21860014
21866790
21902163
21922999
21923609
21940050
21962747
21972386
22012465
22026169
22050742
22103620
22130558
22148304
22161224
22169380
22175810
22176385
22184115
22188488
22311565
22365218
22371830
22374636
22493041
22509790
22515963
22533609
22556012
22573334
22594017
22599230
22678623
22683527
22804557
22896917
22957304
22961395
23044920
23083908
23151952
23176440
23271054
23274437
23275404
23309940
23313529
23314692
23382476
23405301
23405836
23412626
23434654
23444045
23497964
23501344
23531962
23537880
23623409
23666170
23674160
23683313
23748832
23784054
23812027
23843074
23877247
23913332
23969260
24041807
24051971
24064248
24075880
24117141
24130606
24168094
24170551
24171068
24174589
24210415
24229252
24235235
24242234
24261455
24355174
24359251
24388427
24436260
24442782
24460104
24500812
24501781
24504426
24506082
24559859
24568795
24569451
24583671
24606012
24659166
24666891
24701802
24843618
24879673
24894689
24895628
24960771
24961985
25008130
25029283
25066246
25140008
25142914
25173087
25211054
25212523
25242001
25249886
25389797
25392150
25431319
25492114
25493262
25497686
25520551
25522114
25569718
25596948
25621759
25647690
25661631
25667268
25701982
25722375
25795066
25807311
25862077
25877022
25878042
25883743
25907443
25952144
26038824
26054995
26075898
26131300
26161790
26186000
26234442
26250847
26260352
26275465
26282450
26303904
26364874
26368659
26401239
26410417
26467102
26496165
26528589
26533227
26534940
26550683
26599503
26621717
26655818
26660074
26693389
26704057
26717900
26754723
26803085
26814141
26952250
26956282
26990987
27026319
27029603
27046149
27087206
27094401
27150087
27152055
27173926
27227367
27245123
27246460
27252261
27291243
27313329
27315160
27424558
27442522
27454838
27461625
27468322
27472001
27472649
27566657
27573362
27573370
27582962
27724570
27725955
27743786
27753900
27822566
27828450
27829420
27900333
27970354
27973684
28032261
28041161
28121848
28148906
28167060
28199615
28212577
28235496
28338376
28374607
28399131
28414019
28466042
28480301
28547554
28575245
28601613
28638141
28638338
28646031
28655699
28671681
28690107
28696695
28719228
28757009
28770686
28781200
28792563
28812012
28818610
28828564
28835956
28877586
28943638
28945871
28968895
28981979
29002723
29004710
29029994
29049288
29116071
29170115
29219817
29264958
29271187
29312138
29328692
29336445
29419413
29451467
29509870
29512150
29528653
29540403
29597657
29626437
29635827
29664925
29682790
29699152
29711113
29726118
29739219
29747044
29809098
29811734
29849417
29860836
29902815
29919021
29947871
29998093
29998244
30046407
30063184
30092346
30133185
30177873
30244197
30248707
30268352
30272933
30296374
30340560
30409407
30433029
30450727
30507337
30511366
30543322
30556183
30572541
30610864
30632022
30647107
30650477
30661231
30713039
30725293
30828757
30859901
30898013
30917650
30938461
30945897
30984431
30989553
30998397
30999716
31024220
31046203
31075385
31083056
31086600
31113601
31121932
31177444
31201442
31229538
31261416
31276073
31287045
31310004
31332957
31338471
31368203
31391571
31421082
31429065
31442382
31443105
31475553
31522295
31527730
31556394
31560726
31568561
31594152
31644546
31653440
31675621
31692298
31696766
31711212
31729355
31778360
31791694
31808062
31839125
31878949
32088158
32122632
32292689
32543210
32590274
32625994
32632537
32651114
32661523
32669375
32671012
32672107
32682848
32799198
32802369
32815849
32867463
32905006
32921924
32936545
32954072
32958361
32964311
32982535
33050832
33070691
33163539
33174090
33194731
33195222
33198261
33229908
33264033
33360695
33385214
33401749
33412503
33463169
33472585
33515136
33531442
33599904
33617375
33664128
33699604
33706260
33734546
33740451
33755411
33780816
33796596
33823654
33862644
33873784
33885024
33922959
34018599
34082531
34096370
34112294
34141583
34239543
34247069
34254476
34267198
34276643
34314811
34328270
34329649
34330897
34339038
34350431
34407806
34419691
34455400
34457399
34472384
34487705
34633117
34645096
34652444
34680831
34703243
34741940
34750953
34758490
34862550
34918249
34923294
35013119
35028096
35039666
35089244
35093050
35098866
35148958
35198183
35220606
35223918
35250098
35278181
35297331
35301078
35306271
35335401
35352919
35384324
35428258
35430084
35456121
35485340
35556429
35639230
35671946
35675331
35739587
35810543
35823283
35851225
35854953
35863356
35868450
35891963
35915510
35932238
35953627
35996233
36045162
36093256
36176530
36221415
36235630
36289318
36316064
36353577
36384699
36410050
36481199
36488979
36509693
36521936
36534106
36542568
36559949
36567743
36621699
36626498
36627436
36656410
36687931
36693665
36776070
36786160
36799255
36810286
36845581
36866238
36884892
36923605
36927837
36934501
36946251
36962896
36976762
36997448
37022174
37064726
37079850
37094764
37097036
37112380
37118840
37128917
37156645
37198584
37226711
37229332
37259030
37283568
37298209
37316802
37335716
37358804
37376715
37377417
37435331
37494976
37533479
37555869
37585623
37588495
37606581
37621602
37650303
37652670
37659392
37708873
37749266
37771347
37809621
37810730
37814529
37817274
37826489
37831719
37833338
37864367
37891821
37941860
37963169
37966049
38021794
38073600
38078407
38101026
38114341
38147115
38157794
38200674
38200964
38201262
38290917
38325208
38328126
38413412
38414375
38464728
38532294
38571038
38574615
38575358
38586206
38632605
38658343
38665859
38667883
38670723
38851693
38858159
38864489
38874333
38889098
38927977
38947266
38981100
39002149
39002149
39067591
39079358
39093806
39111156
39135304
39135489
39138724
39173886
39178808
39185910
39186805
39269831
39347392
39408149
39420865
39433079
39455886
39496613
39516163
39525806
39531623
39534142
39551864
39675628
39710118
39718633
39762955
39814983
39869823
39992028
39999903
40006781
40016161
40028053
40106346
40115821
40118082
40141048
40148631
40150308
40210690
40216243
40277957
40282462
40283817
40287037
40292942
40315829
40328370
40368202
40384509
40391367
40411538
40424717
40453732
40462008
40484446
40517742
40551601
40568921
40584173
40588326
40605239
40615239
40641627
40737911
40803054
40811457
40817118
40871978
40960839
40961239
40987397
41028335
41030824
41046957
41053196
41071033
41091074
41151599
41168471
41185564
41191017
41209395
41211171
41218861
41240104
41373543
41382088
41384343
41391187
41393739
41425303
41460969
41497691
41565785
41590098
41608419
41621678
41623112
41639173
41727135
41750758
41756677
41784305
41832187
41844960
41846116
41928007
41939243
41953473
42009658
42062283
42076778
42124445
42127839
42168992
42205346
42208629
42239901
42244141
42299145
42307405
42329101
42340229
42426681
42433195
42433337
42446479
42447267
42463931
42494081
42508158
42532824
42534559
42613697
42640681
42714538
42730354
42749318
42775270
42779346
42782335
42798564
42838842
42842296
42851580
42853938
42880740
42913173
42936146
42953502
42984266
43015552
43038105
43078544
43117833
43162028
43229941
43264165
43299332
43303517
43317315
43324225
43341782
43348019
43406023
43451918
43522140
43543763
43545884
43588404
43612957
43682948
43709877
43720349
43724497
43782443
43810224
43837740
43842961
43874082
43899686
43929837
43965152
43965669
43978012
44015480
44039139
44055611
44063552
44074455
44080877
44081890
44095546
44107070
44139914
44180008
44195254
44270654
44277709
44308733
44311905
44315068
44320627
44329968
44343701
44386869
44395995
44470674
44602587
44643360
44646631
44669467
44677235
44695440
44709577
44710209
44747611
44754100
44850709
44903978
44928324
44946408
44956074
44989284
45054712
45102434
45163054
45185588
45211912
45222070
45306893
45315869
45371202
45392264
45433439
45454866
45488145
45513261
45563322
45572799
45626418
45639331
45664951
45696621
45702070
45746075
45829614
45878726
45884669
45893605
45933521
45948370
45957828
45958519
45990040
45995815
46000072
46043037
46047202
46075702
46112007
46127407
46137323
46177399
46190247
46245623
46248453
46281290
46282675
46292865
46331144
46343359
46395091
46417011
46423532
46435533
46448821
46454719
46475459
46495284
46519747
46546760
46547935
46642862
46648469
46660754
46696072
46702491
46721930
46723775
46798189
46800204
46804210
46876929
46907429
46931843
46939498
46956953
46964485
46996329
47056805
47106679
47213245
47213748
47232432
47250378
47259209
47350868
47406817
47409994
47435113
47444117
47466316
47521419
47528593
47542286
47567114
47584815
47604206
47699228
47717732
47723333
47760411
47783085
47785150
47798571
47834829
47896723
47952578
47968231
47991684
48020336
48064956
48093927
48097903
48222345
48256604
48267105
48303555
48308781
48363128
48449130
48511871
48516800
48541994
48545546
48545741
48598176
48610746
48663165
48664429
48685074
48689396
48720309
48726026
48754057
48756477
48823815
48828705
48829423
48838058
48858918
48859085
48865736
48884504
48889259
48940540
48968460
49047220
49149094
49189821
49200844
49201525
49254491
49290865
49291902
49299401
49321260
49375828
49375922
49412815
49437030
49495718
49518181
49525245
49566775
49572643
49679044
49688289
49797074
49798417
49838528
49891476
49906516
49907652
49947424
49960234
49996398
50038522
50062507
50087075
50098405
50113056
50121782
50130124
50151347
50154807
50157856
50212061
50247684
50263486
50275698
50281065
50366140
50372976
50389456
50413704
50460736
50467408
50470642
50473401
50520299
50533170
50537871
50546875
50549143
50606895
50715750
50762293
50812907
50854193
50861856
50867580
50880417
50932792
50977095
50977988
50982367
51005569
51013522
51031194
51051617
51137550
51156371
51162797
51174552
51182656
51195471
51207183
51208467
51241306
51246231
51285426
51291643
51305309
51309603
51396309
51401055
51405138
51431744
51433832
51463169
51474637
51510618
51581092
51607513
51637118
51728065
51730457
51753064
51759462
51762323
51768162
51768187
51805103
51837512
51886423
51898869
52013781
52033187
52079080
52123594
52154004
52195439
52198330
52236552
52262070
52278184
52334151
52336949
52351659
52365418
52389043
52405292
52407370
52408203
52413054
52428678
52481106
52487853
52499332
52544564
52559855
52568897
52577407
52595547
52634641
52655554
52660601
52678731
52721608
52795125
52836466
52845976
52885361
52907220
52914666
52955825
52964679
52966552
53011103
53052872
53061371
53081780
53163783
53224243
53257316
53310273
53319693
53321268
53329149
53373389
53443325
53451518
53453456
53492579
53504518
53511451
53521190
53522584
53531269
53564741
53615516
53625979
53636224
53662896
53681906
53741186
53774440
53821627
53874083
53906388
53906970
53908268
54057551
54058456
54080803
54087221
54102191
54111278
54112535
54150434
54172629
54183882
54202660
54231743
54278136
54308754
54314374
54323017
54366288
54387705
54390585
54444443
54452211
54452675
54478914
54506979
54531379
54611853
54634458
54649585
54656137
54666357
54686663
54690522
54702548
54712934
54808661
54823380
54828652
54872792
54914056
54946703
54955270
55064155
55143041
55149434
55162254
55187206
55202142
55216934
55252026
55266561
55283544
55334807
55372749
55438147
55439049
55448757
55515387
55531855
55574792
55599768
55602177
55614530
55680237
55685833
55742427
55746877
55753230
55779142
55779421
55811159
55890332
55892172
56000199
56009397
56012432
56016391
56021548
56031949
56043329
56058948
56066894
56114438
56125059
56180965
56199283
56245420
56275541
56309299
56310351
56319989
56325312
56345222
56368701
56377144
56387631
56401347
56405561
56432797
56552405
56593196
56609761
56649608
56651714
56696603
56706408
56728176
56730104
56767897
56781883
56785792
56896650
56947648
56983595
57003821
57071754
57149657
57225606
57245196
57254283
57260873
57307079
57315242
57329378
57436938
57484332
57496679
57516543
57571449
57582106
57605482
57607158
57614035
57623844
57626586
57642848
57663106
57734664
57755044
57781280
57786600
57810893
57820269
57821702
57822679
57828322
57844043
57927240
57952713
58004746
58022259
58046121
58128693
58131891
58158927
58187164
58223169
58224752
58291421
58304699
58317846
58381847
58406861
58414761
58416885
58422718
58427106
58437715
58459023
58473036
58530513
58531335
58538574
58566084
58605923
58624282
58725555
58765157
58769211
58774369
58774410
58796915
58932957
59046318
59096233
59096994
59102891
59105474
59110240
59182422
59206988
59297477
59370874
59373342
59414855
59450525
59469045
59475468
59508593
59514414
59519511
59543124
59554797
59596749
59629156
59713228
59721850
59738922
59743647
59776403
59805274
59837040
59843030
59859425
59873364
59933651
59952021
59988512
60027561
60048921
60183688
60233109
60265344
60283171
60295854
60304549
60339661
60381872
60389959
60393907
60418028
60528753
60553389
60599205
60603006
60631659
60649662
60657706
60672992
60736122
60793192
60822882
60837820
60844367
60860598
60865716
60882134
60900712
60902388
60936745
60938584
60943328
60972330
60974320
60994099
60994641
61002936
61011045
61040531
61049271
61086602
61090151
61096504
61105380
61126148
61245854
61283698
61311198
61360576
61372279
61374664
61393774
61443327
61465074
61513051
61539394
61562439
61638588
61713878
61720299
61804886
61842872
61905801
61910595
61917870
61920481
61931843
61951062
61961507
62003801
62004625
62079304
62084875
62091917
62094086
62098529
62105274
62115491
62197020
62243665
62258117
62304716
62324384
62329892
62342318
62372485
62376265
62378225
62429157
62501581
62629679
62718249
62755107
62770259
62829693
62842739
62852614
62923897
62936922
62974512
62977390
62979331
62987658
63050055
63091825
63099631
63105574
63105873
63139561
63159204
63168458
63185568
63203870
63208360
63293723
63326012
63349748
63371204
63377478
63381879
63384274
63392022
63403847
63441745
63462882
63507779
63598881
63678465
63695807
63739613
63770982
63797063
63823770
63832924
63833356
63885515
63900641
63913031
63932276
63963658
64037929
64043069
64098021
64143373
64155173
64199096
64200880
64244794
64323894
64331455
64393505
64415747
64493785
64497414
64512018
64530701
64627469
64641282
64652692
64653298
64656892
64671843
64704108
64713293
64766831
64829045
64837470
64894561
64918663
64965075
64968312
65004644
65010812
65018710
65031170
65054471
65084703
65163723
65215209
65225970
65241935
65259288
65308389
65310740
65326536
65331088
65337700
65338642
65381889
65396280
65403611
65465868
65470701
65474448
65478637
65505103
65518341
65538034
65612722
65649343
65654492
65712893
65714312
65721535
65745732
65792223
65805440
65820717
65836611
65871951
65944502
65964007
65967977
65975897
66022719
66087623
66097921
66133395
66142312
66144817
66148466
66190244
66199348
66255349
66297762
66306373
66335285
66344890
66355764
66406223
66494960
66517871
66527722
66543918
66580283
66608944
66622632
66626124
66627248
66643799
66645662
66658866
66688645
66737685
66802224
66822371
66875917
66914882
66921048
67006579
67009816
67111190
67123695
67127462
67148968
67202700
67239000
67253231
67253952
67262461
67285626
67289257
67297811
67322051
67355775
67364516
67454127
67512350
67544708
67547945
67550570
67594010
67715254
67737770
67749156
67800243
67825540
67848571
67854740
67854801
67868606
67901389
67906811
67914644
67927483
67931126
67931981
67961345
67967704
67973465
67981716
67986074
67989453
68028189
68040439
68062523
68109085
68127627
68199767
68207243
68219843
68254157
68277164
68290470
68314612
68322711
68325068
68348929
68351099
68351445
68382714
68390213
68402612
68432317
68452837
68473822
68479905
68497341
68551379
68608855
68667325
68773039
68775035
68812183
68839699
68841268
68876906
68890634
68966358
69001823
69105659
69121384
69126413
69152985
69166637
69178182
69216974
69264954
69296720
69346939
69365567
69377141
69390641
69443560
69450067
69464726
69485563
69538155
69556058
69570830
69591737
69627574
69658497
69678078
69686485
69749308
69756635
69777662
69789719
69802746
69840719
69849465
69891415
69893475
69914938
69916941
69918765
69948393
70000102
70022731
70034759
70051074
70088320
70215996
70226774
70241014
70262666
70267103
70372063
70373718
70424362
70445139
70456522
70459384
70503729
70634350
70714270
70721439
70769148
70786088
70831362
70839276
70861490
70866030
70895300
70935188
70949043
70960045
70965134
71000346
71007728
71020342
71026374
71083320
71092642
71150221
71158065
71222473
71235162
71260237
71293704
71302308
71322481
71366996
71368142
71396619
71415118
71438435
71438742
71508292
71512023
71526509
71544192
71555942
71557894
71614201
71630483
71679876
71721893
71736427
71767575
71798011
71837492
71848477
71855949
71857032
71884490
71906109
72016311
72045789
72077270
72113775
72125194
72140474
72182909
72190974
72215071
72217755
72246087
72328155
72346543
72353046
72364922
72406529
72430904
72435300
72441039
72614925
72618880
72632149
72636398
72684286
72693834
72701597
72704399
72705962
72706112
72710721
72744195
72767573
72808012
72815674
72888744
72923370
73017557
73052086
73062917
73080524
73097801
73104229
73142608
73152318
73178838
73247297
73268736
73339207
73342179
73398257
73402390
73417032
73476117
73511423
73540824
73573616
73612944
73637070
73658791
73739732
73784837
73796171
73808061
73815318
73835044
73902070
73923862
73972712
73978481
74040910
74055919
74073496
74083771
74094428
74124914
74137959
74143954
74166994
74173343
74191174
74242891
74279778
74298143
74346132
74350501
74415211
74437614
74441842
74561245
74581707
74647487
74655260
74698433
74703885
74706093
74711119
74724433
74759924
74763510
74842921
74863616
74924605
74937592
74996847
75036024
75054732
75105392
75124516
75182897
75252024
75287592
75306605
75319131
75350813
75368081
75397390
75452113
75453066
75480245
75622952
75655930
75688691
75689553
75704259
75717783
75717853
75734920
75770819
75783437
75787080
75791404
75930513
75981946
75996617
76048631
76057085
76062013
76067343
76087159
76111777
76118393
76141291
76310531
76321232
76342417
76396793
76440486
76473392
76485454
76587105
76593772
76612373
76629192
76675429
76680072
76691063
76719472
76721435
76730997
76779308
76780439
76791554
76835167
76913233
76929536
76946868
76985770
77025301
77063305
77063804
77065113
77088256
77090477
77097422
77115487
77148188
77156724
77246714
77280345
77294903
77318055
77319789
77342897
77361607
77377877
77397006
77415745
77423900
77451719
77459347
77467025
77494328
77525722
77537823
77541723
77556998
77631593
77634840
77674044
77713146
77762372
77790591
77818847
77838760
77877671
77885747
77896358
77928065
77940186
77999671
78078178
78082324
78130269
78201779
78232753
78239123
78258298
78275962
78279436
78317302
78326225
78328543
78347479
78382004
78383790
78393953
78400718
78412455
78481364
78557938
78560473
78563312
78573127
78650755
78666645
78704063
78715193
78734632
78748380
78750353
78814930
78840422
78855650
78872601
78878086
78933598
78938417
78939803
78957811
78963682
78977362
78989997
79006815
79027494
79028480
79031475
79047254
79065203
79096221
79106050
79200902
79209166
79214931
79218313
79234400
79243956
79260104
79276905
79285388
79353739
79364373
79381723
79410640
79488535
79514784
79643147
79666303
79733918
79751887
79760933
79761042
79766980
79827572
79947781
79964506
80020487
80058176
80076779
80099405
80130320
80149789
80168308
80201721
80250654
80305347
80306750
80316164
80320455
80331743
80351300
80354066
80358347
80469491
80525494
80534697
80548626
80570432
80587910
80631262
80643978
80659540
80707943
80737262
80744364
80755227
80771081
80802397
80836502
80862280
80872321
80913674
80932762
80991730
80995885
81010362
81020680
81025385
81115218
81264585
81307947
81311405
81566801
81592865
81598842
81625178
81650075
81655600
81678767
81836158
81857255
81906348
81949971
81985494
82008979
82016736
82017609
82081655
82122712
82148857
82165540
82216269
82222391
82254463
82274123
82332331
82385725
82488888
82492952
82509723
82514873
82553536
82576535
82606210
82608680
82631865
82656988
82658029
82675222
82758301
82767856
82791601
82799978
82807642
82870012
82894357
82942014
82956655
82978513
82985510
83019231
83019921
83045526
83051748
83058734
83102340
83114628
83131954
83135906
83164081
83171832
83187305
83203027
83209164
83243827
83245960
83278066
83288573
83297346
83321373
83376904
83432349
83452417
83505860
83510387
83517118
83557288
83563190
83569341
83583590
83610971
83666684
83673440
83679251
83714659
83820388
83833068
83836506
83838462
83853768
83873275
83878795
83915670
83936626
83991907
84038997
84087607
84110245
84151632
84152931
84220080
84231681
84278978
84310136
84327047
84327779
84367404
84407144
84429666
84462875
84526938
84528122
84578627
84597416
84648982
84650526
84663560
84749365
84785425
84855399
84865292
84937282
84964461
84979010
84988754
84992404
84999305
85043728
85061332
85076569
85121954
85219641
85235548
85243699
85246157
85272177
85290181
85311182
85315302
85333926
85378361
85444037
85481448
85505947
85561343
85612737
85630456
85644437
85663332
85676892
85688734
85694053
85719521
85739364
85752758
85756542
85815395
85826053
85837057
85875959
85908778
85946573
85954419
85997396
86002789
86012296
86086250
86087288
86159807
86174884
86263943
86283139
86322860
86374107
86381643
86397377
86452743
86534353
86578636
86609719
86613919
86676846
86690384
86726127
86750547
86750632
86762542
86775313
86842896
86851353
86888015
86892971
86899703
86913238
86936474
86948610
87004434
87033937
87113446
87228872
87258179
87271524
87306108
87365530
87472662
87512848
87536935
87547346
87568271
87604119
87629437
87683470
87688752
87733508
87739393
87748862
87751371
87785136
87793414
87863732
87886934
87897202
87924739
87946385
87994734
88003698
88039373
88095098
88114337
88119059
88134839
88144936
88199246
88284984
88346788
88355084
88360448
88365439
88382836
88398426
88403012
88407407
88411184
88435581
88592297
88632346
88689573
88690870
88716309
88721290
88745285
88755496
88785640
88789892
88803276
88807495
88819553
88845963
88878925
88909702
88916902
88945069
88961776
89001356
89004141
89007820
89012039
89025133
89051847
89057817
89169582
89231673
89254083
89340899
89386987
89403609
89426769
89432406
89435576
89436865
89443134
89461333
89466240
89479775
89521696
89530031
89552661
89569811
89582714
89611896
89617909
89689859
89724350
89734586
89766516
89776684
89777847
89784992
89790730
89808575
89845647
89895424
89909060
89936193
89939847
89950550
89961820
89970318
90004138
90098307
90118680
90124911
90144425
90150558
90176415
90191395
90255499
90319321
90327657
90357692
90433905
90448683
90459925
90470412
90478959
90525672
90550994
90634296
90700238
90736003
90748714
90752252
90766213
90822212
90856348
90862094
90865794
90946293
90975165
90983307
91010453
91068284
91071657
91079298
91086385
91107846
91164232
91217657
91234005
91306990
91307693
91319933
91338957
91373915
91404123
91434016
91449703
91504321
91578708
91596693
91650476
91667190
91708956
91729114
91781180
91792061
91794186
91867698
91869263
91896463
91921615
91935846
92003346
92021743
92049422
92084195
92121458
92132020
92134859
92139147
92173473
92181541
92189908
92194115
92199057
92237449
92284393
92289030
92311156
92332578
92373959
92419352
92459246
92472913
92474926
92495814
92501798
92575105
92653080
92697181
92707396
92809926
92822199
92826634
92829647
92832418
92869157
92890108
92918394
92920811
92994280
93000071
93033914
93035709
93058760
93060541
93129764
93172234
93188651
93251091
93275664
93275762
93283674
93301426
93321132
93341525
93369625
93435529
93461725
93567845
93587220
93599261
93604614
93608836
93610777
93614518
93686809
93696717
93721187
93726218
93753673
93757782
93771288
93799538
93802044
93825542
93831168
93854033
93860753
93914559
93969845
93981586
94029321
94167739
94176682
94179722
94205903
94232682
94236710
94251718
94259554
94264334
94271076
94278880
94360539
94378375
94400107
94409700
94425326
94479054
94575329
94632394
94646132
94665322
94677599
94803607
94826688
94837164
94837775
94853536
94882295
94982357
95003810
95015405
95021599
95050479
95120127
95137456
95152809
95159863
95194464
95207354
95333272
95349274
95371161
95404501
95451144
95453129
95471308
95472245
95478459
95478650
95499509
95515438
95537051
95682140
95709410
95751001
95753019
95754431
95771313
95816934
95848589
95849643
95892826
95893718
95895507
95932305
95937519
95941632
95964312
96029477
96030057
96107711
96117003
96128297
96139206
96152590
96196960
96201077
96247097
96403906
96415817
96425063
96437021
96449022
96457085
96460289
96491986
96501784
96511689
96532352
96559993
96590903
96600292
96624315
96669718
96674900
96685696
96699252
96762129
96884779
96913882
96973425
96991601
97060452
97114260
97118215
97152461
97156384
97219791
97235082
97271146
97279578
97305002
97315535
97339667
97396379
97416522
97497006
97517638
97519443
97543680
97661169
97673632
97682514
97686801
97758052
97780567
97848128
97863518
97898613
97933008
97938163
97943683
97968970
97972345
97995188
98033901
98039202
98052065
98052567
98078028
98093839
98191026
98194022
98259834
98260652
98323522
98334196
98381373
98393878
98399863
98415070
98425697
98458025
98530798
98560087
98570537
98574263
98589502
98599437
98605533
98633136
98710898
98721299
98751650
98791282
98815733
98879389
98881617
98882418
98911100
98948276
98976542
99057272
99073976
99126654
99128242
99140829
99244386
99256316
99257184
99268434
99282879
99286577
99295095
99302953
99325029
99344598
99346615
99354664
99369227
99393151
99433834
99453686
99533027
99557618
99558802
99566898
99605099
99610028
99617568
99662066
99670603
99784088
99794708
99816099
99831607
99899533
99905665
99910334
99994138
